        -:    0:Source:chisel_grep-2.4.2_p0.2train.c
        -:    0:Graph:chisel_grep-2.4.2_p0.2train.gcno
        -:    0:Data:chisel_grep-2.4.2_p0.2train.gcda
        -:    0:Runs:1
        -:    0:Programs:1
        -:    1:/* Generated by CIL v. 1.7.3 */
        -:    2:/* print_CIL_Input is true */
        -:    3:
        -:    4:typedef int __int32_t;
        -:    5:typedef unsigned long __dev_t;
        -:    6:typedef unsigned int __uid_t;
        -:    7:typedef unsigned int __gid_t;
        -:    8:typedef unsigned long __ino_t;
        -:    9:typedef unsigned int __mode_t;
        -:   10:typedef unsigned long __nlink_t;
        -:   11:typedef long __off_t;
        -:   12:typedef long __off64_t;
        -:   13:typedef long __time_t;
        -:   14:typedef long __blksize_t;
        -:   15:typedef long __blkcnt_t;
        -:   16:typedef long __ssize_t;
        -:   17:typedef long __syscall_slong_t;
        -:   18:typedef char *__caddr_t;
        -:   19:typedef __off_t off_t;
        -:   20:typedef __ssize_t ssize_t;
        -:   21:typedef __caddr_t caddr_t;
        -:   22:typedef unsigned long size_t;
        -:   23:struct timespec {
        -:   24:   __time_t tv_sec ;
        -:   25:   __syscall_slong_t tv_nsec ;
        -:   26:};
        -:   27:struct stat {
        -:   28:   __dev_t st_dev ;
        -:   29:   __ino_t st_ino ;
        -:   30:   __nlink_t st_nlink ;
        -:   31:   __mode_t st_mode ;
        -:   32:   __uid_t st_uid ;
        -:   33:   __gid_t st_gid ;
        -:   34:   int __pad0 ;
        -:   35:   __dev_t st_rdev ;
        -:   36:   __off_t st_size ;
        -:   37:   __blksize_t st_blksize ;
        -:   38:   __blkcnt_t st_blocks ;
        -:   39:   struct timespec st_atim ;
        -:   40:   struct timespec st_mtim ;
        -:   41:   struct timespec st_ctim ;
        -:   42:   __syscall_slong_t __glibc_reserved[3] ;
        -:   43:};
        -:   44:struct _IO_FILE;
        -:   45:struct _IO_FILE;
        -:   46:typedef struct _IO_FILE FILE;
        -:   47:typedef void _IO_lock_t;
        -:   48:struct _IO_marker {
        -:   49:   struct _IO_marker *_next ;
        -:   50:   struct _IO_FILE *_sbuf ;
        -:   51:   int _pos ;
        -:   52:};
        -:   53:struct _IO_FILE {
        -:   54:   int _flags ;
        -:   55:   char *_IO_read_ptr ;
        -:   56:   char *_IO_read_end ;
        -:   57:   char *_IO_read_base ;
        -:   58:   char *_IO_write_base ;
        -:   59:   char *_IO_write_ptr ;
        -:   60:   char *_IO_write_end ;
        -:   61:   char *_IO_buf_base ;
        -:   62:   char *_IO_buf_end ;
        -:   63:   char *_IO_save_base ;
        -:   64:   char *_IO_backup_base ;
        -:   65:   char *_IO_save_end ;
        -:   66:   struct _IO_marker *_markers ;
        -:   67:   struct _IO_FILE *_chain ;
        -:   68:   int _fileno ;
        -:   69:   int _flags2 ;
        -:   70:   __off_t _old_offset ;
        -:   71:   unsigned short _cur_column ;
        -:   72:   signed char _vtable_offset ;
        -:   73:   char _shortbuf[1] ;
        -:   74:   _IO_lock_t *_lock ;
        -:   75:   __off64_t _offset ;
        -:   76:   void *__pad1 ;
        -:   77:   void *__pad2 ;
        -:   78:   void *__pad3 ;
        -:   79:   void *__pad4 ;
        -:   80:   size_t __pad5 ;
        -:   81:   int _mode ;
        -:   82:   char _unused2[(15UL * sizeof(int ) - 4UL * sizeof(void *)) - sizeof(size_t )] ;
        -:   83:};
        -:   84:typedef void *ptr_t;
        -:   85:struct option {
        -:   86:   char const   *name ;
        -:   87:   int has_arg ;
        -:   88:   int *flag ;
        -:   89:   int val ;
        -:   90:};
        -:   91:struct matcher {
        -:   92:   char *name ;
        -:   93:   void (*compile)(char * , size_t  ) ;
        -:   94:   char *(*execute)(char * , size_t  , char ** ) ;
        -:   95:};
        -:   96:struct stats {
        -:   97:   struct stats *parent ;
        -:   98:   struct stat stat ;
        -:   99:};
        -:  100:enum __anonenum_directories_30 {
        -:  101:    READ_DIRECTORIES = 0,
        -:  102:    RECURSE_DIRECTORIES = 1,
        -:  103:    SKIP_DIRECTORIES = 2
        -:  104:} ;
        -:  105:enum __anonenum_binary_files_31 {
        -:  106:    BINARY_BINARY_FILES = 0,
        -:  107:    TEXT_BINARY_FILES = 1,
        -:  108:    WITHOUT_MATCH_BINARY_FILES = 2
        -:  109:} ;
        -:  110:typedef unsigned long active_reg_t;
        -:  111:typedef unsigned long reg_syntax_t;
        -:  112:enum __anonenum_reg_errcode_t_32 {
        -:  113:    REG_NOERROR = 0,
        -:  114:    REG_NOMATCH = 1,
        -:  115:    REG_BADPAT = 2,
        -:  116:    REG_ECOLLATE = 3,
        -:  117:    REG_ECTYPE = 4,
        -:  118:    REG_EESCAPE = 5,
        -:  119:    REG_ESUBREG = 6,
        -:  120:    REG_EBRACK = 7,
        -:  121:    REG_EPAREN = 8,
        -:  122:    REG_EBRACE = 9,
        -:  123:    REG_BADBR = 10,
        -:  124:    REG_ERANGE = 11,
        -:  125:    REG_ESPACE = 12,
        -:  126:    REG_BADRPT = 13,
        -:  127:    REG_EEND = 14,
        -:  128:    REG_ESIZE = 15,
        -:  129:    REG_ERPAREN = 16
        -:  130:} ;
        -:  131:typedef enum __anonenum_reg_errcode_t_32 reg_errcode_t;
        -:  132:struct re_pattern_buffer {
        -:  133:   unsigned char *buffer ;
        -:  134:   unsigned long allocated ;
        -:  135:   unsigned long used ;
        -:  136:   reg_syntax_t syntax ;
        -:  137:   char *fastmap ;
        -:  138:   char *translate ;
        -:  139:   size_t re_nsub ;
        -:  140:   unsigned int can_be_null : 1 ;
        -:  141:   unsigned int regs_allocated : 2 ;
        -:  142:   unsigned int fastmap_accurate : 1 ;
        -:  143:   unsigned int no_sub : 1 ;
        -:  144:   unsigned int not_bol : 1 ;
        -:  145:   unsigned int not_eol : 1 ;
        -:  146:   unsigned int newline_anchor : 1 ;
        -:  147:};
        -:  148:typedef struct re_pattern_buffer regex_t;
        -:  149:typedef int regoff_t;
        -:  150:struct re_registers {
        -:  151:   unsigned int num_regs ;
        -:  152:   regoff_t *start ;
        -:  153:   regoff_t *end ;
        -:  154:};
        -:  155:struct __anonstruct_regmatch_t_33 {
        -:  156:   regoff_t rm_so ;
        -:  157:   regoff_t rm_eo ;
        -:  158:};
        -:  159:typedef struct __anonstruct_regmatch_t_33 regmatch_t;
        -:  160:typedef int charclass[(((unsigned long )(1 << 8) + 8UL * sizeof(int )) - 1UL) / (8UL * sizeof(int ))];
        -:  161:enum __anonenum_token_34 {
        -:  162:    END = -1,
        -:  163:    EMPTY = 256,
        -:  164:    BACKREF = 257,
        -:  165:    BEGLINE = 258,
        -:  166:    ENDLINE = 259,
        -:  167:    BEGWORD = 260,
        -:  168:    ENDWORD = 261,
        -:  169:    LIMWORD = 262,
        -:  170:    NOTLIMWORD = 263,
        -:  171:    QMARK = 264,
        -:  172:    STAR = 265,
        -:  173:    PLUS = 266,
        -:  174:    REPMN = 267,
        -:  175:    CAT = 268,
        -:  176:    OR = 269,
        -:  177:    ORTOP = 270,
        -:  178:    LPAREN = 271,
        -:  179:    RPAREN = 272,
        -:  180:    CSET = 273
        -:  181:} ;
        -:  182:typedef enum __anonenum_token_34 token;
        -:  183:struct __anonstruct_position_35 {
        -:  184:   unsigned int strchr ;
        -:  185:   unsigned int constraint ;
        -:  186:};
        -:  187:typedef struct __anonstruct_position_35 position;
        -:  188:struct __anonstruct_position_set_36 {
        -:  189:   position *elems ;
        -:  190:   int nelem ;
        -:  191:};
        -:  192:typedef struct __anonstruct_position_set_36 position_set;
        -:  193:struct __anonstruct_dfa_state_37 {
        -:  194:   int hash ;
        -:  195:   position_set elems ;
        -:  196:   char newline ;
        -:  197:   char letter ;
        -:  198:   char backref ;
        -:  199:   unsigned char constraint ;
        -:  200:   int first_end ;
        -:  201:};
        -:  202:typedef struct __anonstruct_dfa_state_37 dfa_state;
        -:  203:struct dfamust {
        -:  204:   int exact ;
        -:  205:   char *must ;
        -:  206:   struct dfamust *next ;
        -:  207:};
        -:  208:struct dfa {
        -:  209:   charclass *charclasses ;
        -:  210:   int cindex ;
        -:  211:   int calloc ;
        -:  212:   token *tokens ;
        -:  213:   int tindex ;
        -:  214:   int talloc ;
        -:  215:   int depth ;
        -:  216:   int nleaves ;
        -:  217:   int nregexps ;
        -:  218:   dfa_state *states ;
        -:  219:   int sindex ;
        -:  220:   int salloc ;
        -:  221:   position_set *follows ;
        -:  222:   int searchflag ;
        -:  223:   int tralloc ;
        -:  224:   int trcount ;
        -:  225:   int **trans ;
        -:  226:   int **realtrans ;
        -:  227:   int **fails ;
        -:  228:   int *success ;
        -:  229:   int *newlines ;
        -:  230:   struct dfamust *musts ;
        -:  231:};
        -:  232:struct __anonstruct_prednames_38 {
        -:  233:   char const   *name ;
        -:  234:   int (*pred)(int  ) ;
        -:  235:};
        -:  236:struct __anonstruct_must_39 {
        -:  237:   char **in ;
        -:  238:   char *left ;
        -:  239:   char *right ;
        -:  240:   char *is ;
        -:  241:};
        -:  242:typedef struct __anonstruct_must_39 must;
        -:  243:struct kwsmatch {
        -:  244:   int strchr ;
        -:  245:   char *beg[1] ;
        -:  246:   size_t size[1] ;
        -:  247:};
        -:  248:typedef ptr_t kwset_t;
        -:  249:struct _obstack_chunk {
        -:  250:   char *limit ;
        -:  251:   struct _obstack_chunk *prev ;
        -:  252:   char contents[4] ;
        -:  253:};
        -:  254:struct obstack {
        -:  255:   long chunk_size ;
        -:  256:   struct _obstack_chunk *chunk ;
        -:  257:   char *object_base ;
        -:  258:   char *next_free ;
        -:  259:   char *chunk_limit ;
        -:  260:   long temp ;
        -:  261:   int alignment_mask ;
        -:  262:   struct _obstack_chunk *(*chunkfun)(void * , long  ) ;
        -:  263:   void (*freefun)(void * , struct _obstack_chunk * ) ;
        -:  264:   void *extra_arg ;
        -:  265:   unsigned int use_extra_arg : 1 ;
        -:  266:   unsigned int maybe_empty_object : 1 ;
        -:  267:   unsigned int alloc_failed : 1 ;
        -:  268:};
        -:  269:struct trie;
        -:  270:struct trie;
        -:  271:struct tree {
        -:  272:   struct tree *llink ;
        -:  273:   struct tree *rlink ;
        -:  274:   struct trie *trie ;
        -:  275:   unsigned char label ;
        -:  276:   char balance ;
        -:  277:};
        -:  278:struct trie {
        -:  279:   unsigned int accepting ;
        -:  280:   struct tree *links ;
        -:  281:   struct trie *parent ;
        -:  282:   struct trie *next ;
        -:  283:   struct trie *fail ;
        -:  284:   int depth ;
        -:  285:   int shift ;
        -:  286:   int maxshift ;
        -:  287:};
        -:  288:struct kwset {
        -:  289:   struct obstack obstack ;
        -:  290:   int words ;
        -:  291:   struct trie *trie ;
        -:  292:   int mind ;
        -:  293:   int maxd ;
        -:  294:   unsigned char delta[256] ;
        -:  295:   struct trie *next[256] ;
        -:  296:   char *target ;
        -:  297:   int mind2 ;
        -:  298:   char *trans ;
        -:  299:};
        -:  300:enum __anonenum_dirs_40 {
        -:  301:    L = 0,
        -:  302:    R = 1
        -:  303:} ;
        -:  304:struct dirent {
        -:  305:   __ino_t d_ino ;
        -:  306:   __off_t d_off ;
        -:  307:   unsigned short d_reclen ;
        -:  308:   unsigned char d_type ;
        -:  309:   char d_name[256] ;
        -:  310:};
        -:  311:struct __dirstream;
        -:  312:struct __dirstream;
        -:  313:typedef struct __dirstream DIR;
        -:  314:typedef char boolean;
        -:  315:enum __anonenum_re_opcode_t_42 {
        -:  316:    no_op = 0,
        -:  317:    succeed = 1,
        -:  318:    exactn = 2,
        -:  319:    anychar = 3,
        -:  320:    charset = 4,
        -:  321:    charset_not = 5,
        -:  322:    start_memory = 6,
        -:  323:    stop_memory = 7,
        -:  324:    duplicate = 8,
        -:  325:    begline = 9,
        -:  326:    endline = 10,
        -:  327:    begbuf = 11,
        -:  328:    endbuf = 12,
        -:  329:    jump = 13,
        -:  330:    jump_past_alt = 14,
        -:  331:    on_failure_jump = 15,
        -:  332:    on_failure_keep_string_jump = 16,
        -:  333:    pop_failure_jump = 17,
        -:  334:    maybe_pop_jump = 18,
        -:  335:    dummy_failure_jump = 19,
        -:  336:    push_dummy_failure = 20,
        -:  337:    succeed_n = 21,
        -:  338:    jump_n = 22,
        -:  339:    set_number_at = 23,
        -:  340:    wordchar = 24,
        -:  341:    notwordchar = 25,
        -:  342:    wordbeg = 26,
        -:  343:    wordend = 27,
        -:  344:    wordbound = 28,
        -:  345:    notwordbound = 29
        -:  346:} ;
        -:  347:typedef enum __anonenum_re_opcode_t_42 re_opcode_t;
        -:  348:union fail_stack_elt {
        -:  349:   unsigned char *pointer ;
        -:  350:   int integer ;
        -:  351:};
        -:  352:typedef union fail_stack_elt fail_stack_elt_t;
        -:  353:struct __anonstruct_fail_stack_type_43 {
        -:  354:   fail_stack_elt_t *stack ;
        -:  355:   unsigned int size ;
        -:  356:   unsigned int avail ;
        -:  357:};
        -:  358:typedef struct __anonstruct_fail_stack_type_43 fail_stack_type;
        -:  359:struct __anonstruct_bits_45 {
        -:  360:   unsigned int match_null_string_p : 2 ;
        -:  361:   unsigned int is_active : 1 ;
        -:  362:   unsigned int matched_something : 1 ;
        -:  363:   unsigned int ever_matched_something : 1 ;
        -:  364:};
        -:  365:union __anonunion_register_info_type_44 {
        -:  366:   fail_stack_elt_t word ;
        -:  367:   struct __anonstruct_bits_45 bits ;
        -:  368:};
        -:  369:typedef union __anonunion_register_info_type_44 register_info_type;
        -:  370:typedef unsigned int regnum_t;
        -:  371:typedef long pattern_offset_t;
        -:  372:struct __anonstruct_compile_stack_elt_t_46 {
        -:  373:   pattern_offset_t begalt_offset ;
        -:  374:   pattern_offset_t fixup_alt_jump ;
        -:  375:   pattern_offset_t inner_group_offset ;
        -:  376:   pattern_offset_t laststart_offset ;
        -:  377:   regnum_t regnum ;
        -:  378:};
        -:  379:typedef struct __anonstruct_compile_stack_elt_t_46 compile_stack_elt_t;
        -:  380:struct __anonstruct_compile_stack_type_47 {
        -:  381:   compile_stack_elt_t *stack ;
        -:  382:   unsigned int size ;
        -:  383:   unsigned int avail ;
        -:  384:};
        -:  385:typedef struct __anonstruct_compile_stack_type_47 compile_stack_type;
        -:  386:/* compiler builtin: 
        -:  387:   void *__builtin_alloca(unsigned long  ) ;  */
        -:  388:#pragma merger("0","/tmp/cil-ldV4twA4.i","")
        -:  389:#pragma merger("0","/tmp/cil-pthx382W.i","")
        -:  390:extern  __attribute__((__nothrow__)) int ( __attribute__((__nonnull__(1,2), __leaf__)) stat)(char const   * __restrict  __file ,
        -:  391:                                                                                             struct stat * __restrict  __buf ) ;
        -:  392:extern  __attribute__((__nothrow__)) int ( __attribute__((__nonnull__(2), __leaf__)) fstat)(int __fd ,
        -:  393:                                                                                            struct stat *__buf ) ;
        -:  394:extern  __attribute__((__nothrow__)) void *( __attribute__((__leaf__)) mmap)(void *__addr ,
        -:  395:                                                                             size_t __len ,
        -:  396:                                                                             int __prot ,
        -:  397:                                                                             int __flags ,
        -:  398:                                                                             int __fd ,
        -:  399:                                                                             __off_t __offset ) ;
        -:  400:extern struct _IO_FILE *stdin ;
        -:  401:extern struct _IO_FILE *stdout ;
        -:  402:extern int fclose(FILE *__stream ) ;
        -:  403:extern FILE *fopen(char const   * __restrict  __filename , char const   * __restrict  __modes ) ;
        -:  404:extern int fprintf(FILE * __restrict  __stream , char const   * __restrict  __format 
        -:  405:                   , ...) ;
        -:  406:extern int printf(char const   * __restrict  __format  , ...) ;
        -:  407:extern int puts(char const   *__s ) ;
        -:  408:extern size_t fread(void * __restrict  __ptr , size_t __size , size_t __n , FILE * __restrict  __stream ) ;
        -:  409:extern size_t fwrite(void const   * __restrict  __ptr , size_t __size , size_t __n ,
        -:  410:                     FILE * __restrict  __s ) ;
        -:  411:extern  __attribute__((__nothrow__)) int ( __attribute__((__leaf__)) feof)(FILE *__stream ) ;
        -:  412:extern  __attribute__((__nothrow__)) int ( __attribute__((__leaf__)) ferror)(FILE *__stream ) ;
        -:  413:extern int ( __attribute__((__nonnull__(1))) open)(char const   *__file , int __oflag 
        -:  414:                                                   , ...) ;
        -:  415:extern  __attribute__((__nothrow__)) __off_t ( __attribute__((__leaf__)) lseek)(int __fd ,
        -:  416:                                                                                __off_t __offset ,
        -:  417:                                                                                int __whence ) ;
        -:  418:extern int close(int __fd ) ;
        -:  419:extern ssize_t read(int __fd , void *__buf , size_t __nbytes ) ;
        -:  420:extern char *optarg ;
        -:  421:extern int optind ;
        -:  422:extern  __attribute__((__nothrow__)) int ( __attribute__((__leaf__)) getpagesize)(void)  __attribute__((__const__)) ;
        -:  423:extern  __attribute__((__nothrow__)) int *( __attribute__((__leaf__)) __errno_location)(void)  __attribute__((__const__)) ;
        -:  424:extern  __attribute__((__nothrow__)) int ( __attribute__((__nonnull__(1), __leaf__)) atoi)(char const   *__nptr )  __attribute__((__pure__)) ;
        -:  425:extern  __attribute__((__nothrow__)) void *( __attribute__((__leaf__)) malloc)(size_t __size )  __attribute__((__malloc__)) ;
        -:  426:extern  __attribute__((__nothrow__)) void *( __attribute__((__leaf__)) calloc)(size_t __nmemb ,
        -:  427:                                                                               size_t __size )  __attribute__((__malloc__)) ;
        -:  428:extern  __attribute__((__nothrow__)) void *( __attribute__((__warn_unused_result__,
        -:  429:__leaf__)) realloc)(void *__ptr , size_t __size ) ;
        -:  430:extern  __attribute__((__nothrow__)) void ( __attribute__((__leaf__)) free)(void *__ptr ) ;
        -:  431:extern  __attribute__((__nothrow__, __noreturn__)) void ( __attribute__((__leaf__)) abort)(void) ;
        -:  432:extern  __attribute__((__nothrow__, __noreturn__)) void ( __attribute__((__leaf__)) exit)(int __status ) ;
        -:  433:extern  __attribute__((__nothrow__)) char *( __attribute__((__nonnull__(1), __leaf__)) getenv)(char const   *__name ) ;
        -:  434:extern  __attribute__((__nothrow__)) void *( __attribute__((__nonnull__(1,2), __leaf__)) memcpy)(void * __restrict  __dest ,
        -:  435:                                                                                                 void const   * __restrict  __src ,
        -:  436:                                                                                                 size_t __n ) ;
        -:  437:extern  __attribute__((__nothrow__)) void *( __attribute__((__nonnull__(1,2), __leaf__)) memmove)(void *__dest ,
        -:  438:                                                                                                  void const   *__src ,
        -:  439:                                                                                                  size_t __n ) ;
        -:  440:extern  __attribute__((__nothrow__)) void *( __attribute__((__nonnull__(1), __leaf__)) memset)(void *__s ,
        -:  441:                                                                                               int __c ,
        -:  442:                                                                                               size_t __n ) ;
        -:  443:extern  __attribute__((__nothrow__)) int ( __attribute__((__nonnull__(1,2), __leaf__)) memcmp)(void const   *__s1 ,
        -:  444:                                                                                               void const   *__s2 ,
        -:  445:                                                                                               size_t __n )  __attribute__((__pure__)) ;
        -:  446:extern  __attribute__((__nothrow__)) void *( __attribute__((__nonnull__(1), __leaf__)) memchr)(void const   *__s ,
        -:  447:                                                                                               int __c ,
        -:  448:                                                                                               size_t __n )  __attribute__((__pure__)) ;
        -:  449:extern  __attribute__((__nothrow__)) char *( __attribute__((__nonnull__(1,2), __leaf__)) strcpy)(char * __restrict  __dest ,
        -:  450:                                                                                                 char const   * __restrict  __src ) ;
        -:  451:extern  __attribute__((__nothrow__)) int ( __attribute__((__nonnull__(1,2), __leaf__)) strcmp)(char const   *__s1 ,
        -:  452:                                                                                               char const   *__s2 )  __attribute__((__pure__)) ;
        -:  453:extern  __attribute__((__nothrow__)) int ( __attribute__((__nonnull__(1,2), __leaf__)) strncmp)(char const   *__s1 ,
        -:  454:                                                                                                char const   *__s2 ,
        -:  455:                                                                                                size_t __n )  __attribute__((__pure__)) ;
        -:  456:extern  __attribute__((__nothrow__)) int ( __attribute__((__nonnull__(1,2), __leaf__)) strcoll)(char const   *__s1 ,
        -:  457:                                                                                                char const   *__s2 )  __attribute__((__pure__)) ;
        -:  458:extern  __attribute__((__nothrow__)) char *( __attribute__((__nonnull__(1), __leaf__)) strchr)(char const   *__s ,
        -:  459:                                                                                               int __c )  __attribute__((__pure__)) ;
        -:  460:extern  __attribute__((__nothrow__)) char *( __attribute__((__nonnull__(1), __leaf__)) strrchr)(char const   *__s ,
        -:  461:                                                                                                int __c )  __attribute__((__pure__)) ;
        -:  462:extern  __attribute__((__nothrow__)) size_t ( __attribute__((__nonnull__(1), __leaf__)) strlen)(char const   *__s )  __attribute__((__pure__)) ;
        -:  463:extern  __attribute__((__nothrow__)) char *( __attribute__((__leaf__)) strerror)(int __errnum ) ;
        -:  464: __attribute__((__nothrow__)) char *( __attribute__((__nonnull__(1,2), __leaf__)) stpcpy)(char * __restrict  dest ,
        -:  465:                                                                                          char const   * __restrict  src ) ;
        -:  466:extern  __attribute__((__nothrow__)) unsigned short const   **( __attribute__((__leaf__)) __ctype_b_loc)(void)  __attribute__((__const__)) ;
        -:  467:extern  __attribute__((__nothrow__)) __int32_t const   **( __attribute__((__leaf__)) __ctype_tolower_loc)(void)  __attribute__((__const__)) ;
        -:  468:extern  __attribute__((__nothrow__)) int ( __attribute__((__leaf__)) tolower)(int __c ) ;
        -:  469:extern  __attribute__((__nothrow__)) int ( __attribute__((__leaf__)) toupper)(int __c ) ;
        -:  470:extern  __attribute__((__nothrow__)) char *( __attribute__((__leaf__)) gettext)(char const   *__msgid )  __attribute__((__format_arg__(1))) ;
        -:  471:extern  __attribute__((__nothrow__)) char *( __attribute__((__leaf__)) textdomain)(char const   *__domainname ) ;
        -:  472:extern  __attribute__((__nothrow__)) char *( __attribute__((__leaf__)) bindtextdomain)(char const   *__domainname ,
        -:  473:                                                                                       char const   *__dirname ) ;
        -:  474:extern  __attribute__((__nothrow__)) char *( __attribute__((__leaf__)) setlocale)(int __category ,
        -:  475:                                                                                  char const   *__locale ) ;
        -:  476:extern int getopt_long(int __argc , char * const  *__argv , char const   *__shortopts ,
        -:  477:                       struct option  const  *__longopts , int *__longind ) ;
        -:  478: __attribute__((__noreturn__)) void fatal(char const   *mesg , int errnum ) ;
        -:  479:char *xmalloc(size_t size ) ;
        -:  480:char *xrealloc(char *ptr , size_t size ) ;
        -:  481:struct matcher matchers[6] ;
        -:  482:char const   *matcher  ;
        -:  483:int match_icase  ;
        -:  484:int match_words  ;
        -:  485:int match_lines  ;
        -:  486:unsigned char eolbyte  ;
        -:  487:char *savedir(char const   *dir , off_t name_size ) ;
        -:  488:static struct stats stats_base  ;
        -:  489:static int show_help  ;
        -:  490:static int show_version  ;
        -:  491:static int mmap_option  ;
        -:  492:static char const   short_options[51]  = 
        -:  493:  {      (char const   )'0',      (char const   )'1',      (char const   )'2',      (char const   )'3', 
        -:  494:        (char const   )'4',      (char const   )'5',      (char const   )'6',      (char const   )'7', 
        -:  495:        (char const   )'8',      (char const   )'9',      (char const   )'A',      (char const   )':', 
        -:  496:        (char const   )'B',      (char const   )':',      (char const   )'C',      (char const   )':', 
        -:  497:        (char const   )':',      (char const   )'E',      (char const   )'F',      (char const   )'G', 
        -:  498:        (char const   )'H',      (char const   )'I',      (char const   )'U',      (char const   )'V', 
        -:  499:        (char const   )'X',      (char const   )':',      (char const   )'a',      (char const   )'b', 
        -:  500:        (char const   )'c',      (char const   )'d',      (char const   )':',      (char const   )'e', 
        -:  501:        (char const   )':',      (char const   )'f',      (char const   )':',      (char const   )'h', 
        -:  502:        (char const   )'i',      (char const   )'L',      (char const   )'l',      (char const   )'n', 
        -:  503:        (char const   )'q',      (char const   )'r',      (char const   )'s',      (char const   )'u', 
        -:  504:        (char const   )'v',      (char const   )'w',      (char const   )'x',      (char const   )'y', 
        -:  505:        (char const   )'Z',      (char const   )'z',      (char const   )'\000'};
        -:  506:static struct option long_options[35]  = 
        -:  507:  {      {"after-context", 1, (int *)((void *)0), 'A'}, 
        -:  508:        {"basic-regexp", 0, (int *)((void *)0), 'G'}, 
        -:  509:        {"before-context", 1, (int *)((void *)0), 'B'}, 
        -:  510:        {"binary-files", 1, (int *)((void *)0), 128}, 
        -:  511:        {"byte-offset", 0, (int *)((void *)0), 'b'}, 
        -:  512:        {"context", 2, (int *)((void *)0), 'C'}, 
        -:  513:        {"count", 0, (int *)((void *)0), 'c'}, 
        -:  514:        {"directories", 1, (int *)((void *)0), 'd'}, 
        -:  515:        {"extended-regexp", 0, (int *)((void *)0), 'E'}, 
        -:  516:        {"file", 1, (int *)((void *)0), 'f'}, 
        -:  517:        {"files-with-matches", 0, (int *)((void *)0), 'l'}, 
        -:  518:        {"files-without-match", 0, (int *)((void *)0), 'L'}, 
        -:  519:        {"fixed-regexp", 0, (int *)((void *)0), 'F'}, 
        -:  520:        {"fixed-strings", 0, (int *)((void *)0), 'F'}, 
        -:  521:        {"help", 0, & show_help, 1}, 
        -:  522:        {"ignore-case", 0, (int *)((void *)0), 'i'}, 
        -:  523:        {"line-number", 0, (int *)((void *)0), 'n'}, 
        -:  524:        {"line-regexp", 0, (int *)((void *)0), 'x'}, 
        -:  525:        {"mmap", 0, & mmap_option, 1}, 
        -:  526:        {"no-filename", 0, (int *)((void *)0), 'h'}, 
        -:  527:        {"no-messages", 0, (int *)((void *)0), 's'}, 
        -:  528:        {"null", 0, (int *)((void *)0), 'Z'}, 
        -:  529:        {"null-data", 0, (int *)((void *)0), 'z'}, 
        -:  530:        {"quiet", 0, (int *)((void *)0), 'q'}, 
        -:  531:        {"recursive", 0, (int *)((void *)0), 'r'}, 
        -:  532:        {"regexp", 1, (int *)((void *)0), 'e'}, 
        -:  533:        {"invert-match", 0, (int *)((void *)0), 'v'}, 
        -:  534:        {"silent", 0, (int *)((void *)0), 'q'}, 
        -:  535:        {"text", 0, (int *)((void *)0), 'a'}, 
        -:  536:        {"binary", 0, (int *)((void *)0), 'U'}, 
        -:  537:        {"unix-byte-offsets", 0, (int *)((void *)0), 'u'}, 
        -:  538:        {"version", 0, (int *)((void *)0), 'V'}, 
        -:  539:        {"with-filename", 0, (int *)((void *)0), 'H'}, 
        -:  540:        {"word-regexp", 0, (int *)((void *)0), 'w'}, 
        -:  541:        {(char const   *)0, 0, (int *)0, 0}};
        -:  542:static char *prog  ;
        -:  543:static char const   *filename  ;
        -:  544:static int errseen  ;
        -:  545:static enum __anonenum_directories_30 directories  ;
        -:  546:static int ck_atoi(char const   *str , int *out ) ;
        -:  547:static  __attribute__((__noreturn__)) void usage(int status ) ;
        -:  548:static void error(char const   *mesg , int errnum ) ;
        -:  549:static void setmatcher(char const   *m ) ;
        -:  550:static int install_matcher(char const   *name ) ;
        -:  551:static int prepend_args(char const   *options , char *buf , char **argv ) ;
        -:  552:static void prepend_default_options(char const   *options , int *pargc , char ***pargv ) ;
        -:  553:static char *page_alloc(size_t size , char **up ) ;
        -:  554:static int reset(int fd , char const   *file , struct stats *stats ) ;
        -:  555:static int fillbuf(size_t save , struct stats *stats ) ;
        -:  556:static int grepbuf(char *beg , char *lim ) ;
        -:  557:static void prtext(char *beg , char *lim , int *nlinesp ) ;
        -:  558:static void prpending(char *lim ) ;
        -:  559:static void prline(char *beg , char *lim , int sep ) ;
        -:  560:static void print_offset_sep(off_t pos , int sep ) ;
        -:  561:static void nlscan(char *lim ) ;
        -:  562:static int grep(int fd , char const   *file , struct stats *stats ) ;
        -:  563:static int grepdir(char const   *dir , struct stats *stats ) ;
        -:  564:static int grepfile(char const   *file , struct stats *stats ) ;
        -:  565:static void (*compile)(char * , size_t  )  ;
        -:  566:static char *(*execute)(char * , size_t  , char ** )  ;
    #####:  567:static void error(char const   *mesg , int errnum ) 
        -:  568:{ 
        -:  569:  char *tmp ;
        -:  570:
        -:  571:  {
    #####:  572:  if (errnum) {
        -:  573:     
        -:  574:
    #####:  575:    tmp = strerror(errnum);
    #####:  576:    fprintf((FILE * __restrict  )stdout, (char const   * __restrict  )"%s: %s: %s\n",
    #####:  577:            prog, mesg, tmp);
        -:  578:     
        -:  579:
    #####:  580:  } else {
        -:  581:     
        -:  582:
    #####:  583:    fprintf((FILE * __restrict  )stdout, (char const   * __restrict  )"%s: %s\n",
    #####:  584:            prog, mesg);
        -:  585:     
        -:  586:
        -:  587:  }
        -:  588:              
        -:  589:         
        -:  590:}
    #####:  591:}
        -:  592: __attribute__((__noreturn__)) void fatal(char const   *mesg , int errnum ) ;
    #####:  593:void fatal(char const   *mesg , int errnum ) 
        -:  594:{ 
        -:  595:
        -:  596:
        -:  597:   
        -:  598:
        -:  599:   
        -:  600:
    #####:  601:  error(mesg, errnum);
    #####:  602:  exit(2);
        -:  603:   
        -:  604:
        -:  605: 
        -:  606:
        -:  607:}
        4:  608:char *xmalloc(size_t size ) 
        -:  609:{ 
        -:  610:  char *result ;
        -:  611:  void *tmp ;
        -:  612:  char *tmp___0 ;
        -:  613:
        -:  614:  {
        -:  615:  {
        4:  616:  tmp = malloc(size);
        4:  617:  result = (char *)tmp;
        -:  618:  }
        -:  619:             
        -:  620:                   
        -:  621:       
        -:  622:
        -:  623:                                            
        -:  624:                                        
        -:  625:       
        -:  626:
        -:  627:     
        -:  628:   
        4:  629:  return (result);
        -:  630:}
        -:  631:}
    #####:  632:char *xrealloc(char *ptr , size_t size ) 
        -:  633:{ 
        -:  634:  char *result ;
        -:  635:  void *tmp ;
        -:  636:  void *tmp___0 ;
        -:  637:  char *tmp___1 ;
        -:  638:
        -:  639:  {
        -:  640:           {
        -:  641:     
        -:  642:
    #####:  643:    tmp = realloc((void *)ptr, size);
    #####:  644:    result = (char *)tmp;
        -:  645:     
        -:  646:
        -:  647:  }       
        -:  648:     
        -:  649:
        -:  650:                           
        -:  651:                             
        -:  652:     
        -:  653:
        -:  654:   
        -:  655:             
        -:  656:                   
        -:  657:       
        -:  658:
        -:  659:                                            
        -:  660:                                        
        -:  661:       
        -:  662:
        -:  663:     
        -:  664:   
    #####:  665:  return (result);
        -:  666:}
        -:  667:}
        -:  668:static int ck_atoi(char const   *str , int *out ) 
        -:  669:{ 
        -:  670:  char const   *p ;
        -:  671:
        -:  672:  {
        -:  673:          
        -:  674:   
        -:  675:             
        -:  676:                                      
        -:  677:               
        -:  678:                       
        -:  679:     
        -:  680:                                
        -:  681:                  
        -:  682:                          
        -:  683:                                
        -:  684:                  
        -:  685:     
        -:  686:     
        -:  687:         
        -:  688:   
        -:  689:                                
        -:  690:   
        -:  691:   
        -:  692:                                      
        -:  693:   
        -:  694:  return (0);
        -:  695:}
        -:  696:}
        -:  697:static char *ubuffer  ;
        -:  698:static char *buffer  ;
        -:  699:static size_t bufsalloc  ;
        -:  700:static size_t bufalloc  ;
        -:  701:static int bufdesc  ;
        -:  702:static char *bufbeg  ;
        -:  703:static char *buflim  ;
        -:  704:static size_t pagesize  ;
        -:  705:static off_t bufoffset  ;
        -:  706:static int bufmapped  ;
        -:  707:static off_t initial_bufoffset  ;
        3:  708:static char *page_alloc(size_t size , char **up ) 
        -:  709:{ 
        -:  710:  size_t asize ;
        -:  711:  char *p ;
        -:  712:  void *tmp ;
        -:  713:  void *tmp___0 ;
        -:  714:  void *tmp___1 ;
        -:  715:  char *tmp___2 ;
        -:  716:
        -:  717:  {
        3:  718:  asize = (size + pagesize) - 1UL;
        -:  719:                     {
        -:  720:             {
        -:  721:       
        -:  722:
        3:  723:      tmp = realloc((void *)*up, asize);
        3:  724:      tmp___1 = tmp;
        -:  725:       
        -:  726:
        -:  727:    }       
        -:  728:       
        -:  729:
        -:  730:                              
        -:  731:                        
        -:  732:       
        -:  733:
        -:  734:     
        3:  735:    p = (char *)tmp___1;
        -:  736:           {
        -:  737:              
        -:  738:                                        {
        3:  739:        tmp___2 = p;
        -:  740:      }       
        -:  741:                                                         
        -:  742:       
        3:  743:      return (tmp___2);
        -:  744:    }
        -:  745:  }
        -:  746:                               
        -:  747:}
        -:  748:}
        3:  749:static int reset(int fd , char const   *file , struct stats *stats ) 
        -:  750:{ 
        -:  751:  size_t ubufsalloc ;
        -:  752:  int tmp ;
        -:  753:  char *tmp___0 ;
        -:  754:  int *tmp___1 ;
        -:  755:  int tmp___2 ;
        -:  756:  int *tmp___3 ;
        -:  757:  int tmp___4 ;
        -:  758:
        -:  759:  {
        -:  760:                 
        -:  761:                                             
        -:  762:                                 
        -:  763:            
        -:  764:                                                                            
        -:  765:     
        -:  766:         {
        -:  767:    {
        3:  768:    tmp = getpagesize();
        3:  769:    pagesize = (size_t )tmp;
        -:  770:    }
        -:  771:                          
        -:  772:       
        -:  773:
        -:  774:              
        -:  775:       
        -:  776:
        -:  777:     
        -:  778:                           {
        3:  779:      ubufsalloc = (size_t )8192;
        -:  780:    }       
        -:  781:                            
        -:  782:     
        -:  783:                                      {
        3:  784:      bufsalloc = ubufsalloc;
        -:  785:    }       
        -:  786:                                                                  
        -:  787:     
        3:  788:    bufalloc = 5UL * bufsalloc;
        -:  789:                                 
        -:  790:       
        -:  791:
        -:  792:                                            
        -:  793:                                        
        -:  794:       
        -:  795:
        -:  796:           { //Added block
        -:  797:                                      
        -:  798:       
        -:  799:
        -:  800:                                            
        -:  801:                                        
        -:  802:       
        -:  803:
        -:  804:           { //Added block
        -:  805:                                    
        -:  806:       
        -:  807:
        -:  808:                                            
        -:  809:                                        
        -:  810:       
        -:  811:
        -:  812:           {
        -:  813:      {
        3:  814:      buffer = page_alloc(bufalloc + 1UL, & ubuffer);
        -:  815:      }
        -:  816:                     
        -:  817:         
        -:  818:
        -:  819:                                              
        -:  820:                                          
        -:  821:         
        -:  822:
        -:  823:       
        -:  824:    }
        -:  825:    }
        -:  826:    }
        -:  827:  }
        -:  828:  {
        -:  829:                  
        3:  830:  bufdesc = fd;
        -:  831:                                     
        -:  832:  }
        -:  833:                     
        -:  834:     
        -:  835:                                 
        -:  836:                             
        -:  837:     
        -:  838:               
        -:  839:   
        -:  840:                                         
        -:  841:                                                   
        -:  842:                 
        -:  843:     
        -:  844:   
        -:  845:                                                 
        -:  846:               
        -:  847:                            
        -:  848:            
        -:  849:       
        -:  850:                                            
        -:  851:       
        -:  852:                           
        -:  853:         
        -:  854:                                     
        -:  855:                                 
        -:  856:         
        -:  857:                   
        -:  858:       
        -:  859:     
        -:  860:                                  
        -:  861:                      
        -:  862:                                                        
        -:  863:                    
        -:  864:              
        -:  865:                    
        -:  866:       
        -:  867:            
        -:  868:                  
        -:  869:     
        -:  870:                        
        -:  871:          
        -:  872:                  
        -:  873:   
        3:  874:  return (1);
        -:  875:}
        -:  876:}
       14:  877:static int fillbuf(size_t save , struct stats *stats ) 
        -:  878:{ 
        -:  879:  size_t fillsize ;
        -:  880:  int cc ;
        -:  881:  size_t readsize ;
        -:  882:  size_t saved_offset ;
        -:  883:  size_t aligned_save ;
        -:  884:  size_t tmp ;
        -:  885:  size_t maxalloc ;
        -:  886:  size_t newalloc ;
        -:  887:  off_t to_be_read ;
        -:  888:  size_t slop ;
        -:  889:  off_t aligned_to_be_read ;
        -:  890:  size_t tmp___0 ;
        -:  891:  off_t maxalloc_off ;
        -:  892:  char *tmp___1 ;
        -:  893:  size_t mmapsize ;
        -:  894:  int *tmp___2 ;
        -:  895:  __off_t tmp___3 ;
        -:  896:  void *tmp___4 ;
        -:  897:  ssize_t bytesread ;
        -:  898:  int *tmp___5 ;
        -:  899:
        -:  900:  {
       14:  901:  fillsize = (size_t )0;
       14:  902:  cc = 1;
       14:  903:  saved_offset = (size_t )(buflim - ubuffer) - save;
        -:  904:                         
        -:  905:                                 
        -:  906:                 
        -:  907:            
        -:  908:                                                
        -:  909:     
        -:  910:                       
        -:  911:                           
        -:  912:                                                   
        -:  913:                                                   
        -:  914:                                                   
        -:  915:                 
        -:  916:                                  
        -:  917:              
        -:  918:                             
        -:  919:       
        -:  920:                                                                   
        -:  921:                                                                          
        -:  922:                               
        -:  923:                                                             
        -:  924:                                           
        -:  925:         
        -:  926:       
        -:  927:     
        -:  928:     
        -:  929:               
        -:  930:                                        
        -:  931:                                 
        -:  932:                         
        -:  933:       
        -:  934:                                        
        -:  935:                         
        -:  936:              
        -:  937:                                 
        -:  938:                         
        -:  939:       
        -:  940:     
        -:  941:                                  
        -:  942:     
        -:  943:                               
        -:  944:                              
        -:  945:                          
        -:  946:                               
        -:  947:     
        -:  948:                           
        -:  949:       
        -:  950:
        -:  951:                                            
        -:  952:                                        
        -:  953:       
        -:  954:
        -:  955:                          
        -:  956:                          
        -:  957:       
        -:  958:
        -:  959:                                            
        -:  960:                                        
        -:  961:       
        -:  962:
        -:  963:                          
        -:  964:                           
        -:  965:                                 
        -:  966:         
        -:  967:
        -:  968:                                              
        -:  969:                                          
        -:  970:         
        -:  971:
        -:  972:              
        -:  973:                
        -:  974:       
        -:  975:                          
        -:  976:        
        -:  977:                              
        -:  978:       
        -:  979:                          
        -:  980:                                                     
        -:  981:       
        -:  982:                     
        -:  983:         
        -:  984:
        -:  985:                                              
        -:  986:                                          
        -:  987:         
        -:  988:
        -:  989:       
        -:  990:     
        -:  991:     
        -:  992:     
        -:  993:     
        -:  994:   
        -:  995:  {
       14:  996:  bufbeg = (buffer + bufsalloc) - save;
       14:  997:  memmove((void *)bufbeg, (void const   *)(ubuffer + saved_offset), save);
       14:  998:  readsize = bufalloc - bufsalloc;
        -:  999:  }
        -: 1000:                  
        -: 1001:                        
        -: 1002:                                                                
        -: 1003:                                                            
        -: 1004:                                      
        -: 1005:     
        -: 1006:                   
        -: 1007:       
        -: 1008:                                                                                        
        -: 1009:       
        -: 1010:                                                                      
        -: 1011:                            
        -: 1012:              
        -: 1013:                    
        -: 1014:       
        -: 1015:            
        -: 1016:              
        -: 1017:                    
        -: 1018:                                           
        -: 1019:         
        -: 1020:                                               
        -: 1021:         
        -: 1022:                           
        -: 1023:           
        -: 1024:
        -: 1025:                                       
        -: 1026:                                   
        -: 1027:                 
        -: 1028:           
        -: 1029:
        -: 1030:         
        -: 1031:       
        -: 1032:     
        -: 1033:   
        -: 1034:                  {
        -: 1035:    {
        -: 1036:              {
        -: 1037:                                           
        -: 1038:      {
       14: 1039:      bytesread = read(bufdesc, (void *)(buffer + bufsalloc), readsize);
        -: 1040:      }
        -: 1041:                           
        -: 1042:         
        -: 1043:                                     
        -: 1044:         
        -: 1045:                                
        -: 1046:                               
        -: 1047:         
        -: 1048:              
        -: 1049:                             
        -: 1050:       
        -: 1051:                              
       14: 1052:    }
        -: 1053:    while_break___0: /* CIL Label */ ;
        -: 1054:    }
        -: 1055:                         
        -: 1056:             
        -: 1057:           {
       14: 1058:      fillsize = (size_t )bytesread;
        -: 1059:    }
        -: 1060:  }
        -: 1061:                                                      
       14: 1062:  buflim = (buffer + bufsalloc) + fillsize;
       14: 1063:  return (cc);
        -: 1064:}
        -: 1065:}
        -: 1066:static enum __anonenum_binary_files_31 binary_files  ;
        -: 1067:static int filename_mask  ;
        -: 1068:static int out_quiet  ;
        -: 1069:static int out_invert  ;
        -: 1070:static int out_file  ;
        -: 1071:static int out_line  ;
        -: 1072:static int out_byte  ;
        -: 1073:static int out_before  ;
        -: 1074:static int out_after  ;
        -: 1075:static int count_matches  ;
        -: 1076:static int list_files  ;
        -: 1077:static int no_filenames  ;
        -: 1078:static int suppress_errors  ;
        -: 1079:static off_t totalcc  ;
        -: 1080:static char *lastnl  ;
        -: 1081:static char *lastout  ;
        -: 1082:static off_t totalnl  ;
        -: 1083:static int pending  ;
        -: 1084:static int done_on_match  ;
    #####: 1085:static void nlscan(char *lim ) 
        -: 1086:{ 
        -: 1087:  char *beg ;
        -: 1088:  void *tmp ;
        -: 1089:
        -: 1090:  {
    #####: 1091:  beg = lastnl;
        -: 1092:  {
    #####: 1093:  while (1) {
        -: 1094:                                     ;
        -: 1095:    {
    #####: 1096:    tmp = memchr((void const   *)beg, (int )eolbyte, (size_t )(lim - beg));
    #####: 1097:    beg = (char *)tmp;
        -: 1098:    }
    #####: 1099:    if (! beg) {
    #####: 1100:      goto while_break;
        -: 1101:    }
    #####: 1102:    totalnl ++;
    #####: 1103:    beg ++;
        -: 1104:  }
        -: 1105:  while_break: /* CIL Label */ ;
        -: 1106:  }
        -: 1107:               
        -: 1108:         
        -: 1109:}
    #####: 1110:}
    #####: 1111:static void print_offset_sep(off_t pos , int sep ) 
        -: 1112:{ 
        -: 1113:  char buf[sizeof(pos) * 8UL] ;
        -: 1114:  char *p ;
        -: 1115:
        -: 1116:  {
    #####: 1117:  p = (buf + sizeof(buf)) - 1;
    #####: 1118:  *p = (char )sep;
        -: 1119:  {
    #####: 1120:  while (1) {
        -: 1121:                                     ;
    #####: 1122:    p --;
    #####: 1123:    *p = (char )(48L + pos % 10L);
    #####: 1124:    pos /= 10L;
    #####: 1125:    if (! (pos != 0L)) {
    #####: 1126:      goto while_break;
        -: 1127:    }
        -: 1128:  }
        -: 1129:  while_break: /* CIL Label */ ;
        -: 1130:  }
        -: 1131:  {
    #####: 1132:  fwrite((void const   * __restrict  )p, (size_t )1, (size_t )((buf + sizeof(buf)) - p),
    #####: 1133:         (FILE * __restrict  )stdout);
        -: 1134:  }
        -: 1135:         
        -: 1136:}
    #####: 1137:}
       76: 1138:static void prline(char *beg , char *lim , int sep ) 
        -: 1139:{ 
        -: 1140:  off_t pos ;
        -: 1141:  int *tmp ;
        -: 1142:  char *tmp___0 ;
        -: 1143:  int tmp___1 ;
        -: 1144:
        -: 1145:  {
       76: 1146:  if (out_file) {
        -: 1147:     
        -: 1148:
       76: 1149:    printf((char const   * __restrict  )"%s%c", filename, sep & filename_mask);
        -: 1150:     
        -: 1151:
       76: 1152:  }
       76: 1153:  if (out_line) {
        -: 1154:     
        -: 1155:
    #####: 1156:    nlscan(beg);
    #####: 1157:    totalnl ++;
    #####: 1158:    print_offset_sep(totalnl, sep);
    #####: 1159:    lastnl = lim;
        -: 1160:     
        -: 1161:
    #####: 1162:  }
       76: 1163:  if (out_byte) {
        -: 1164:     
        -: 1165:
    #####: 1166:    pos = totalcc + (beg - bufbeg);
    #####: 1167:    print_offset_sep(pos, sep);
        -: 1168:     
        -: 1169:
    #####: 1170:  }
        -: 1171:  {
       76: 1172:  fwrite((void const   * __restrict  )beg, (size_t )1, (size_t )(lim - beg), (FILE * __restrict  )stdout);
        -: 1173:                           
        -: 1174:  }
        -: 1175:                
        -: 1176:     
        -: 1177:
        -: 1178:                             
        -: 1179:                                        
        -: 1180:                                         
        -: 1181:     
        -: 1182:
        -: 1183:   
       76: 1184:  lastout = lim;
        -: 1185:         
        -: 1186:}
       76: 1187:}
       87: 1188:static void prpending(char *lim ) 
        -: 1189:{ 
        -: 1190:  char *nl ;
        -: 1191:  void *tmp ;
        -: 1192:
        -: 1193:  {
        -: 1194:                  
        -: 1195:                     
        -: 1196:   
        -: 1197:  {
       87: 1198:  while (1) {
        -: 1199:                                     ;
       87: 1200:    if (pending > 0) {
    #####: 1201:      if (! ((unsigned long )lastout < (unsigned long )lim)) {
    #####: 1202:        goto while_break;
        -: 1203:      }
    #####: 1204:    } else {
       87: 1205:      goto while_break;
        -: 1206:    }
        -: 1207:    {
    #####: 1208:    pending --;
    #####: 1209:    tmp = memchr((void const   *)lastout, (int )eolbyte, (size_t )(lim - lastout));
    #####: 1210:    nl = (char *)tmp;
        -: 1211:    }
        -: 1212:                                                           {
    #####: 1213:      nl ++;
        -: 1214:    }       
        -: 1215:               
        -: 1216:     
        -: 1217:    {
    #####: 1218:    prline(lastout, nl, '-');
        -: 1219:    }
        -: 1220:  }
        -: 1221:  while_break: /* CIL Label */ ;
        -: 1222:  }
        -: 1223:         
        -: 1224:}
       87: 1225:}
        -: 1226:static int used  ;
       76: 1227:static void prtext(char *beg , char *lim , int *nlinesp ) 
        -: 1228:{ 
        -: 1229:  char *bp ;
        -: 1230:  char *p ;
        -: 1231:  char *nl ;
        -: 1232:  char eol ;
        -: 1233:  int i ;
        -: 1234:  int n ;
        -: 1235:  void *tmp ;
        -: 1236:  void *tmp___0 ;
        -: 1237:
        -: 1238:  {
       76: 1239:  eol = (char )eolbyte;
        -: 1240:                   {
        -: 1241:                     {
        -: 1242:       
        -: 1243:
       76: 1244:      prpending(beg);
        -: 1245:       
        -: 1246:
        -: 1247:    }
        -: 1248:  }
       76: 1249:  p = beg;
        -: 1250:                   {
       76: 1251:    if (lastout) {
       76: 1252:      bp = lastout;
       76: 1253:    } else {
    #####: 1254:      bp = bufbeg;
        -: 1255:    }
       76: 1256:    i = 0;
        -: 1257:    {
       76: 1258:    while (1) {
        -: 1259:                                       ;
       76: 1260:      if (! (i < out_before)) {
       76: 1261:        goto while_break;
        -: 1262:      }
    #####: 1263:      if ((unsigned long )p > (unsigned long )bp) {
        -: 1264:         
        -: 1265:
    #####: 1266:        while (1) {
        -: 1267:                                               ;
    #####: 1268:          p --;
    #####: 1269:          if ((unsigned long )p > (unsigned long )bp) {
    #####: 1270:            if (! ((int )*(p + -1) != (int )eol)) {
    #####: 1271:              goto while_break___0;
        -: 1272:            }
    #####: 1273:          } else {
    #####: 1274:            goto while_break___0;
        -: 1275:          }
        -: 1276:        }
        -: 1277:        while_break___0: /* CIL Label */ ;
        -: 1278:         
        -: 1279:
    #####: 1280:      }
    #####: 1281:      i ++;
        -: 1282:    }
        -: 1283:    while_break: /* CIL Label */ ;
        -: 1284:    }
        -: 1285:                     
        -: 1286:              
        -: 1287:           { //Added block
       76: 1288:    if (out_after) {
        -: 1289:      _L: 
    #####: 1290:      if (used) {
    #####: 1291:        if ((unsigned long )p != (unsigned long )lastout) {
        -: 1292:           
        -: 1293:
    #####: 1294:          puts("--");
        -: 1295:           
        -: 1296:
    #####: 1297:        }
    #####: 1298:      }
    #####: 1299:    }
        -: 1300:    }
        -: 1301:    {
       76: 1302:    while (1) {
        -: 1303:                                           ;
       76: 1304:      if (! ((unsigned long )p < (unsigned long )beg)) {
       76: 1305:        goto while_break___1;
        -: 1306:      }
        -: 1307:      {
    #####: 1308:      tmp = memchr((void const   *)p, (int )eol, (size_t )(beg - p));
    #####: 1309:      nl = (char *)tmp;
    #####: 1310:      prline(p, nl + 1, '-');
    #####: 1311:      p = nl + 1;
        -: 1312:      }
        -: 1313:    }
        -: 1314:    while_break___1: /* CIL Label */ ;
        -: 1315:    }
        -: 1316:  }
       76: 1317:  if (nlinesp) {
    #####: 1318:    n = 0;
        -: 1319:    {
    #####: 1320:    while (1) {
        -: 1321:                                           ;
    #####: 1322:      if (! ((unsigned long )p < (unsigned long )lim)) {
    #####: 1323:        goto while_break___2;
        -: 1324:      }
        -: 1325:      {
    #####: 1326:      tmp___0 = memchr((void const   *)p, (int )eol, (size_t )(lim - p));
    #####: 1327:      nl = (char *)tmp___0;
        -: 1328:      }
        -: 1329:                                                             {
    #####: 1330:        nl ++;
        -: 1331:      }       
        -: 1332:                 
        -: 1333:       
    #####: 1334:      if (! out_quiet) {
        -: 1335:         
        -: 1336:
    #####: 1337:        prline(p, nl, ':');
        -: 1338:         
        -: 1339:
    #####: 1340:      }
    #####: 1341:      p = nl;
    #####: 1342:      n ++;
        -: 1343:    }
        -: 1344:    while_break___2: /* CIL Label */ ;
        -: 1345:    }
    #####: 1346:    *nlinesp = n;
    #####: 1347:  } else { //Added block
       76: 1348:  if (! out_quiet) {
        -: 1349:     
        -: 1350:
       76: 1351:    prline(beg, lim, ':');
        -: 1352:     
        -: 1353:
       76: 1354:  }
        -: 1355:  }
        -: 1356:                  
        -: 1357:                
        -: 1358:         {
       76: 1359:    pending = out_after;
        -: 1360:  }
       76: 1361:  used = 1;
        -: 1362:         
        -: 1363:}
       76: 1364:}
       13: 1365:static int grepbuf(char *beg , char *lim ) 
        -: 1366:{ 
        -: 1367:  int nlines ;
        -: 1368:  int n ;
        -: 1369:  register char *p ;
        -: 1370:  register char *b ;
        -: 1371:  char *endp ;
        -: 1372:  char eol ;
        -: 1373:
        -: 1374:  {
       13: 1375:  eol = (char )eolbyte;
       13: 1376:  nlines = 0;
       13: 1377:  p = beg;
        -: 1378:  {
       89: 1379:  while (1) {
        -: 1380:                                     ;
        -: 1381:    {
       89: 1382:    b = (*execute)(p, (size_t )(lim - p), & endp);
        -: 1383:    }
       89: 1384:    if (! ((unsigned long )b != (unsigned long )((char *)0))) {
       13: 1385:      goto while_break;
        -: 1386:    }
        -: 1387:                                                   
        -: 1388:                                                    
        -: 1389:                                           
        -: 1390:                           
        -: 1391:                
        -: 1392:                  
        -: 1393:         
        -: 1394:                            
        -: 1395:          
        -: 1396:                                                     
        -: 1397:                         
        -: 1398:       
        -: 1399:       
        -: 1400:     
       76: 1401:    if (! out_invert) {
        -: 1402:      {
       76: 1403:      prtext(b, endp, (int *)0);
       76: 1404:      nlines ++;
        -: 1405:      }
        -: 1406:                          
        -: 1407:                        
        -: 1408:       
       76: 1409:    } else { //Added block
        -: 1410:                                               {
        -: 1411:       
        -: 1412:
    #####: 1413:      prtext(p, b, & n);
    #####: 1414:      nlines += n;
        -: 1415:       
        -: 1416:
        -: 1417:    }
        -: 1418:    }
       76: 1419:    p = endp;
        -: 1420:  }
        -: 1421:  while_break: /* CIL Label */ ;
        -: 1422:  }
       13: 1423:  if (out_invert) {
        -: 1424:                                                 {
        -: 1425:       
        -: 1426:
    #####: 1427:      prtext(p, lim, & n);
    #####: 1428:      nlines += n;
        -: 1429:       
        -: 1430:
        -: 1431:    }
    #####: 1432:  }
       13: 1433:  return (nlines);
        -: 1434:}
        -: 1435:}
        3: 1436:static int grep(int fd , char const   *file , struct stats *stats ) 
        -: 1437:{ 
        -: 1438:  int nlines ;
        -: 1439:  int i ;
        -: 1440:  int not_text ;
        -: 1441:  size_t residue ;
        -: 1442:  size_t save ;
        -: 1443:  char *beg ;
        -: 1444:  char *lim ;
        -: 1445:  char eol ;
        -: 1446:  int tmp ;
        -: 1447:  int *tmp___0 ;
        -: 1448:  int tmp___1 ;
        -: 1449:  int tmp___2 ;
        -: 1450:  int *tmp___3 ;
        -: 1451:  int *tmp___4 ;
        -: 1452:  int tmp___5 ;
        -: 1453:  int tmp___6 ;
        -: 1454:  void *tmp___7 ;
        -: 1455:  int tmp___8 ;
        -: 1456:  int tmp___9 ;
        -: 1457:  int *tmp___10 ;
        -: 1458:  int *tmp___11 ;
        -: 1459:  int tmp___12 ;
        -: 1460:  char *tmp___13 ;
        -: 1461:  int tmp___14 ;
        -: 1462:  char *tmp___15 ;
        -: 1463:
        -: 1464:  {
        -: 1465:  {
        3: 1466:  eol = (char )eolbyte;
        3: 1467:  tmp = reset(fd, file, stats);
        -: 1468:  }
        -: 1469:              
        -: 1470:               
        -: 1471:   
        -: 1472:             
        -: 1473:                                           
        -: 1474:                                                     
        -: 1475:         
        -: 1476:                            
        -: 1477:         
        -: 1478:                           
        -: 1479:           
        -: 1480:
        -: 1481:                                       
        -: 1482:                                
        -: 1483:           
        -: 1484:
        -: 1485:         
        -: 1486:         
        -: 1487:                                       
        -: 1488:         
        -: 1489:                             
        -: 1490:       
        -: 1491:     
        -: 1492:   
        -: 1493:  {
        3: 1494:  totalcc = (off_t )0;
        -: 1495:                      
        -: 1496:                      
        -: 1497:              
        -: 1498:             
        3: 1499:  residue = (size_t )0;
        3: 1500:  save = (size_t )0;
        3: 1501:  tmp___5 = fillbuf(save, stats);
        -: 1502:  }
        -: 1503:                  
        -: 1504:     
        -: 1505:                                 
        -: 1506:     
        -: 1507:                         
        -: 1508:                              
        -: 1509:         
        -: 1510:
        -: 1511:                                     
        -: 1512:                                  
        -: 1513:         
        -: 1514:
        -: 1515:       
        -: 1516:            
        -: 1517:       
        -: 1518:
        -: 1519:                                   
        -: 1520:                                
        -: 1521:       
        -: 1522:
        -: 1523:     
        -: 1524:               
        -: 1525:   
        3: 1526:  if ((unsigned int )binary_files == 0U) {
        -: 1527:                     {
        3: 1528:      goto _L;
        -: 1529:    }       
        -: 1530:                  
        -: 1531:     
    #####: 1532:  } else { //Added block
        -: 1533:  _L___0: 
    #####: 1534:                                         {
        -: 1535:    _L: 
        -: 1536:             {
        3: 1537:      tmp___6 = '\000';
        -: 1538:    }       
        -: 1539:                       
        -: 1540:     
        -: 1541:    {
        3: 1542:    tmp___7 = memchr((void const   *)bufbeg, tmp___6, (size_t )(buflim - bufbeg));
        -: 1543:    }
        3: 1544:    if (tmp___7) {
    #####: 1545:      tmp___8 = 1;
    #####: 1546:    } else {
        -: 1547:                  
        -: 1548:    }
        -: 1549:  }       
        -: 1550:                
        -: 1551:   
        -: 1552:  }
        3: 1553:  not_text = tmp___8;
        -: 1554:                 
        -: 1555:                                            
        -: 1556:                 
        -: 1557:     
        -: 1558:   
        -: 1559:                            
        3: 1560:  out_quiet += not_text;
        -: 1561:  {
       14: 1562:  while (1) {
        -: 1563:                                     ;
       14: 1564:    lastnl = bufbeg;
        -: 1565:                 {
       14: 1566:      lastout = bufbeg;
        -: 1567:    }
       14: 1568:    if ((size_t )(buflim - bufbeg) == save) {
        3: 1569:      goto while_break;
        -: 1570:    }
       11: 1571:    beg = (bufbeg + save) - residue;
       11: 1572:    lim = buflim;
        -: 1573:    {
      274: 1574:    while (1) {
        -: 1575:                                           ;
        -: 1576:                                                     {
      274: 1577:        if (! ((int )*(lim + -1) != (int )eol)) {
       11: 1578:          goto while_break___0;
        -: 1579:        }
        -: 1580:      }       
        -: 1581:                             
        -: 1582:       
      263: 1583:      lim --;
        -: 1584:    }
        -: 1585:    while_break___0: /* CIL Label */ ;
        -: 1586:    }
       11: 1587:    residue = (size_t )(buflim - lim);
        -: 1588:                                                   {
        -: 1589:      {
       11: 1590:      tmp___9 = grepbuf(beg, lim);
       11: 1591:      nlines += tmp___9;
        -: 1592:      }
        -: 1593:                   {
        -: 1594:         
        -: 1595:
       11: 1596:        prpending(lim);
        -: 1597:         
        -: 1598:
        -: 1599:      }
        -: 1600:                   
        -: 1601:                            
        -: 1602:                             
        -: 1603:                             
        -: 1604:           
        -: 1605:         
        -: 1606:       
        -: 1607:    }
       11: 1608:    i = 0;
       11: 1609:    beg = lim;
        -: 1610:    {
       11: 1611:    while (1) {
        -: 1612:                                           ;
       11: 1613:      if (i < out_before) {
        -: 1614:                                                          {
    #####: 1615:          if (! ((unsigned long )beg != (unsigned long )lastout)) {
    #####: 1616:            goto while_break___1;
        -: 1617:          }
        -: 1618:        }       
        -: 1619:                               
        -: 1620:         
    #####: 1621:      } else {
       11: 1622:        goto while_break___1;
        -: 1623:      }
    #####: 1624:      i ++;
        -: 1625:      {
    #####: 1626:      while (1) {
        -: 1627:                                             ;
    #####: 1628:        beg --;
        -: 1629:                                                          {
    #####: 1630:          if (! ((int )*(beg + -1) != (int )eol)) {
    #####: 1631:            goto while_break___2;
        -: 1632:          }
        -: 1633:        }       
        -: 1634:                               
        -: 1635:         
        -: 1636:      }
        -: 1637:      while_break___2: /* CIL Label */ ;
        -: 1638:      }
        -: 1639:    }
        -: 1640:    while_break___1: /* CIL Label */ ;
        -: 1641:    }
        -: 1642:                                                         
        -: 1643:                          
        -: 1644:     
       11: 1645:    save = (size_t )((lim + residue) - beg);
       11: 1646:    totalcc = (off_t )((size_t )totalcc + ((size_t )(buflim - bufbeg) - save));
        -: 1647:                   
        -: 1648:       
        -: 1649:
        -: 1650:                  
        -: 1651:       
        -: 1652:
        -: 1653:     
        -: 1654:    {
       11: 1655:    tmp___12 = fillbuf(save, stats);
        -: 1656:    }
        -: 1657:                     
        -: 1658:       
        -: 1659:                                    
        -: 1660:       
        -: 1661:                            
        -: 1662:                                
        -: 1663:           
        -: 1664:
        -: 1665:                                        
        -: 1666:                                     
        -: 1667:           
        -: 1668:
        -: 1669:         
        -: 1670:              
        -: 1671:         
        -: 1672:
        -: 1673:                                      
        -: 1674:                                   
        -: 1675:         
        -: 1676:
        -: 1677:       
        -: 1678:                       
        -: 1679:     
        -: 1680:  }
        -: 1681:  while_break: /* CIL Label */ ;
        -: 1682:  }
        5: 1683:  if (residue) {
        -: 1684:    {
        2: 1685:    tmp___13 = buflim;
        2: 1686:    buflim ++;
        2: 1687:    *tmp___13 = eol;
        2: 1688:    tmp___14 = grepbuf((bufbeg + save) - residue, buflim);
        2: 1689:    nlines += tmp___14;
        -: 1690:    }
        -: 1691:                  
        -: 1692:       
        -: 1693:
        -: 1694:                        
        -: 1695:       
        -: 1696:
        -: 1697:     
        2: 1698:  }
        -: 1699:  finish_grep: 
        3: 1700:  done_on_match -= not_text;
        3: 1701:  out_quiet -= not_text;
        3: 1702:  if (not_text & ~ out_quiet) {
    #####: 1703:    if (nlines != 0) {
        -: 1704:       
        -: 1705:
    #####: 1706:      tmp___15 = gettext("Binary file %s matches\n");
    #####: 1707:      printf((char const   * __restrict  )tmp___15, filename);
        -: 1708:       
        -: 1709:
    #####: 1710:    }
    #####: 1711:  }
        3: 1712:  return (nlines);
        -: 1713:}
        -: 1714:}
        3: 1715:static int grepfile(char const   *file , struct stats *stats ) 
        -: 1716:{ 
        -: 1717:  int desc ;
        -: 1718:  int count ;
        -: 1719:  int status ;
        -: 1720:  char *tmp ;
        -: 1721:  int *tmp___0 ;
        -: 1722:  int e ;
        -: 1723:  int *tmp___1 ;
        -: 1724:  int *tmp___2 ;
        -: 1725:  int tmp___3 ;
        -: 1726:  int tmp___4 ;
        -: 1727:  int tmp___5 ;
        -: 1728:  int *tmp___6 ;
        -: 1729:  int *tmp___7 ;
        -: 1730:  int tmp___8 ;
        -: 1731:
        -: 1732:  {
        3: 1733:  if (! file) {
        -: 1734:     
        -: 1735:
        -: 1736:             
    #####: 1737:    tmp = gettext("(standard input)");
    #####: 1738:    filename = (char const   *)tmp;
        -: 1739:     
        -: 1740:
    #####: 1741:  } else {
        -: 1742:    {
        -: 1743:              {
        -: 1744:                                       
        -: 1745:      {
        3: 1746:      desc = open(file, 0);
        -: 1747:      }
        -: 1748:                     
        -: 1749:         
        -: 1750:                                     
        -: 1751:         
        -: 1752:                                
        -: 1753:                           
        -: 1754:         
        -: 1755:              
        -: 1756:                         
        -: 1757:       
        -: 1758:                          
        3: 1759:    }
        -: 1760:    while_break: /* CIL Label */ ;
        -: 1761:    }
        3: 1762:    if (desc < 0) {
        -: 1763:      {
    #####: 1764:      tmp___1 = __errno_location();
    #####: 1765:      e = *tmp___1;
        -: 1766:      }
        -: 1767:                    
        -: 1768:                                               
        -: 1769:           
        -: 1770:                                                                                                         
        -: 1771:           
        -: 1772:                             
        -: 1773:             
        -: 1774:                                         
        -: 1775:                                  
        -: 1776:             
        -: 1777:                       
        -: 1778:           
        -: 1779:           
        -: 1780:                                         
        -: 1781:           
        -: 1782:                           
        -: 1783:         
        -: 1784:       
        -: 1785:                             {
        -: 1786:                                               
        -: 1787:           
        -: 1788:
        -: 1789:                        
        -: 1790:                         
        -: 1791:           
        -: 1792:                        
        -: 1793:                         
        -: 1794:           
        -: 1795:                            
        -: 1796:                                   
        -: 1797:                     
        -: 1798:                                   
        -: 1799:           
        -: 1800:                                                                                                         
        -: 1801:           
        -: 1802:                             
        -: 1803:                                                           
        -: 1804:                         
        -: 1805:             
        -: 1806:           
        -: 1807:                            
        -: 1808:                                         
        -: 1809:           
        -: 1810:
        -: 1811:         
        -: 1812:        {
    #####: 1813:        error(file, e);
        -: 1814:        }
        -: 1815:      }
    #####: 1816:      return (1);
        -: 1817:    }
        3: 1818:    filename = file;
        -: 1819:  }
        -: 1820:  {
        3: 1821:  count = grep(desc, file, stats);
        -: 1822:  }
        -: 1823:                  
        -: 1824:                       
        -: 1825:         {
        3: 1826:    if (count_matches) {
    #####: 1827:      if (out_file) {
        -: 1828:         
        -: 1829:
    #####: 1830:        printf((char const   * __restrict  )"%s%c", filename, 58 & filename_mask);
        -: 1831:         
        -: 1832:
    #####: 1833:      }
        -: 1834:      {
    #####: 1835:      printf((char const   * __restrict  )"%d\n", count);
        -: 1836:      }
    #####: 1837:    }
        3: 1838:    status = ! count;
        3: 1839:    if (list_files == 1 - 2 * status) {
        -: 1840:       
        -: 1841:
    #####: 1842:      printf((char const   * __restrict  )"%s%c", filename, 10 & filename_mask);
        -: 1843:       
        -: 1844:
    #####: 1845:    }
        -: 1846:              {
        -: 1847:       
        -: 1848:
        -: 1849:                {
        -: 1850:                                             ;
        -: 1851:        {
        3: 1852:        tmp___8 = close(desc);
        -: 1853:        }
        -: 1854:                               
        -: 1855:                               
        -: 1856:         
        -: 1857:         
        -: 1858:                                     
        -: 1859:         
        -: 1860:                            
        -: 1861:           
        -: 1862:                                       
        -: 1863:                                
        -: 1864:           
        -: 1865:                               
        -: 1866:         
        3: 1867:      }
        -: 1868:      while_break___0: /* CIL Label */ ;
        -: 1869:       
        -: 1870:
        -: 1871:    }
        -: 1872:  }
        -: 1873:                  
        -: 1874:}
        3: 1875:}
        -: 1876:static int grepdir(char const   *dir , struct stats *stats ) 
        -: 1877:{ 
        -: 1878:  int status ;
        -: 1879:  struct stats *ancestor ;
        -: 1880:  char *name_space ;
        -: 1881:  char *tmp ;
        -: 1882:  char *tmp___0 ;
        -: 1883:  int *tmp___1 ;
        -: 1884:  char *tmp___2 ;
        -: 1885:  int *tmp___3 ;
        -: 1886:  size_t dirlen ;
        -: 1887:  size_t tmp___4 ;
        -: 1888:  int needs_slash ;
        -: 1889:  int tmp___5 ;
        -: 1890:  char *file ;
        -: 1891:  char *namep ;
        -: 1892:  struct stats child ;
        -: 1893:  size_t namelen ;
        -: 1894:  size_t tmp___6 ;
        -: 1895:  int tmp___7 ;
        -: 1896:
        -: 1897:  {
        -: 1898:             
        -: 1899:                   
        -: 1900:   
        -: 1901:             
        -: 1902:                                      
        -: 1903:                                
        -: 1904:                                                                              
        -: 1905:                       
        -: 1906:     
        -: 1907:                                                      
        -: 1908:                                                        
        -: 1909:                                
        -: 1910:           
        -: 1911:
        -: 1912:                                                    
        -: 1913:                                                     
        -: 1914:                                                                                    
        -: 1915:                                  
        -: 1916:           
        -: 1917:
        -: 1918:         
        -: 1919:                   
        -: 1920:       
        -: 1921:     
        -: 1922:   
        -: 1923:                                
        -: 1924:   
        -: 1925:  {
[...]
        -:17271:                               
        -:17272:                                                     
        -:17273:                             
        -:17274:       
        -:17275:                                        
        -:17276:       
        -:17277:              
        -:17278:                           
        -:17279:     
        -:17280:                                      
        -:17281:     
        -:17282:               
        -:17283:                      
        -:17284:                                    
        -:17285:     
        -:17286:                                                             
        -:17287:     
        -:17288:                
        -:17289:                           
        -:17290:     
        -:17291:                                   
        -:17292:     
        -:17293:   
        -:17294:                                
        -:17295:   
        -:17296:                       
        -:17297: 
        -:17298: 
        -:17299:                                                                                     
        -:17300:                                                                            
        -:17301:  
        -:17302:            
        -:17303:               
        -:17304:              
        -:17305:                     
        -:17306:                      
        -:17307:
        -:17308:   
        -:17309:          
        -:17310:           
        -:17311:        
        -:17312:   
        -:17313:                                                  
        -:17314:                
        -:17315:   
        -:17316:                                                  
        -:17317:                
        -:17318:   
        -:17319:                                                   
        -:17320:                
        -:17321:   
        -:17322:                                                   
        -:17323:                
        -:17324:   
        -:17325:                                                   
        -:17326:                
        -:17327:   
        -:17328:                                                   
        -:17329:                
        -:17330:   
        -:17331:                                                   
        -:17332:                
        -:17333:   
        -:17334:                                                   
        -:17335:                
        -:17336:   
        -:17337:                                                   
        -:17338:                
        -:17339:   
        -:17340:                                                  
        -:17341:                
        -:17342:   
        -:17343:                                                   
        -:17344:                 
        -:17345:   
        -:17346:                                                   
        -:17347:                 
        -:17348:   
        -:17349:                                                  
        -:17350:                
        -:17351:   
        -:17352:                                                   
        -:17353:                 
        -:17354:   
        -:17355:                      
        -:17356:                          
        -:17357:                          
        -:17358:                            
        -:17359:                            
        -:17360:                            
        -:17361:                            
        -:17362:                            
        -:17363:                            
        -:17364:                            
        -:17365:                     
        -:17366:                          
        -:17367:   
        -:17368:                     
        -:17369:                                                       
        -:17370:   
        -:17371:                                                            
        -:17372:                                                                       
        -:17373:   
        -:17374:              
        -:17375:                         
        -:17376:   
        -:17377:                    
        -:17378:                           
        -:17379:   
        -:17380:             
        -:17381:                                      
        -:17382:     
        -:17383:               
        -:17384:                                            
        -:17385:                             
        -:17386:                                                   
        -:17387:                           
        -:17388:     
        -:17389:                                      
        -:17390:     
        -:17391:            
        -:17392:                     
        -:17393:   
        -:17394:                                
        -:17395:   
        -:17396:                  
        -:17397:               
        -:17398:          
        -:17399:                         
        -:17400:   
        -:17401:                    
        -:17402:                           
        -:17403:          
        -:17404:   
        -:17405:             
        -:17406:                                          
        -:17407:     
        -:17408:               
        -:17409:                                            
        -:17410:                             
        -:17411:                                                   
        -:17412:                           
        -:17413:     
        -:17414:                                      
        -:17415:     
        -:17416:            
        -:17417:                         
        -:17418:   
        -:17419:                                    
        -:17420:   
        -:17421:                  
        -:17422:            
        -:17423:     
        -:17424:               
        -:17425:                                            
        -:17426:       
        -:17427:                 
        -:17428:                                              
        -:17429:                               
        -:17430:                                                     
        -:17431:                             
        -:17432:       
        -:17433:                                        
        -:17434:       
        -:17435:              
        -:17436:                           
        -:17437:     
        -:17438:                                      
        -:17439:     
        -:17440:               
        -:17441:          
        -:17442:                         
        -:17443:   
        -:17444:                    
        -:17445:                          
        -:17446:                                                           
        -:17447:                         
        -:17448:   
        -:17449:                    
        -:17450:                           
        -:17451:          
        -:17452:                                  
        -:17453:                       
        -:17454:                                 
        -:17455:   
        -:17456:          
        -:17457:                       
        -:17458: 
        -:17459: 
        -:17460:                                                                                            
        -:17461:  
        -:17462:                                      
        -:17463:                                      
        -:17464:                              
        -:17465:                                  
        -:17466:
        -:17467:   
        -:17468:                                   
        -:17469:                                   
        -:17470:   
        -:17471:             
        -:17472:                                      
        -:17473:                
        -:17474:                       
        -:17475:     
        -:17476:             
        -:17477:          
        -:17478:                 
        -:17479:          
        -:17480:                                                                                                 
        -:17481:                 
        -:17482:     
        -:17483:           
        -:17484:   
        -:17485:                                
        -:17486:   
        -:17487:             
        -:17488: 
        -:17489: 
        1:17490:char const   *re_compile_pattern(char const   *pattern , size_t length , struct re_pattern_buffer *bufp ) 
        -:17491:{ 
        -:17492:  reg_errcode_t ret ;
        -:17493:  char *tmp ;
        -:17494:
        -:17495:  {
        -:17496:  {
        1:17497:  bufp->regs_allocated = 0U;
        1:17498:  bufp->no_sub = 0U;
        1:17499:  bufp->newline_anchor = 1U;
        1:17500:  ret = regex_compile(pattern, length, re_syntax_options, bufp);
        -:17501:  }
        1:17502:  if (! ret) {
        1:17503:    return ((char const   *)((void *)0));
        -:17504:  }
        -:17505:  {
    #####:17506:  tmp = gettext(re_error_msgid + re_error_msgid_idx[(int )ret]);
        -:17507:  }
    #####:17508:  return ((char const   *)tmp);
        -:17509:}
        1:17510:}
        -:17511:                                                                 
        -:17512:  
        -:17513:                     
        -:17514:                       
        -:17515:                     
        -:17516:                 
        -:17517:                  
        -:17518:                 
        -:17519:                               
        -:17520:                                    
        -:17521:                  
        -:17522:               
        -:17523:
        -:17524:   
        -:17525:                   
        -:17526:                                                                                                                                                                                                                                                                                                                                                                                                                                                                                                                                                                                                                                                                                                                                                                                                                                                    
        -:17527:          
        -:17528:                                                                                                                                                                                                                                                                                                                                                   
        -:17529:   
        -:17530:   
        -:17531:               
        -:17532:                                    
        -:17533:                        
        -:17534:                   
        -:17535:                                       
        -:17536:                          
        -:17537:   
        -:17538:                          
        -:17539:     
        -:17540:                                                    
        -:17541:                              
        -:17542:     
        -:17543:                                                                         
        -:17544:                  
        -:17545:     
        -:17546:           
        -:17547:     
        -:17548:               
        -:17549:                                        
        -:17550:                         
        -:17551:                         
        -:17552:       
        -:17553:       
        -:17554:                                
        -:17555:       
        -:17556:                                                      
        -:17557:         
        -:17558:
        -:17559:                                        
        -:17560:                                                                      
        -:17561:         
        -:17562:
        -:17563:              
        -:17564:                                          
        -:17565:       
        -:17566:           
        -:17567:     
        -:17568:                                  
        -:17569:     
        -:17570:          
        -:17571:                                          
        -:17572:   
        -:17573:                                 
        -:17574:                                                              
        -:17575:                                                                        
        -:17576:                              
        -:17577:          
        -:17578:                              
        -:17579:   
        -:17580:   
        -:17581:                                                                          
        -:17582:                            
        -:17583:                                                      
        -:17584:   
        -:17585:                                  
        -:17586:                            
        -:17587:   
        -:17588:                                 
        -:17589:                        
        -:17590:       
        -:17591:                                         
        -:17592:       
        -:17593:                          
        -:17594:         
        -:17595:
        -:17596:                                    
        -:17597:                                            
        -:17598:         
        -:17599:
        -:17600:       
        -:17601:     
        -:17602:   
        -:17603:                     
        -:17604: 
        -:17605: 
        -:17606:                                                                                               
        -:17607:                         
        -:17608:  
        -:17609:           
        -:17610:                                
        -:17611:                        
        -:17612:           
        -:17613:              
        -:17614:                         
        -:17615:               
        -:17616:                 
        -:17617:                                
        -:17618:                  
        -:17619:               
        -:17620:
        -:17621:   
        -:17622:   
        -:17623:                       
        -:17624:                  
        -:17625:   
        -:17626:                       
        -:17627:                       
        -:17628:                  
        -:17629:            
        -:17630:                  
        -:17631:     
        -:17632:          
        -:17633:                
        -:17634:   
        -:17635:                                    
        -:17636:                                 
        -:17637:                                                             
        -:17638:                                                                    
        -:17639:                                   
        -:17640:                      
        -:17641:     
        -:17642:                                              
        -:17643:                                                          
        -:17644:                                         
        -:17645:     
        -:17646:                                                                        
        -:17647:                 
        -:17648:     
        -:17649:                                           
        -:17650:   
        -:17651:                      
        -:17652:                         
        -:17653:          
        -:17654:                                       
        -:17655:   
        -:17656:   
        -:17657:                                                                
        -:17658:   
        -:17659:                      
        -:17660:                   
        -:17661:             
        -:17662:       
        -:17663:                 
        -:17664:                                          
        -:17665:                                      
        -:17666:                           
        -:17667:         
        -:17668:                                                    
        -:17669:                                                  
        -:17670:             
        -:17671:       
        -:17672:                                    
        -:17673:       
        -:17674:     
        -:17675:     
        -:17676:                                 
        -:17677:     
        -:17678:   
        -:17679:                 
        -:17680:                
        -:17681:          
        -:17682:                
        -:17683:   
        -:17684:                   
        -:17685: 
        -:17686: 
        -:17687:                                                                                          
        -:17688:  
        -:17689:                     
        -:17690:                   
        -:17691:             
        -:17692:                  
        -:17693:
        -:17694:   
        -:17695:                    
        -:17696:     
        -:17697:
        -:17698:            
        -:17699:     
        -:17700:
        -:17701:                        
        -:17702:                                                                                      
        -:17703:     
        -:17704:
        -:17705:            
        -:17706:     
        -:17707:
        -:17708:   
        -:17709:   
        -:17710:   
        -:17711:                                                              
        -:17712:                            
        -:17713:                        
        -:17714:                           
        -:17715:   
        -:17716:                           
        -:17717:                                 
        -:17718:       
        -:17719:
        -:17720:                                                                                               
        -:17721:                                                
        -:17722:       
        -:17723:
        -:17724:            
        -:17725:       
        -:17726:
        -:17727:                                                                                      
        -:17728:       
        -:17729:
        -:17730:     
        -:17731:   
        -:17732:                    
        -:17733: 
        -:17734: 
        -:17735:                             
        -:17736:  
        -:17737:
        -:17738:
        -:17739:   
        -:17740:
        -:17741:                                                                    
        -:17742:     
        -:17743:
        -:17744:                               
        -:17745:     
        -:17746:
        -:17747:   
        -:17748:                                              
        -:17749:                        
        -:17750:                   
        -:17751:                                                                     
        -:17752:     
        -:17753:
        -:17754:                                
        -:17755:     
        -:17756:
        -:17757:   
        -:17758:                                      
        -:17759:                              
        -:17760:                                                                       
        -:17761:     
        -:17762:
        -:17763:                                  
        -:17764:     
        -:17765:
        -:17766:   
        -:17767:                                        
        -:17768:         
        -:17769: 
        -:17770:
        -:17771: 
