        -:    0:Source:gzip-1.3.c
        -:    0:Graph:gzip-1.3.gcno
        -:    0:Data:gzip-1.3.gcda
        -:    0:Runs:1
        -:    0:Programs:1
        -:    1:/* Generated by CIL v. 1.7.3 */
        -:    2:/* print_CIL_Input is true */
        -:    3:
        -:    4:struct option {
        -:    5:   char const   *name ;
        -:    6:   int has_arg ;
        -:    7:   int *flag ;
        -:    8:   int val ;
        -:    9:};
        -:   10:typedef void *voidp;
        -:   11:typedef unsigned long size_t;
        -:   12:typedef unsigned long __dev_t;
        -:   13:typedef unsigned int __uid_t;
        -:   14:typedef unsigned int __gid_t;
        -:   15:typedef unsigned long __ino_t;
        -:   16:typedef unsigned int __mode_t;
        -:   17:typedef unsigned long __nlink_t;
        -:   18:typedef long __off_t;
        -:   19:typedef long __off64_t;
        -:   20:typedef long __time_t;
        -:   21:typedef long __blksize_t;
        -:   22:typedef long __blkcnt_t;
        -:   23:typedef long __ssize_t;
        -:   24:typedef long __syscall_slong_t;
        -:   25:struct _IO_FILE;
        -:   26:struct _IO_FILE;
        -:   27:typedef struct _IO_FILE FILE;
        -:   28:typedef void _IO_lock_t;
        -:   29:struct _IO_marker {
        -:   30:   struct _IO_marker *_next ;
        -:   31:   struct _IO_FILE *_sbuf ;
        -:   32:   int _pos ;
        -:   33:};
        -:   34:struct _IO_FILE {
        -:   35:   int _flags ;
        -:   36:   char *_IO_read_ptr ;
        -:   37:   char *_IO_read_end ;
        -:   38:   char *_IO_read_base ;
        -:   39:   char *_IO_write_base ;
        -:   40:   char *_IO_write_ptr ;
        -:   41:   char *_IO_write_end ;
        -:   42:   char *_IO_buf_base ;
        -:   43:   char *_IO_buf_end ;
        -:   44:   char *_IO_save_base ;
        -:   45:   char *_IO_backup_base ;
        -:   46:   char *_IO_save_end ;
        -:   47:   struct _IO_marker *_markers ;
        -:   48:   struct _IO_FILE *_chain ;
        -:   49:   int _fileno ;
        -:   50:   int _flags2 ;
        -:   51:   __off_t _old_offset ;
        -:   52:   unsigned short _cur_column ;
        -:   53:   signed char _vtable_offset ;
        -:   54:   char _shortbuf[1] ;
        -:   55:   _IO_lock_t *_lock ;
        -:   56:   __off64_t _offset ;
        -:   57:   void *__pad1 ;
        -:   58:   void *__pad2 ;
        -:   59:   void *__pad3 ;
        -:   60:   void *__pad4 ;
        -:   61:   size_t __pad5 ;
        -:   62:   int _mode ;
        -:   63:   char _unused2[(15UL * sizeof(int ) - 4UL * sizeof(void *)) - sizeof(size_t )] ;
        -:   64:};
        -:   65:typedef struct _IO_FILE _IO_FILE;
        -:   66:typedef __off_t off_t;
        -:   67:typedef __ssize_t ssize_t;
        -:   68:typedef __time_t time_t;
        -:   69:struct timespec {
        -:   70:   __time_t tv_sec ;
        -:   71:   __syscall_slong_t tv_nsec ;
        -:   72:};
        -:   73:typedef unsigned char uch;
        -:   74:typedef unsigned short ush;
        -:   75:typedef unsigned long ulg;
        -:   76:typedef int file_t;
        -:   77:struct stat {
        -:   78:   __dev_t st_dev ;
        -:   79:   __ino_t st_ino ;
        -:   80:   __nlink_t st_nlink ;
        -:   81:   __mode_t st_mode ;
        -:   82:   __uid_t st_uid ;
        -:   83:   __gid_t st_gid ;
        -:   84:   int __pad0 ;
        -:   85:   __dev_t st_rdev ;
        -:   86:   __off_t st_size ;
        -:   87:   __blksize_t st_blksize ;
        -:   88:   __blkcnt_t st_blocks ;
        -:   89:   struct timespec st_atim ;
        -:   90:   struct timespec st_mtim ;
        -:   91:   struct timespec st_ctim ;
        -:   92:   __syscall_slong_t __glibc_reserved[3] ;
        -:   93:};
        -:   94:typedef void (*__sighandler_t)(int  );
        -:   95:typedef ush Pos;
        -:   96:typedef unsigned int IPos;
        -:   97:struct config {
        -:   98:   ush good_length ;
        -:   99:   ush max_lazy ;
        -:  100:   ush nice_length ;
        -:  101:   ush max_chain ;
        -:  102:};
        -:  103:typedef struct config config;
        -:  104:struct huft;
        -:  105:union __anonunion_v_51 {
        -:  106:   ush n ;
        -:  107:   struct huft *t ;
        -:  108:};
        -:  109:struct huft {
        -:  110:   uch e ;
        -:  111:   uch b ;
        -:  112:   union __anonunion_v_51 v ;
        -:  113:};
        -:  114:union __anonunion_fc_52 {
        -:  115:   ush freq ;
        -:  116:   ush code ;
        -:  117:};
        -:  118:union __anonunion_dl_53 {
        -:  119:   ush dad ;
        -:  120:   ush len ;
        -:  121:};
        -:  122:struct ct_data {
        -:  123:   union __anonunion_fc_52 fc ;
        -:  124:   union __anonunion_dl_53 dl ;
        -:  125:};
        -:  126:typedef struct ct_data ct_data;
        -:  127:struct tree_desc {
        -:  128:   ct_data *dyn_tree ;
        -:  129:   ct_data *static_tree ;
        -:  130:   int *extra_bits ;
        -:  131:   int extra_base ;
        -:  132:   int elems ;
        -:  133:   int max_length ;
        -:  134:   int max_code ;
        -:  135:};
        -:  136:typedef struct tree_desc tree_desc;
        -:  137:typedef unsigned char char_type;
        -:  138:typedef long code_int;
        -:  139:typedef unsigned long cmp_code_int;
        -:  140:struct dirent {
        -:  141:   __ino_t d_ino ;
        -:  142:   __off_t d_off ;
        -:  143:   unsigned short d_reclen ;
        -:  144:   unsigned char d_type ;
        -:  145:   char d_name[256] ;
        -:  146:};
        -:  147:struct __dirstream;
        -:  148:struct __dirstream;
        -:  149:typedef struct __dirstream DIR;
        -:  150:struct utimbuf {
        -:  151:   __time_t actime ;
        -:  152:   __time_t modtime ;
        -:  153:};
        -:  154:#pragma merger("0","/tmp/cil-ZS5KSGrl.i","")
        -:  155:extern char *optarg ;
        -:  156:extern int optind ;
        -:  157:extern int getopt_long(int __argc , char * const  *__argv , char const   *__shortopts ,
        -:  158:                       struct option  const  *__longopts , int *__longind ) ;
        -:  159:extern int _IO_putc(int __c , _IO_FILE *__fp ) ;
        -:  160:extern struct _IO_FILE *stdin ;
        -:  161:extern struct _IO_FILE *stdout ;
        -:  162:extern struct _IO_FILE *stderr ;
        -:  163:extern int fflush(FILE *__stream ) ;
        -:  164:extern int fprintf(FILE * __restrict  __stream , char const   * __restrict  __format 
        -:  165:                   , ...) ;
        -:  166:extern int printf(char const   * __restrict  __format  , ...) ;
        -:  167:extern char *fgets(char * __restrict  __s , int __n , FILE * __restrict  __stream ) ;
        -:  168:extern void perror(char const   *__s ) ;
        -:  169:extern  __attribute__((__nothrow__)) int ( __attribute__((__leaf__)) fileno)(FILE *__stream ) ;
        -:  170:extern  __attribute__((__nothrow__)) void *( __attribute__((__nonnull__(1,2), __leaf__)) memcpy)(void * __restrict  __dest ,
        -:  171:                                                                                                 void const   * __restrict  __src ,
        -:  172:                                                                                                 size_t __n ) ;
        -:  173:extern  __attribute__((__nothrow__)) void *( __attribute__((__nonnull__(1), __leaf__)) memset)(void *__s ,
        -:  174:                                                                                               int __c ,
        -:  175:                                                                                               size_t __n ) ;
        -:  176:extern  __attribute__((__nothrow__)) int ( __attribute__((__nonnull__(1,2), __leaf__)) memcmp)(void const   *__s1 ,
        -:  177:                                                                                               void const   *__s2 ,
        -:  178:                                                                                               size_t __n )  __attribute__((__pure__)) ;
        -:  179:extern  __attribute__((__nothrow__)) char *( __attribute__((__nonnull__(1,2), __leaf__)) strcpy)(char * __restrict  __dest ,
        -:  180:                                                                                                 char const   * __restrict  __src ) ;
        -:  181:extern  __attribute__((__nothrow__)) char *( __attribute__((__nonnull__(1,2), __leaf__)) strcat)(char * __restrict  __dest ,
        -:  182:                                                                                                 char const   * __restrict  __src ) ;
        -:  183:extern  __attribute__((__nothrow__)) int ( __attribute__((__nonnull__(1,2), __leaf__)) strcmp)(char const   *__s1 ,
        -:  184:                                                                                               char const   *__s2 )  __attribute__((__pure__)) ;
        -:  185:extern  __attribute__((__nothrow__)) int ( __attribute__((__nonnull__(1,2), __leaf__)) strncmp)(char const   *__s1 ,
        -:  186:                                                                                                char const   *__s2 ,
        -:  187:                                                                                                size_t __n )  __attribute__((__pure__)) ;
        -:  188:extern  __attribute__((__nothrow__)) char *( __attribute__((__nonnull__(1), __leaf__)) strrchr)(char const   *__s ,
        -:  189:                                                                                                int __c )  __attribute__((__pure__)) ;
        -:  190:extern  __attribute__((__nothrow__)) size_t ( __attribute__((__nonnull__(1,2), __leaf__)) strcspn)(char const   *__s ,
        -:  191:                                                                                                   char const   *__reject )  __attribute__((__pure__)) ;
        -:  192:extern  __attribute__((__nothrow__)) size_t ( __attribute__((__nonnull__(1,2), __leaf__)) strspn)(char const   *__s ,
        -:  193:                                                                                                  char const   *__accept )  __attribute__((__pure__)) ;
        -:  194:extern  __attribute__((__nothrow__)) size_t ( __attribute__((__nonnull__(1), __leaf__)) strlen)(char const   *__s )  __attribute__((__pure__)) ;
        -:  195:int method ;
        -:  196:uch inbuf[32832]  ;
        -:  197:uch outbuf[18432]  ;
        -:  198:ush d_buf[32768]  ;
        -:  199:uch window[65536L]  ;
        -:  200:ush prev[1L << 16]  ;
        -:  201:unsigned int insize  ;
        -:  202:unsigned int inptr  ;
        -:  203:unsigned int outcnt  ;
        -:  204:off_t bytes_in  ;
        -:  205:off_t bytes_out  ;
        -:  206:off_t header_bytes  ;
        -:  207:int ifd  ;
        -:  208:int ofd  ;
        -:  209:char ifname[1024]  ;
        -:  210:char ofname[1024]  ;
        -:  211:char *progname  ;
        -:  212:time_t time_stamp  ;
        -:  213:off_t ifile_size  ;
        -:  214:int decrypt  ;
        -:  215:int exit_code ;
        -:  216:int verbose ;
        -:  217:int quiet ;
        -:  218:int level ;
        -:  219:int test ;
        -:  220:int to_stdout ;
        -:  221:int save_orig_name  ;
        -:  222:int zip(int in , int out ) ;
        -:  223:int file_read(char *buf , unsigned int size ) ;
        -:  224:int unzip(int in , int out ) ;
        -:  225:int check_zipfile(int in ) ;
        -:  226:int unpack(int in , int out ) ;
        -:  227:int unlzh(int in , int out ) ;
        -:  228:void abort_gzip(void) ;
        -:  229:void lm_init(int pack_level , ush *flags___0 ) ;
        -:  230:off_t deflate(void) ;
        -:  231:void ct_init(ush *attr , int *methodp ) ;
        -:  232:int ct_tally(int dist , int lc ) ;
        -:  233:off_t flush_block(char *buf , ulg stored_len , int eof ) ;
        -:  234:void bi_init(file_t zipfile ) ;
        -:  235:void send_bits(int value , int length ) ;
        -:  236:unsigned int bi_reverse(unsigned int code , int len ) ;
        -:  237:void bi_windup(void) ;
        -:  238:void copy_block(char *buf , unsigned int len , int header ) ;
        -:  239:int (*read_buf)(char *buf , unsigned int size )  ;
        -:  240:int copy(int in , int out ) ;
        -:  241:ulg updcrc(uch *s , unsigned int n ) ;
        -:  242:void clear_bufs(void) ;
        -:  243:int fill_inbuf(int eof_ok ) ;
        -:  244:void flush_outbuf(void) ;
        -:  245:void flush_window(void) ;
        -:  246:void write_buf(int fd , voidp buf , unsigned int cnt ) ;
        -:  247:char *strlwr(char *s ) ;
        -:  248:char *base_name(char *fname ) ;
        -:  249:int xunlink(char *filename ) ;
        -:  250:void make_simple_name(char *name ) ;
        -:  251:char *add_envopt(int *argcp , char ***argvp , char *env___0 ) ;
        -:  252:void error(char *m ) ;
        -:  253:void warning(char *m ) ;
        -:  254:void read_error(void) ;
        -:  255:void write_error(void) ;
        -:  256:void display_ratio(off_t num , off_t den , FILE *file ) ;
        -:  257:void fprint_off(FILE *file , off_t offset , int width ) ;
        -:  258:voidp xmalloc(unsigned int size ) ;
        -:  259:int inflate(void) ;
        -:  260:int maxbits ;
        -:  261:int block_mode ;
        -:  262:int lzw(int in , int out ) ;
        -:  263:int unlzw(int in , int out ) ;
        -:  264:extern  __attribute__((__nothrow__)) unsigned short const   **( __attribute__((__leaf__)) __ctype_b_loc)(void)  __attribute__((__const__)) ;
        -:  265:extern  __attribute__((__nothrow__)) int ( __attribute__((__leaf__)) tolower)(int __c ) ;
        -:  266:extern  __attribute__((__nothrow__)) int ( __attribute__((__nonnull__(1,2), __leaf__)) stat)(char const   * __restrict  __file ,
        -:  267:                                                                                             struct stat * __restrict  __buf ) ;
        -:  268:extern  __attribute__((__nothrow__)) int ( __attribute__((__nonnull__(2), __leaf__)) fstat)(int __fd ,
        -:  269:                                                                                            struct stat *__buf ) ;
        -:  270:extern  __attribute__((__nothrow__)) int ( __attribute__((__nonnull__(1), __leaf__)) chmod)(char const   *__file ,
        -:  271:                                                                                            __mode_t __mode ) ;
        -:  272:extern  __attribute__((__nothrow__)) int *( __attribute__((__leaf__)) __errno_location)(void)  __attribute__((__const__)) ;
        -:  273:extern  __attribute__((__nothrow__)) __sighandler_t ( __attribute__((__leaf__)) signal)(int __sig ,
        -:  274:                                                                                        void (*__handler)(int  ) ) ;
        -:  275:static file_t zfile  ;
        -:  276:static unsigned short bi_buf  ;
        -:  277:static int bi_valid  ;
        1:  278:void bi_init(file_t zipfile ) 
        -:  279:{ 
        -:  280:
        -:  281:
        -:  282:  {
        1:  283:  zfile = zipfile;
        1:  284:  bi_buf = (unsigned short)0;
        1:  285:  bi_valid = 0;
        1:  286:  if (zfile != -1) {
        1:  287:    read_buf = & file_read;
        1:  288:  }
        1:  289:  return;
        -:  290:}
        -:  291:}
    16572:  292:void send_bits(int value , int length ) 
        -:  293:{ 
        -:  294:  unsigned int tmp ;
        -:  295:  unsigned int tmp___0 ;
        -:  296:  unsigned int tmp___1 ;
        -:  297:  unsigned int tmp___2 ;
        -:  298:
        -:  299:  {
    16572:  300:  if (bi_valid > (int )(16UL * sizeof(char )) - length) {
     6013:  301:    bi_buf = (unsigned short )((int )bi_buf | (value << bi_valid));
     6013:  302:    if (outcnt < 16382U) {
     6013:  303:      tmp = outcnt;
     6013:  304:      outcnt ++;
     6013:  305:      outbuf[tmp] = (uch )((int )bi_buf & 255);
     6013:  306:      tmp___0 = outcnt;
     6013:  307:      outcnt ++;
     6013:  308:      outbuf[tmp___0] = (uch )((int )bi_buf >> 8);
     6013:  309:    } else {
    #####:  310:      tmp___1 = outcnt;
    #####:  311:      outcnt ++;
    #####:  312:      outbuf[tmp___1] = (uch )((int )bi_buf & 255);
    #####:  313:      if (outcnt == 16384U) {
        -:  314:        {
    #####:  315:        flush_outbuf();
        -:  316:        }
    #####:  317:      }
    #####:  318:      tmp___2 = outcnt;
    #####:  319:      outcnt ++;
    #####:  320:      outbuf[tmp___2] = (uch )((int )bi_buf >> 8);
    #####:  321:      if (outcnt == 16384U) {
        -:  322:        {
    #####:  323:        flush_outbuf();
        -:  324:        }
    #####:  325:      }
        -:  326:    }
     6013:  327:    bi_buf = (unsigned short )((int )((ush )value) >> (16UL * sizeof(char ) - (unsigned long )bi_valid));
     6013:  328:    bi_valid = (int )((unsigned long )bi_valid + ((unsigned long )length - 16UL * sizeof(char )));
     6013:  329:  } else {
    10559:  330:    bi_buf = (unsigned short )((int )bi_buf | (value << bi_valid));
    10559:  331:    bi_valid += length;
        -:  332:  }
    16572:  333:  return;
        -:  334:}
        -:  335:}
      474:  336:unsigned int bi_reverse(unsigned int code , int len ) 
        -:  337:{ 
        -:  338:  register unsigned int res ;
        -:  339:
        -:  340:  {
      474:  341:  res = 0U;
        -:  342:  {
     3738:  343:  while (1) {
        -:  344:    while_continue: /* CIL Label */ ;
     3738:  345:    res |= code & 1U;
     3738:  346:    code >>= 1;
     3738:  347:    res <<= 1;
     3738:  348:    len --;
     3738:  349:    if (! (len > 0)) {
      474:  350:      goto while_break;
        -:  351:    }
        -:  352:  }
        -:  353:  while_break: /* CIL Label */ ;
        -:  354:  }
      474:  355:  return (res >> 1);
        -:  356:}
        -:  357:}
        1:  358:void bi_windup(void) 
        -:  359:{ 
        -:  360:  unsigned int tmp ;
        -:  361:  unsigned int tmp___0 ;
        -:  362:  unsigned int tmp___1 ;
        -:  363:  unsigned int tmp___2 ;
        -:  364:  unsigned int tmp___3 ;
        -:  365:
        -:  366:  {
        1:  367:  if (bi_valid > 8) {
        1:  368:    if (outcnt < 16382U) {
        1:  369:      tmp = outcnt;
        1:  370:      outcnt ++;
        1:  371:      outbuf[tmp] = (uch )((int )bi_buf & 255);
        1:  372:      tmp___0 = outcnt;
        1:  373:      outcnt ++;
        1:  374:      outbuf[tmp___0] = (uch )((int )bi_buf >> 8);
        1:  375:    } else {
    #####:  376:      tmp___1 = outcnt;
    #####:  377:      outcnt ++;
    #####:  378:      outbuf[tmp___1] = (uch )((int )bi_buf & 255);
    #####:  379:      if (outcnt == 16384U) {
        -:  380:        {
    #####:  381:        flush_outbuf();
        -:  382:        }
    #####:  383:      }
    #####:  384:      tmp___2 = outcnt;
    #####:  385:      outcnt ++;
    #####:  386:      outbuf[tmp___2] = (uch )((int )bi_buf >> 8);
    #####:  387:      if (outcnt == 16384U) {
        -:  388:        {
    #####:  389:        flush_outbuf();
        -:  390:        }
    #####:  391:      }
        -:  392:    }
        1:  393:  } else { //Added block
    #####:  394:  if (bi_valid > 0) {
    #####:  395:    tmp___3 = outcnt;
    #####:  396:    outcnt ++;
    #####:  397:    outbuf[tmp___3] = (uch )bi_buf;
    #####:  398:    if (outcnt == 16384U) {
        -:  399:      {
    #####:  400:      flush_outbuf();
        -:  401:      }
    #####:  402:    }
    #####:  403:  }
        -:  404:  }
        1:  405:  bi_buf = (unsigned short)0;
        1:  406:  bi_valid = 0;
        1:  407:  return;
        -:  408:}
        -:  409:}
    #####:  410:void copy_block(char *buf , unsigned int len , int header ) 
        -:  411:{ 
        -:  412:  unsigned int tmp ;
        -:  413:  unsigned int tmp___0 ;
        -:  414:  unsigned int tmp___1 ;
        -:  415:  unsigned int tmp___2 ;
        -:  416:  unsigned int tmp___3 ;
        -:  417:  unsigned int tmp___4 ;
        -:  418:  unsigned int tmp___5 ;
        -:  419:  unsigned int tmp___6 ;
        -:  420:  unsigned int tmp___7 ;
        -:  421:  char *tmp___8 ;
        -:  422:  unsigned int tmp___9 ;
        -:  423:
        -:  424:  {
        -:  425:  {
    #####:  426:  bi_windup();
        -:  427:  }
    #####:  428:  if (header) {
    #####:  429:    if (outcnt < 16382U) {
    #####:  430:      tmp = outcnt;
    #####:  431:      outcnt ++;
    #####:  432:      outbuf[tmp] = (uch )((int )((ush )len) & 255);
    #####:  433:      tmp___0 = outcnt;
    #####:  434:      outcnt ++;
    #####:  435:      outbuf[tmp___0] = (uch )((int )((ush )len) >> 8);
    #####:  436:    } else {
    #####:  437:      tmp___1 = outcnt;
    #####:  438:      outcnt ++;
    #####:  439:      outbuf[tmp___1] = (uch )((int )((ush )len) & 255);
    #####:  440:      if (outcnt == 16384U) {
        -:  441:        {
    #####:  442:        flush_outbuf();
        -:  443:        }
    #####:  444:      }
    #####:  445:      tmp___2 = outcnt;
    #####:  446:      outcnt ++;
    #####:  447:      outbuf[tmp___2] = (uch )((int )((ush )len) >> 8);
    #####:  448:      if (outcnt == 16384U) {
        -:  449:        {
    #####:  450:        flush_outbuf();
        -:  451:        }
    #####:  452:      }
        -:  453:    }
    #####:  454:    if (outcnt < 16382U) {
    #####:  455:      tmp___3 = outcnt;
    #####:  456:      outcnt ++;
    #####:  457:      outbuf[tmp___3] = (uch )((int )((ush )(~ len)) & 255);
    #####:  458:      tmp___4 = outcnt;
    #####:  459:      outcnt ++;
    #####:  460:      outbuf[tmp___4] = (uch )((int )((ush )(~ len)) >> 8);
    #####:  461:    } else {
    #####:  462:      tmp___5 = outcnt;
    #####:  463:      outcnt ++;
    #####:  464:      outbuf[tmp___5] = (uch )((int )((ush )(~ len)) & 255);
    #####:  465:      if (outcnt == 16384U) {
        -:  466:        {
    #####:  467:        flush_outbuf();
        -:  468:        }
    #####:  469:      }
    #####:  470:      tmp___6 = outcnt;
    #####:  471:      outcnt ++;
    #####:  472:      outbuf[tmp___6] = (uch )((int )((ush )(~ len)) >> 8);
    #####:  473:      if (outcnt == 16384U) {
        -:  474:        {
    #####:  475:        flush_outbuf();
        -:  476:        }
    #####:  477:      }
        -:  478:    }
    #####:  479:  }
        -:  480:  {
    #####:  481:  while (1) {
        -:  482:    while_continue: /* CIL Label */ ;
    #####:  483:    tmp___9 = len;
    #####:  484:    len --;
    #####:  485:    if (! tmp___9) {
    #####:  486:      goto while_break;
        -:  487:    }
    #####:  488:    tmp___7 = outcnt;
    #####:  489:    outcnt ++;
    #####:  490:    tmp___8 = buf;
    #####:  491:    buf ++;
    #####:  492:    outbuf[tmp___7] = (uch )*tmp___8;
    #####:  493:    if (outcnt == 16384U) {
        -:  494:      {
    #####:  495:      flush_outbuf();
        -:  496:      }
    #####:  497:    }
        -:  498:  }
        -:  499:  while_break: /* CIL Label */ ;
        -:  500:  }
    #####:  501:  return;
        -:  502:}
        -:  503:}
        -:  504:ulg window_size  =    65536UL;
        -:  505:long block_start  ;
        -:  506:static unsigned int ins_h  ;
        -:  507:unsigned int prev_length  ;
        -:  508:unsigned int strstart  ;
        -:  509:unsigned int match_start  ;
        -:  510:static int eofile  ;
        -:  511:static unsigned int lookahead  ;
        -:  512:unsigned int max_chain_length  ;
        -:  513:static unsigned int max_lazy_match  ;
        -:  514:static int compr_level  ;
        -:  515:unsigned int good_match  ;
        -:  516:int nice_match  ;
        -:  517:static config configuration_table[10]  = 
        -:  518:  {      {(ush )0, (ush )0, (ush )0, (ush )0}, 
        -:  519:        {(ush )4, (ush )4, (ush )8, (ush )4}, 
        -:  520:        {(ush )4, (ush )5, (ush )16, (ush )8}, 
        -:  521:        {(ush )4, (ush )6, (ush )32, (ush )32}, 
        -:  522:        {(ush )4, (ush )4, (ush )16, (ush )16}, 
        -:  523:        {(ush )8, (ush )16, (ush )32, (ush )32}, 
        -:  524:        {(ush )8, (ush )16, (ush )128, (ush )128}, 
        -:  525:        {(ush )8, (ush )32, (ush )128, (ush )256}, 
        -:  526:        {(ush )32, (ush )128, (ush )258, (ush )1024}, 
        -:  527:        {(ush )32, (ush )258, (ush )258, (ush )4096}};
        -:  528:static void fill_window(void) ;
        -:  529:static off_t deflate_fast(void) ;
        -:  530:int longest_match(IPos cur_match ) ;
        1:  531:void lm_init(int pack_level , ush *flags___0 ) 
        -:  532:{ 
        -:  533:  register unsigned int j___0 ;
        -:  534:  unsigned int tmp ;
        -:  535:  int tmp___0 ;
        -:  536:
        -:  537:  {
        1:  538:  if (pack_level < 1) {
        -:  539:    {
    #####:  540:    error((char *)"bad pack level");
        -:  541:    }
    #####:  542:  } else { //Added block
        1:  543:  if (pack_level > 9) {
        -:  544:    {
    #####:  545:    error((char *)"bad pack level");
        -:  546:    }
    #####:  547:  }
        -:  548:  }
        -:  549:  {
        1:  550:  compr_level = pack_level;
        1:  551:  memset((voidp )((char *)(prev + 32768)), 0, (unsigned long )((unsigned int )(1 << 15)) * sizeof(*(prev + 32768)));
        1:  552:  max_lazy_match = (unsigned int )configuration_table[pack_level].max_lazy;
        1:  553:  good_match = (unsigned int )configuration_table[pack_level].good_length;
        1:  554:  nice_match = (int )configuration_table[pack_level].nice_length;
        1:  555:  max_chain_length = (unsigned int )configuration_table[pack_level].max_chain;
        -:  556:  }
        1:  557:  if (pack_level == 1) {
    #####:  558:    *flags___0 = (ush )((int )*flags___0 | 4);
    #####:  559:  } else { //Added block
        1:  560:  if (pack_level == 9) {
    #####:  561:    *flags___0 = (ush )((int )*flags___0 | 2);
    #####:  562:  }
        -:  563:  }
        1:  564:  strstart = 0U;
        1:  565:  block_start = 0L;
        -:  566:  if (sizeof(int ) <= 2UL) {
        -:  567:    tmp = 32768U;
        -:  568:  } else {
        1:  569:    tmp = 65536U;
        -:  570:  }
        -:  571:  {
        1:  572:  tmp___0 = (*read_buf)((char *)(window), tmp);
        1:  573:  lookahead = (unsigned int )tmp___0;
        -:  574:  }
        1:  575:  if (lookahead == 0U) {
    #####:  576:    eofile = 1;
    #####:  577:    lookahead = 0U;
    #####:  578:    return;
        -:  579:  } else { //Added block
        1:  580:  if (lookahead == 4294967295U) {
    #####:  581:    eofile = 1;
    #####:  582:    lookahead = 0U;
    #####:  583:    return;
        -:  584:  }
        -:  585:  }
        1:  586:  eofile = 0;
        -:  587:  {
        1:  588:  while (1) {
        -:  589:    while_continue: /* CIL Label */ ;
        1:  590:    if (lookahead < 262U) {
    #####:  591:      if (! (! eofile)) {
    #####:  592:        goto while_break;
        -:  593:      }
    #####:  594:    } else {
        1:  595:      goto while_break;
        -:  596:    }
        -:  597:    {
    #####:  598:    fill_window();
        -:  599:    }
        -:  600:  }
        -:  601:  while_break: /* CIL Label */ ;
        -:  602:  }
        1:  603:  ins_h = 0U;
        1:  604:  j___0 = 0U;
        -:  605:  {
        3:  606:  while (1) {
        -:  607:    while_continue___0: /* CIL Label */ ;
        3:  608:    if (! (j___0 < 2U)) {
        1:  609:      goto while_break___0;
        -:  610:    }
        2:  611:    ins_h = ((ins_h << 5) ^ (unsigned int )window[j___0]) & ((unsigned int )(1 << 15) - 1U);
        2:  612:    j___0 ++;
        -:  613:  }
        -:  614:  while_break___0: /* CIL Label */ ;
        -:  615:  }
        1:  616:  return;
        -:  617:}
        1:  618:}
     9037:  619:int longest_match(IPos cur_match ) 
        -:  620:{ 
        -:  621:  unsigned int chain_length ;
        -:  622:  register uch *scan ;
        -:  623:  register uch *match ;
        -:  624:  register int len ;
        -:  625:  int best_len ;
        -:  626:  IPos limit ;
        -:  627:  unsigned int tmp ;
        -:  628:  register uch *strend ;
        -:  629:  register uch scan_end1 ;
        -:  630:  register uch scan_end ;
        -:  631:
        -:  632:  {
     9037:  633:  chain_length = max_chain_length;
     9037:  634:  scan = window + strstart;
     9037:  635:  best_len = (int )prev_length;
     9037:  636:  if (strstart > 32506U) {
      391:  637:    tmp = strstart - 32506U;
      391:  638:  } else {
     8646:  639:    tmp = 0U;
        -:  640:  }
     9037:  641:  limit = tmp;
     9037:  642:  strend = (window + strstart) + 258;
     9037:  643:  scan_end1 = *(scan + (best_len - 1));
     9037:  644:  scan_end = *(scan + best_len);
     9037:  645:  if (prev_length >= good_match) {
     1279:  646:    chain_length >>= 2;
     1279:  647:  }
        -:  648:  {
   211931:  649:  while (1) {
        -:  650:    while_continue: /* CIL Label */ ;
   211931:  651:    match = window + cur_match;
   211931:  652:    if ((int )*(match + best_len) != (int )scan_end) {
   190926:  653:      goto __Cont;
        -:  654:    } else { //Added block
    21005:  655:    if ((int )*(match + (best_len - 1)) != (int )scan_end1) {
     9408:  656:      goto __Cont;
        -:  657:    } else { //Added block
    11597:  658:    if ((int )*match != (int )*scan) {
     3111:  659:      goto __Cont;
        -:  660:    } else {
     8486:  661:      match ++;
     8486:  662:      if ((int )*match != (int )*(scan + 1)) {
    #####:  663:        goto __Cont;
        -:  664:      }
        -:  665:    }
        -:  666:    }
        -:  667:    }
     8486:  668:    scan += 2;
     8486:  669:    match ++;
        -:  670:    {
     9595:  671:    while (1) {
        -:  672:      while_continue___0: /* CIL Label */ ;
     9595:  673:      scan ++;
     9595:  674:      match ++;
     9595:  675:      if ((int )*scan == (int )*match) {
     6866:  676:        scan ++;
     6866:  677:        match ++;
     6866:  678:        if ((int )*scan == (int )*match) {
     5154:  679:          scan ++;
     5154:  680:          match ++;
     5154:  681:          if ((int )*scan == (int )*match) {
     3978:  682:            scan ++;
     3978:  683:            match ++;
     3978:  684:            if ((int )*scan == (int )*match) {
     2966:  685:              scan ++;
     2966:  686:              match ++;
     2966:  687:              if ((int )*scan == (int )*match) {
     2289:  688:                scan ++;
     2289:  689:                match ++;
     2289:  690:                if ((int )*scan == (int )*match) {
     1749:  691:                  scan ++;
     1749:  692:                  match ++;
     1749:  693:                  if ((int )*scan == (int )*match) {
     1387:  694:                    scan ++;
     1387:  695:                    match ++;
     1387:  696:                    if ((int )*scan == (int )*match) {
     1110:  697:                      if (! ((unsigned long )scan < (unsigned long )strend)) {
        1:  698:                        goto while_break___0;
        -:  699:                      }
     1109:  700:                    } else {
      277:  701:                      goto while_break___0;
        -:  702:                    }
     1109:  703:                  } else {
      362:  704:                    goto while_break___0;
        -:  705:                  }
     1109:  706:                } else {
      540:  707:                  goto while_break___0;
        -:  708:                }
     1109:  709:              } else {
      677:  710:                goto while_break___0;
        -:  711:              }
     1109:  712:            } else {
     1012:  713:              goto while_break___0;
        -:  714:            }
     1109:  715:          } else {
     1176:  716:            goto while_break___0;
        -:  717:          }
     1109:  718:        } else {
     1712:  719:          goto while_break___0;
        -:  720:        }
     1109:  721:      } else {
     2729:  722:        goto while_break___0;
        -:  723:      }
        -:  724:    }
        -:  725:    while_break___0: /* CIL Label */ ;
        -:  726:    }
     8486:  727:    len = 258 - (int )(strend - scan);
     8486:  728:    scan = strend - 258;
    16174:  729:    if (len > best_len) {
     7690:  730:      match_start = cur_match;
     7690:  731:      best_len = len;
     7690:  732:      if (len >= nice_match) {
        2:  733:        goto while_break;
        -:  734:      }
     7688:  735:      scan_end1 = *(scan + (best_len - 1));
     7688:  736:      scan_end = *(scan + best_len);
     7688:  737:    }
        -:  738:    __Cont: 
   211929:  739:    cur_match = (IPos )prev[cur_match & 32767U];
   211929:  740:    if (cur_match > limit) {
   203777:  741:      chain_length --;
   203777:  742:      if (! (chain_length != 0U)) {
      883:  743:        goto while_break;
        -:  744:      }
   202894:  745:    } else {
     8152:  746:      goto while_break;
        -:  747:    }
        -:  748:  }
        -:  749:  while_break: /* CIL Label */ ;
        -:  750:  }
     9037:  751:  return (best_len);
        -:  752:}
        -:  753:}
        1:  754:static void fill_window(void) 
        -:  755:{ 
        -:  756:  register unsigned int n ;
        -:  757:  register unsigned int m ;
        -:  758:  unsigned int more ;
        -:  759:  unsigned int tmp ;
        -:  760:  unsigned int tmp___0 ;
        -:  761:  int tmp___1 ;
        -:  762:
        -:  763:  {
        1:  764:  more = (unsigned int )((window_size - (ulg )lookahead) - (ulg )strstart);
        1:  765:  if (more == 4294967295U) {
    #####:  766:    more --;
    #####:  767:  } else { //Added block
        1:  768:  if (strstart >= 65274U) {
        -:  769:    {
    #####:  770:    memcpy((void * __restrict  )((char *)(window)), (void const   * __restrict  )((char *)(window) + 32768),
        -:  771:           (size_t )32768U);
    #####:  772:    match_start -= 32768U;
    #####:  773:    strstart -= 32768U;
    #####:  774:    block_start -= 32768L;
    #####:  775:    n = 0U;
        -:  776:    }
        -:  777:    {
    #####:  778:    while (1) {
        -:  779:      while_continue: /* CIL Label */ ;
    #####:  780:      if (! (n < (unsigned int )(1 << 15))) {
    #####:  781:        goto while_break;
        -:  782:      }
    #####:  783:      m = (unsigned int )*((prev + 32768) + n);
    #####:  784:      if (m >= 32768U) {
    #####:  785:        tmp = m - 32768U;
    #####:  786:      } else {
    #####:  787:        tmp = 0U;
        -:  788:      }
    #####:  789:      *((prev + 32768) + n) = (Pos )tmp;
    #####:  790:      n ++;
        -:  791:    }
        -:  792:    while_break: /* CIL Label */ ;
        -:  793:    }
    #####:  794:    n = 0U;
        -:  795:    {
    #####:  796:    while (1) {
        -:  797:      while_continue___0: /* CIL Label */ ;
    #####:  798:      if (! (n < 32768U)) {
    #####:  799:        goto while_break___0;
        -:  800:      }
    #####:  801:      m = (unsigned int )prev[n];
    #####:  802:      if (m >= 32768U) {
    #####:  803:        tmp___0 = m - 32768U;
    #####:  804:      } else {
    #####:  805:        tmp___0 = 0U;
        -:  806:      }
    #####:  807:      prev[n] = (Pos )tmp___0;
    #####:  808:      n ++;
        -:  809:    }
        -:  810:    while_break___0: /* CIL Label */ ;
        -:  811:    }
    #####:  812:    more += 32768U;
    #####:  813:  }
        -:  814:  }
        1:  815:  if (! eofile) {
        -:  816:    {
        1:  817:    tmp___1 = (*read_buf)(((char *)(window) + strstart) + lookahead, more);
        1:  818:    n = (unsigned int )tmp___1;
        -:  819:    }
        1:  820:    if (n == 0U) {
        1:  821:      eofile = 1;
        1:  822:    } else { //Added block
    #####:  823:    if (n == 4294967295U) {
    #####:  824:      eofile = 1;
    #####:  825:    } else {
    #####:  826:      lookahead += n;
        -:  827:    }
        -:  828:    }
        1:  829:  }
        1:  830:  return;
        -:  831:}
        -:  832:}
    #####:  833:static off_t deflate_fast(void) 
        -:  834:{ 
        -:  835:  IPos hash_head ;
        -:  836:  int flush ;
        -:  837:  unsigned int match_length ;
        -:  838:  int tmp ;
        -:  839:  char *tmp___0 ;
        -:  840:  char *tmp___1 ;
        -:  841:  off_t tmp___2 ;
        -:  842:
        -:  843:  {
    #####:  844:  match_length = 0U;
    #####:  845:  prev_length = 2U;
        -:  846:  {
    #####:  847:  while (1) {
        -:  848:    while_continue: /* CIL Label */ ;
    #####:  849:    if (! (lookahead != 0U)) {
    #####:  850:      goto while_break;
        -:  851:    }
    #####:  852:    ins_h = ((ins_h << 5) ^ (unsigned int )window[(strstart + 3U) - 1U]) & ((unsigned int )(1 << 15) - 1U);
    #####:  853:    hash_head = (IPos )*((prev + 32768) + ins_h);
    #####:  854:    prev[strstart & 32767U] = (ush )hash_head;
    #####:  855:    *((prev + 32768) + ins_h) = (ush )strstart;
    #####:  856:    if (hash_head != 0U) {
    #####:  857:      if (strstart - hash_head <= 32506U) {
        -:  858:        {
    #####:  859:        tmp = longest_match(hash_head);
    #####:  860:        match_length = (unsigned int )tmp;
        -:  861:        }
    #####:  862:        if (match_length > lookahead) {
    #####:  863:          match_length = lookahead;
    #####:  864:        }
    #####:  865:      }
    #####:  866:    }
    #####:  867:    if (match_length >= 3U) {
        -:  868:      {
    #####:  869:      flush = ct_tally((int )(strstart - match_start), (int )(match_length - 3U));
    #####:  870:      lookahead -= match_length;
        -:  871:      }
    #####:  872:      if (match_length <= max_lazy_match) {
    #####:  873:        match_length --;
        -:  874:        {
    #####:  875:        while (1) {
        -:  876:          while_continue___0: /* CIL Label */ ;
    #####:  877:          strstart ++;
    #####:  878:          ins_h = ((ins_h << 5) ^ (unsigned int )window[(strstart + 3U) - 1U]) & ((unsigned int )(1 << 15) - 1U);
    #####:  879:          hash_head = (IPos )*((prev + 32768) + ins_h);
    #####:  880:          prev[strstart & 32767U] = (ush )hash_head;
    #####:  881:          *((prev + 32768) + ins_h) = (ush )strstart;
    #####:  882:          match_length --;
    #####:  883:          if (! (match_length != 0U)) {
    #####:  884:            goto while_break___0;
        -:  885:          }
        -:  886:        }
        -:  887:        while_break___0: /* CIL Label */ ;
        -:  888:        }
    #####:  889:        strstart ++;
    #####:  890:      } else {
    #####:  891:        strstart += match_length;
    #####:  892:        match_length = 0U;
    #####:  893:        ins_h = (unsigned int )window[strstart];
    #####:  894:        ins_h = ((ins_h << 5) ^ (unsigned int )window[strstart + 1U]) & ((unsigned int )(1 << 15) - 1U);
        -:  895:      }
    #####:  896:    } else {
        -:  897:      {
    #####:  898:      flush = ct_tally(0, (int )window[strstart]);
    #####:  899:      lookahead --;
    #####:  900:      strstart ++;
        -:  901:      }
        -:  902:    }
    #####:  903:    if (flush) {
    #####:  904:      if (block_start >= 0L) {
    #####:  905:        tmp___0 = (char *)(& window[(unsigned int )block_start]);
    #####:  906:      } else {
    #####:  907:        tmp___0 = (char *)((void *)0);
        -:  908:      }
        -:  909:      {
    #####:  910:      flush_block(tmp___0, (ulg )((long )strstart - block_start), 0);
    #####:  911:      block_start = (long )strstart;
        -:  912:      }
    #####:  913:    }
        -:  914:    {
    #####:  915:    while (1) {
        -:  916:      while_continue___1: /* CIL Label */ ;
    #####:  917:      if (lookahead < 262U) {
    #####:  918:        if (! (! eofile)) {
    #####:  919:          goto while_break___1;
        -:  920:        }
    #####:  921:      } else {
    #####:  922:        goto while_break___1;
        -:  923:      }
        -:  924:      {
    #####:  925:      fill_window();
        -:  926:      }
        -:  927:    }
        -:  928:    while_break___1: /* CIL Label */ ;
        -:  929:    }
        -:  930:  }
        -:  931:  while_break: /* CIL Label */ ;
        -:  932:  }
    #####:  933:  if (block_start >= 0L) {
    #####:  934:    tmp___1 = (char *)(& window[(unsigned int )block_start]);
    #####:  935:  } else {
    #####:  936:    tmp___1 = (char *)((void *)0);
        -:  937:  }
        -:  938:  {
    #####:  939:  tmp___2 = flush_block(tmp___1, (ulg )((long )strstart - block_start), 1);
        -:  940:  }
    #####:  941:  return (tmp___2);
        -:  942:}
        -:  943:}
        1:  944:off_t deflate(void) 
        -:  945:{ 
        -:  946:  IPos hash_head ;
        -:  947:  IPos prev_match ;
        -:  948:  int flush ;
        -:  949:  int match_available ;
        -:  950:  register unsigned int match_length ;
        -:  951:  off_t tmp ;
        -:  952:  int tmp___0 ;
        -:  953:  char *tmp___1 ;
        -:  954:  char *tmp___2 ;
        -:  955:  int tmp___3 ;
        -:  956:  char *tmp___4 ;
        -:  957:  off_t tmp___5 ;
        -:  958:
        -:  959:  {
        1:  960:  match_available = 0;
        1:  961:  match_length = 2U;
        1:  962:  if (compr_level <= 3) {
        -:  963:    {
    #####:  964:    tmp = deflate_fast();
        -:  965:    }
    #####:  966:    return (tmp);
        -:  967:  }
        -:  968:  {
    11568:  969:  while (1) {
        -:  970:    while_continue: /* CIL Label */ ;
    11568:  971:    if (! (lookahead != 0U)) {
        1:  972:      goto while_break;
        -:  973:    }
    11567:  974:    ins_h = ((ins_h << 5) ^ (unsigned int )window[(strstart + 3U) - 1U]) & ((unsigned int )(1 << 15) - 1U);
    11567:  975:    hash_head = (IPos )*((prev + 32768) + ins_h);
    11567:  976:    prev[strstart & 32767U] = (ush )hash_head;
    11567:  977:    *((prev + 32768) + ins_h) = (ush )strstart;
    11567:  978:    prev_length = match_length;
    11567:  979:    prev_match = match_start;
    11567:  980:    match_length = 2U;
    11567:  981:    if (hash_head != 0U) {
     9271:  982:      if (prev_length < max_lazy_match) {
     9037:  983:        if (strstart - hash_head <= 32506U) {
        -:  984:          {
     9037:  985:          tmp___0 = longest_match(hash_head);
     9037:  986:          match_length = (unsigned int )tmp___0;
        -:  987:          }
     9037:  988:          if (match_length > lookahead) {
        1:  989:            match_length = lookahead;
        1:  990:          }
     9037:  991:          if (match_length == 3U) {
     1232:  992:            if (strstart - match_start > 4096U) {
      265:  993:              match_length --;
      265:  994:            }
     1232:  995:          }
     9037:  996:        }
     9037:  997:      }
     9271:  998:    }
    11567:  999:    if (prev_length >= 3U) {
     4784: 1000:      if (match_length <= prev_length) {
        -: 1001:        {
     4166: 1002:        flush = ct_tally((int )((strstart - 1U) - prev_match), (int )(prev_length - 3U));
     4166: 1003:        lookahead -= prev_length - 1U;
     4166: 1004:        prev_length -= 2U;
        -: 1005:        }
        -: 1006:        {
    22664: 1007:        while (1) {
        -: 1008:          while_continue___0: /* CIL Label */ ;
    22664: 1009:          strstart ++;
    22664: 1010:          ins_h = ((ins_h << 5) ^ (unsigned int )window[(strstart + 3U) - 1U]) & ((unsigned int )(1 << 15) - 1U);
    22664: 1011:          hash_head = (IPos )*((prev + 32768) + ins_h);
    22664: 1012:          prev[strstart & 32767U] = (ush )hash_head;
    22664: 1013:          *((prev + 32768) + ins_h) = (ush )strstart;
    22664: 1014:          prev_length --;
    22664: 1015:          if (! (prev_length != 0U)) {
     4166: 1016:            goto while_break___0;
        -: 1017:          }
        -: 1018:        }
        -: 1019:        while_break___0: /* CIL Label */ ;
        -: 1020:        }
     4166: 1021:        match_available = 0;
     4166: 1022:        match_length = 2U;
     4166: 1023:        strstart ++;
     4166: 1024:        if (flush) {
    #####: 1025:          if (block_start >= 0L) {
    #####: 1026:            tmp___1 = (char *)(& window[(unsigned int )block_start]);
    #####: 1027:          } else {
    #####: 1028:            tmp___1 = (char *)((void *)0);
        -: 1029:          }
        -: 1030:          {
    #####: 1031:          flush_block(tmp___1, (ulg )((long )strstart - block_start), 0);
    #####: 1032:          block_start = (long )strstart;
        -: 1033:          }
    #####: 1034:        }
     4166: 1035:      } else {
      618: 1036:        goto _L;
        -: 1037:      }
    10949: 1038:    } else { //Added block
        -: 1039:    _L: 
     7401: 1040:    if (match_available) {
        -: 1041:      {
     3234: 1042:      tmp___3 = ct_tally(0, (int )window[strstart - 1U]);
        -: 1043:      }
     3234: 1044:      if (tmp___3) {
    #####: 1045:        if (block_start >= 0L) {
    #####: 1046:          tmp___2 = (char *)(& window[(unsigned int )block_start]);
    #####: 1047:        } else {
    #####: 1048:          tmp___2 = (char *)((void *)0);
        -: 1049:        }
        -: 1050:        {
    #####: 1051:        flush_block(tmp___2, (ulg )((long )strstart - block_start), 0);
    #####: 1052:        block_start = (long )strstart;
        -: 1053:        }
    #####: 1054:      }
     3234: 1055:      strstart ++;
     3234: 1056:      lookahead --;
     3234: 1057:    } else {
     4167: 1058:      match_available = 1;
     4167: 1059:      strstart ++;
     4167: 1060:      lookahead --;
        -: 1061:    }
        -: 1062:    }
        -: 1063:    {
    11568: 1064:    while (1) {
        -: 1065:      while_continue___1: /* CIL Label */ ;
    11568: 1066:      if (lookahead < 262U) {
      113: 1067:        if (! (! eofile)) {
      112: 1068:          goto while_break___1;
        -: 1069:        }
        1: 1070:      } else {
    11455: 1071:        goto while_break___1;
        -: 1072:      }
        -: 1073:      {
        1: 1074:      fill_window();
        -: 1075:      }
        -: 1076:    }
        -: 1077:    while_break___1: /* CIL Label */ ;
        -: 1078:    }
        -: 1079:  }
        -: 1080:  while_break: /* CIL Label */ ;
        -: 1081:  }
        1: 1082:  if (match_available) {
        -: 1083:    {
        1: 1084:    ct_tally(0, (int )window[strstart - 1U]);
        -: 1085:    }
        1: 1086:  }
        1: 1087:  if (block_start >= 0L) {
        1: 1088:    tmp___4 = (char *)(& window[(unsigned int )block_start]);
        1: 1089:  } else {
    #####: 1090:    tmp___4 = (char *)((void *)0);
        -: 1091:  }
        -: 1092:  {
        1: 1093:  tmp___5 = flush_block(tmp___4, (ulg )((long )strstart - block_start), 1);
        -: 1094:  }
        1: 1095:  return (tmp___5);
        -: 1096:}
        1: 1097:}
        -: 1098:extern  __attribute__((__nothrow__)) int ( __attribute__((__nonnull__(1), __leaf__)) atoi)(char const   *__nptr )  __attribute__((__pure__)) ;
        -: 1099:extern  __attribute__((__nothrow__)) void *( __attribute__((__leaf__)) malloc)(size_t __size )  __attribute__((__malloc__)) ;
        -: 1100:extern  __attribute__((__nothrow__)) void *( __attribute__((__leaf__)) calloc)(size_t __nmemb ,
        -: 1101:                                                                               size_t __size )  __attribute__((__malloc__)) ;
        -: 1102:extern  __attribute__((__nothrow__)) void ( __attribute__((__leaf__)) free)(void *__ptr ) ;
        -: 1103:extern  __attribute__((__nothrow__, __noreturn__)) void ( __attribute__((__leaf__)) exit)(int __status ) ;
        -: 1104:extern  __attribute__((__nothrow__)) char *( __attribute__((__nonnull__(1), __leaf__)) getenv)(char const   *__name ) ;
        -: 1105:int huft_build(unsigned int *b , unsigned int n , unsigned int s , ush *d , ush *e ,
        -: 1106:               struct huft **t , int *m ) ;
        -: 1107:int huft_free(struct huft *t ) ;
        -: 1108:int inflate_codes(struct huft *tl , struct huft *td , int bl , int bd ) ;
        -: 1109:int inflate_stored(void) ;
        -: 1110:int inflate_fixed(void) ;
        -: 1111:int inflate_dynamic(void) ;
        -: 1112:int inflate_block(int *e ) ;
        -: 1113:static unsigned int border[19]  = 
        -: 1114:  {      16U,      17U,      18U,      0U, 
        -: 1115:        8U,      7U,      9U,      6U, 
        -: 1116:        10U,      5U,      11U,      4U, 
        -: 1117:        12U,      3U,      13U,      2U, 
        -: 1118:        14U,      1U,      15U};
        -: 1119:static ush cplens[31]  = 
        -: 1120:  {      (ush )3,      (ush )4,      (ush )5,      (ush )6, 
        -: 1121:        (ush )7,      (ush )8,      (ush )9,      (ush )10, 
        -: 1122:        (ush )11,      (ush )13,      (ush )15,      (ush )17, 
        -: 1123:        (ush )19,      (ush )23,      (ush )27,      (ush )31, 
        -: 1124:        (ush )35,      (ush )43,      (ush )51,      (ush )59, 
        -: 1125:        (ush )67,      (ush )83,      (ush )99,      (ush )115, 
        -: 1126:        (ush )131,      (ush )163,      (ush )195,      (ush )227, 
        -: 1127:        (ush )258,      (ush )0,      (ush )0};
        -: 1128:static ush cplext[31]  = 
        -: 1129:  {      (ush )0,      (ush )0,      (ush )0,      (ush )0, 
        -: 1130:        (ush )0,      (ush )0,      (ush )0,      (ush )0, 
        -: 1131:        (ush )1,      (ush )1,      (ush )1,      (ush )1, 
        -: 1132:        (ush )2,      (ush )2,      (ush )2,      (ush )2, 
        -: 1133:        (ush )3,      (ush )3,      (ush )3,      (ush )3, 
        -: 1134:        (ush )4,      (ush )4,      (ush )4,      (ush )4, 
        -: 1135:        (ush )5,      (ush )5,      (ush )5,      (ush )5, 
        -: 1136:        (ush )0,      (ush )99,      (ush )99};
        -: 1137:static ush cpdist[30]  = 
        -: 1138:  {      (ush )1,      (ush )2,      (ush )3,      (ush )4, 
        -: 1139:        (ush )5,      (ush )7,      (ush )9,      (ush )13, 
        -: 1140:        (ush )17,      (ush )25,      (ush )33,      (ush )49, 
        -: 1141:        (ush )65,      (ush )97,      (ush )129,      (ush )193, 
        -: 1142:        (ush )257,      (ush )385,      (ush )513,      (ush )769, 
        -: 1143:        (ush )1025,      (ush )1537,      (ush )2049,      (ush )3073, 
        -: 1144:        (ush )4097,      (ush )6145,      (ush )8193,      (ush )12289, 
        -: 1145:        (ush )16385,      (ush )24577};
        -: 1146:static ush cpdext[30]  = 
        -: 1147:  {      (ush )0,      (ush )0,      (ush )0,      (ush )0, 
        -: 1148:        (ush )1,      (ush )1,      (ush )2,      (ush )2, 
        -: 1149:        (ush )3,      (ush )3,      (ush )4,      (ush )4, 
        -: 1150:        (ush )5,      (ush )5,      (ush )6,      (ush )6, 
        -: 1151:        (ush )7,      (ush )7,      (ush )8,      (ush )8, 
        -: 1152:        (ush )9,      (ush )9,      (ush )10,      (ush )10, 
        -: 1153:        (ush )11,      (ush )11,      (ush )12,      (ush )12, 
        -: 1154:        (ush )13,      (ush )13};
        -: 1155:ulg bb  ;
        -: 1156:unsigned int bk  ;
        -: 1157:ush mask_bits[17]  = 
        -: 1158:  {      (ush )0,      (ush )1,      (ush )3,      (ush )7, 
        -: 1159:        (ush )15,      (ush )31,      (ush )63,      (ush )127, 
        -: 1160:        (ush )255,      (ush )511,      (ush )1023,      (ush )2047, 
        -: 1161:        (ush )4095,      (ush )8191,      (ush )16383,      (ush )32767, 
        -: 1162:        (ush )65535};
        -: 1163:int lbits  =    9;
        -: 1164:int dbits  =    6;
        -: 1165:unsigned int hufts  ;
    #####: 1166:int huft_build(unsigned int *b , unsigned int n , unsigned int s , ush *d , ush *e ,
        -: 1167:               struct huft **t , int *m ) 
        -: 1168:{ 
        -: 1169:  unsigned int a ;
        -: 1170:  unsigned int c[17] ;
        -: 1171:  unsigned int f ;
        -: 1172:  int g ;
        -: 1173:  int h ;
        -: 1174:  register unsigned int i___0 ;
        -: 1175:  register unsigned int j___0 ;
        -: 1176:  register int k ;
        -: 1177:  int l ;
        -: 1178:  register unsigned int *p ;
        -: 1179:  register struct huft *q ;
        -: 1180:  struct huft r ;
        -: 1181:  struct huft *u[16] ;
        -: 1182:  unsigned int v[288] ;
        -: 1183:  register int w ;
        -: 1184:  unsigned int x[17] ;
        -: 1185:  unsigned int *xp ;
        -: 1186:  int y ;
        -: 1187:  unsigned int z ;
        -: 1188:  unsigned int *tmp ;
        -: 1189:  unsigned int *tmp___0 ;
        -: 1190:  unsigned int tmp___1 ;
        -: 1191:  unsigned int *tmp___2 ;
        -: 1192:  void *tmp___3 ;
        -: 1193:  int tmp___4 ;
        -: 1194:  unsigned int *tmp___5 ;
        -: 1195:  unsigned int tmp___6 ;
        -: 1196:  int tmp___7 ;
        -: 1197:
        -: 1198:  {
        -: 1199:  {
    #####: 1200:  memset((voidp )(c), 0, sizeof(c));
    #####: 1201:  p = b;
    #####: 1202:  i___0 = n;
        -: 1203:  }
        -: 1204:  {
    #####: 1205:  while (1) {
        -: 1206:    while_continue: /* CIL Label */ ;
    #####: 1207:    (c[*p]) ++;
    #####: 1208:    p ++;
    #####: 1209:    i___0 --;
    #####: 1210:    if (! i___0) {
    #####: 1211:      goto while_break;
        -: 1212:    }
        -: 1213:  }
        -: 1214:  while_break: /* CIL Label */ ;
        -: 1215:  }
    #####: 1216:  if (c[0] == n) {
    #####: 1217:    *t = (struct huft *)((void *)0);
    #####: 1218:    *m = 0;
    #####: 1219:    return (0);
        -: 1220:  }
    #####: 1221:  l = *m;
    #####: 1222:  j___0 = 1U;
        -: 1223:  {
    #####: 1224:  while (1) {
        -: 1225:    while_continue___0: /* CIL Label */ ;
    #####: 1226:    if (! (j___0 <= 16U)) {
    #####: 1227:      goto while_break___0;
        -: 1228:    }
    #####: 1229:    if (c[j___0]) {
    #####: 1230:      goto while_break___0;
        -: 1231:    }
    #####: 1232:    j___0 ++;
        -: 1233:  }
        -: 1234:  while_break___0: /* CIL Label */ ;
        -: 1235:  }
    #####: 1236:  k = (int )j___0;
    #####: 1237:  if ((unsigned int )l < j___0) {
    #####: 1238:    l = (int )j___0;
    #####: 1239:  }
    #####: 1240:  i___0 = 16U;
        -: 1241:  {
    #####: 1242:  while (1) {
        -: 1243:    while_continue___1: /* CIL Label */ ;
    #####: 1244:    if (! i___0) {
    #####: 1245:      goto while_break___1;
        -: 1246:    }
    #####: 1247:    if (c[i___0]) {
    #####: 1248:      goto while_break___1;
        -: 1249:    }
    #####: 1250:    i___0 --;
        -: 1251:  }
        -: 1252:  while_break___1: /* CIL Label */ ;
        -: 1253:  }
    #####: 1254:  g = (int )i___0;
    #####: 1255:  if ((unsigned int )l > i___0) {
    #####: 1256:    l = (int )i___0;
    #####: 1257:  }
    #####: 1258:  *m = l;
    #####: 1259:  y = 1 << j___0;
        -: 1260:  {
    #####: 1261:  while (1) {
        -: 1262:    while_continue___2: /* CIL Label */ ;
    #####: 1263:    if (! (j___0 < i___0)) {
    #####: 1264:      goto while_break___2;
        -: 1265:    }
    #####: 1266:    y = (int )((unsigned int )y - c[j___0]);
    #####: 1267:    if (y < 0) {
    #####: 1268:      return (2);
        -: 1269:    }
    #####: 1270:    j___0 ++;
    #####: 1271:    y <<= 1;
        -: 1272:  }
        -: 1273:  while_break___2: /* CIL Label */ ;
        -: 1274:  }
    #####: 1275:  y = (int )((unsigned int )y - c[i___0]);
    #####: 1276:  if (y < 0) {
    #####: 1277:    return (2);
        -: 1278:  }
    #####: 1279:  c[i___0] += (unsigned int )y;
    #####: 1280:  j___0 = 0U;
    #####: 1281:  x[1] = j___0;
    #####: 1282:  p = c + 1;
    #####: 1283:  xp = x + 2;
        -: 1284:  {
    #####: 1285:  while (1) {
        -: 1286:    while_continue___3: /* CIL Label */ ;
    #####: 1287:    i___0 --;
    #####: 1288:    if (! i___0) {
    #####: 1289:      goto while_break___3;
        -: 1290:    }
    #####: 1291:    tmp = xp;
    #####: 1292:    xp ++;
    #####: 1293:    tmp___0 = p;
    #####: 1294:    p ++;
    #####: 1295:    j___0 += *tmp___0;
    #####: 1296:    *tmp = j___0;
        -: 1297:  }
        -: 1298:  while_break___3: /* CIL Label */ ;
        -: 1299:  }
    #####: 1300:  p = b;
    #####: 1301:  i___0 = 0U;
        -: 1302:  {
    #####: 1303:  while (1) {
        -: 1304:    while_continue___4: /* CIL Label */ ;
    #####: 1305:    tmp___2 = p;
    #####: 1306:    p ++;
    #####: 1307:    j___0 = *tmp___2;
    #####: 1308:    if (j___0 != 0U) {
    #####: 1309:      tmp___1 = x[j___0];
    #####: 1310:      (x[j___0]) ++;
    #####: 1311:      v[tmp___1] = i___0;
    #####: 1312:    }
    #####: 1313:    i___0 ++;
    #####: 1314:    if (! (i___0 < n)) {
    #####: 1315:      goto while_break___4;
        -: 1316:    }
        -: 1317:  }
        -: 1318:  while_break___4: /* CIL Label */ ;
        -: 1319:  }
    #####: 1320:  n = x[g];
    #####: 1321:  i___0 = 0U;
    #####: 1322:  x[0] = i___0;
    #####: 1323:  p = v;
    #####: 1324:  h = -1;
    #####: 1325:  w = - l;
    #####: 1326:  u[0] = (struct huft *)((void *)0);
    #####: 1327:  q = (struct huft *)((void *)0);
    #####: 1328:  z = 0U;
        -: 1329:  {
    #####: 1330:  while (1) {
        -: 1331:    while_continue___5: /* CIL Label */ ;
    #####: 1332:    if (! (k <= g)) {
    #####: 1333:      goto while_break___5;
        -: 1334:    }
    #####: 1335:    a = c[k];
        -: 1336:    {
    #####: 1337:    while (1) {
        -: 1338:      while_continue___6: /* CIL Label */ ;
    #####: 1339:      tmp___6 = a;
    #####: 1340:      a --;
    #####: 1341:      if (! tmp___6) {
    #####: 1342:        goto while_break___6;
        -: 1343:      }
        -: 1344:      {
    #####: 1345:      while (1) {
        -: 1346:        while_continue___7: /* CIL Label */ ;
    #####: 1347:        if (! (k > w + l)) {
    #####: 1348:          goto while_break___7;
        -: 1349:        }
    #####: 1350:        h ++;
    #####: 1351:        w += l;
    #####: 1352:        z = (unsigned int )(g - w);
    #####: 1353:        if (z > (unsigned int )l) {
    #####: 1354:          z = (unsigned int )l;
    #####: 1355:        } else {
    #####: 1356:          z = z;
        -: 1357:        }
    #####: 1358:        j___0 = (unsigned int )(k - w);
    #####: 1359:        f = (unsigned int )(1 << j___0);
    #####: 1360:        if (f > a + 1U) {
    #####: 1361:          f -= a + 1U;
    #####: 1362:          xp = c + k;
    #####: 1363:          if (j___0 < z) {
        -: 1364:            {
    #####: 1365:            while (1) {
        -: 1366:              while_continue___8: /* CIL Label */ ;
    #####: 1367:              j___0 ++;
    #####: 1368:              if (! (j___0 < z)) {
    #####: 1369:                goto while_break___8;
        -: 1370:              }
    #####: 1371:              f <<= 1;
    #####: 1372:              xp ++;
    #####: 1373:              if (f <= *xp) {
    #####: 1374:                goto while_break___8;
        -: 1375:              }
    #####: 1376:              f -= *xp;
        -: 1377:            }
        -: 1378:            while_break___8: /* CIL Label */ ;
        -: 1379:            }
    #####: 1380:          }
    #####: 1381:        }
        -: 1382:        {
    #####: 1383:        z = (unsigned int )(1 << j___0);
    #####: 1384:        tmp___3 = malloc((unsigned long )(z + 1U) * sizeof(struct huft ));
    #####: 1385:        q = (struct huft *)tmp___3;
        -: 1386:        }
    #####: 1387:        if ((unsigned long )q == (unsigned long )((struct huft *)((void *)0))) {
    #####: 1388:          if (h) {
        -: 1389:            {
    #####: 1390:            huft_free(u[0]);
        -: 1391:            }
    #####: 1392:          }
    #####: 1393:          return (3);
        -: 1394:        }
    #####: 1395:        hufts += z + 1U;
    #####: 1396:        *t = q + 1;
    #####: 1397:        t = & q->v.t;
    #####: 1398:        *t = (struct huft *)((void *)0);
    #####: 1399:        q ++;
    #####: 1400:        u[h] = q;
    #####: 1401:        if (h) {
    #####: 1402:          x[h] = i___0;
    #####: 1403:          r.b = (uch )l;
    #####: 1404:          r.e = (uch )(16U + j___0);
    #####: 1405:          r.v.t = q;
    #####: 1406:          j___0 = i___0 >> (w - l);
    #####: 1407:          *(u[h - 1] + j___0) = r;
    #####: 1408:        }
        -: 1409:      }
        -: 1410:      while_break___7: /* CIL Label */ ;
        -: 1411:      }
    #####: 1412:      r.b = (uch )(k - w);
    #####: 1413:      if ((unsigned long )p >= (unsigned long )(v + n)) {
    #####: 1414:        r.e = (uch )99;
    #####: 1415:      } else { //Added block
    #####: 1416:      if (*p < s) {
    #####: 1417:        if (*p < 256U) {
    #####: 1418:          tmp___4 = 16;
    #####: 1419:        } else {
    #####: 1420:          tmp___4 = 15;
        -: 1421:        }
    #####: 1422:        r.e = (uch )tmp___4;
    #####: 1423:        r.v.n = (ush )*p;
    #####: 1424:        p ++;
    #####: 1425:      } else {
    #####: 1426:        r.e = (uch )*(e + (*p - s));
    #####: 1427:        tmp___5 = p;
    #####: 1428:        p ++;
    #####: 1429:        r.v.n = *(d + (*tmp___5 - s));
        -: 1430:      }
        -: 1431:      }
    #####: 1432:      f = (unsigned int )(1 << (k - w));
    #####: 1433:      j___0 = i___0 >> w;
        -: 1434:      {
    #####: 1435:      while (1) {
        -: 1436:        while_continue___9: /* CIL Label */ ;
    #####: 1437:        if (! (j___0 < z)) {
    #####: 1438:          goto while_break___9;
        -: 1439:        }
    #####: 1440:        *(q + j___0) = r;
    #####: 1441:        j___0 += f;
        -: 1442:      }
        -: 1443:      while_break___9: /* CIL Label */ ;
        -: 1444:      }
    #####: 1445:      j___0 = (unsigned int )(1 << (k - 1));
        -: 1446:      {
    #####: 1447:      while (1) {
        -: 1448:        while_continue___10: /* CIL Label */ ;
    #####: 1449:        if (! (i___0 & j___0)) {
    #####: 1450:          goto while_break___10;
        -: 1451:        }
    #####: 1452:        i___0 ^= j___0;
    #####: 1453:        j___0 >>= 1;
        -: 1454:      }
        -: 1455:      while_break___10: /* CIL Label */ ;
        -: 1456:      }
    #####: 1457:      i___0 ^= j___0;
        -: 1458:      {
    #####: 1459:      while (1) {
        -: 1460:        while_continue___11: /* CIL Label */ ;
    #####: 1461:        if (! ((i___0 & (unsigned int )((1 << w) - 1)) != x[h])) {
    #####: 1462:          goto while_break___11;
        -: 1463:        }
    #####: 1464:        h --;
    #####: 1465:        w -= l;
        -: 1466:      }
        -: 1467:      while_break___11: /* CIL Label */ ;
        -: 1468:      }
        -: 1469:    }
        -: 1470:    while_break___6: /* CIL Label */ ;
        -: 1471:    }
    #####: 1472:    k ++;
        -: 1473:  }
        -: 1474:  while_break___5: /* CIL Label */ ;
        -: 1475:  }
    #####: 1476:  if (y != 0) {
    #####: 1477:    if (g != 1) {
    #####: 1478:      tmp___7 = 1;
    #####: 1479:    } else {
    #####: 1480:      tmp___7 = 0;
        -: 1481:    }
    #####: 1482:  } else {
    #####: 1483:    tmp___7 = 0;
        -: 1484:  }
    #####: 1485:  return (tmp___7);
        -: 1486:}
    #####: 1487:}
    #####: 1488:int huft_free(struct huft *t ) 
        -: 1489:{ 
        -: 1490:  register struct huft *p ;
        -: 1491:  register struct huft *q ;
        -: 1492:
        -: 1493:  {
    #####: 1494:  p = t;
        -: 1495:  {
    #####: 1496:  while (1) {
        -: 1497:    while_continue: /* CIL Label */ ;
    #####: 1498:    if (! ((unsigned long )p != (unsigned long )((struct huft *)((void *)0)))) {
    #####: 1499:      goto while_break;
        -: 1500:    }
        -: 1501:    {
    #####: 1502:    p --;
    #####: 1503:    q = p->v.t;
    #####: 1504:    free((void *)((char *)p));
    #####: 1505:    p = q;
        -: 1506:    }
        -: 1507:  }
        -: 1508:  while_break: /* CIL Label */ ;
        -: 1509:  }
    #####: 1510:  return (0);
        -: 1511:}
        -: 1512:}
    #####: 1513:int inflate_codes(struct huft *tl , struct huft *td , int bl , int bd ) 
        -: 1514:{ 
        -: 1515:  register unsigned int e ;
        -: 1516:  unsigned int n ;
        -: 1517:  unsigned int d ;
        -: 1518:  unsigned int w ;
        -: 1519:  struct huft *t ;
        -: 1520:  unsigned int ml ;
        -: 1521:  unsigned int md ;
        -: 1522:  register ulg b ;
        -: 1523:  register unsigned int k ;
        -: 1524:  unsigned int tmp ;
        -: 1525:  int tmp___0 ;
        -: 1526:  int tmp___1 ;
        -: 1527:  unsigned int tmp___2 ;
        -: 1528:  int tmp___3 ;
        -: 1529:  int tmp___4 ;
        -: 1530:  unsigned int tmp___5 ;
        -: 1531:  unsigned int tmp___6 ;
        -: 1532:  int tmp___7 ;
        -: 1533:  int tmp___8 ;
        -: 1534:  unsigned int tmp___9 ;
        -: 1535:  int tmp___10 ;
        -: 1536:  int tmp___11 ;
        -: 1537:  unsigned int tmp___12 ;
        -: 1538:  int tmp___13 ;
        -: 1539:  int tmp___14 ;
        -: 1540:  unsigned int tmp___15 ;
        -: 1541:  int tmp___16 ;
        -: 1542:  int tmp___17 ;
        -: 1543:  unsigned int tmp___19 ;
        -: 1544:  unsigned int tmp___20 ;
        -: 1545:  unsigned int tmp___21 ;
        -: 1546:
        -: 1547:  {
    #####: 1548:  b = bb;
    #####: 1549:  k = bk;
    #####: 1550:  w = outcnt;
    #####: 1551:  ml = (unsigned int )mask_bits[bl];
    #####: 1552:  md = (unsigned int )mask_bits[bd];
        -: 1553:  {
    #####: 1554:  while (1) {
        -: 1555:    while_continue: /* CIL Label */ ;
        -: 1556:    {
    #####: 1557:    while (1) {
        -: 1558:      while_continue___0: /* CIL Label */ ;
    #####: 1559:      if (! (k < (unsigned int )bl)) {
    #####: 1560:        goto while_break___0;
        -: 1561:      }
    #####: 1562:      if (inptr < insize) {
    #####: 1563:        tmp = inptr;
    #####: 1564:        inptr ++;
    #####: 1565:        tmp___1 = (int )inbuf[tmp];
    #####: 1566:      } else {
        -: 1567:        {
    #####: 1568:        tmp___0 = fill_inbuf(0);
    #####: 1569:        tmp___1 = tmp___0;
        -: 1570:        }
        -: 1571:      }
    #####: 1572:      b |= (ulg )((uch )tmp___1) << k;
    #####: 1573:      k += 8U;
        -: 1574:    }
        -: 1575:    while_break___0: /* CIL Label */ ;
        -: 1576:    }
    #####: 1577:    t = tl + ((unsigned int )b & ml);
    #####: 1578:    e = (unsigned int )t->e;
    #####: 1579:    if (e > 16U) {
        -: 1580:      {
    #####: 1581:      while (1) {
        -: 1582:        while_continue___1: /* CIL Label */ ;
    #####: 1583:        if (e == 99U) {
    #####: 1584:          return (1);
        -: 1585:        }
    #####: 1586:        b >>= (int )t->b;
    #####: 1587:        k -= (unsigned int )t->b;
    #####: 1588:        e -= 16U;
        -: 1589:        {
    #####: 1590:        while (1) {
        -: 1591:          while_continue___2: /* CIL Label */ ;
    #####: 1592:          if (! (k < e)) {
    #####: 1593:            goto while_break___2;
        -: 1594:          }
    #####: 1595:          if (inptr < insize) {
    #####: 1596:            tmp___2 = inptr;
    #####: 1597:            inptr ++;
    #####: 1598:            tmp___4 = (int )inbuf[tmp___2];
    #####: 1599:          } else {
        -: 1600:            {
    #####: 1601:            tmp___3 = fill_inbuf(0);
    #####: 1602:            tmp___4 = tmp___3;
        -: 1603:            }
        -: 1604:          }
    #####: 1605:          b |= (ulg )((uch )tmp___4) << k;
    #####: 1606:          k += 8U;
        -: 1607:        }
        -: 1608:        while_break___2: /* CIL Label */ ;
        -: 1609:        }
    #####: 1610:        t = t->v.t + ((unsigned int )b & (unsigned int )mask_bits[e]);
    #####: 1611:        e = (unsigned int )t->e;
    #####: 1612:        if (! (e > 16U)) {
    #####: 1613:          goto while_break___1;
        -: 1614:        }
        -: 1615:      }
        -: 1616:      while_break___1: /* CIL Label */ ;
        -: 1617:      }
    #####: 1618:    }
    #####: 1619:    b >>= (int )t->b;
    #####: 1620:    k -= (unsigned int )t->b;
    #####: 1621:    if (e == 16U) {
    #####: 1622:      tmp___5 = w;
    #####: 1623:      w ++;
    #####: 1624:      window[tmp___5] = (uch )t->v.n;
    #####: 1625:      if (w == 32768U) {
        -: 1626:        {
    #####: 1627:        outcnt = w;
    #####: 1628:        flush_window();
    #####: 1629:        w = 0U;
        -: 1630:        }
    #####: 1631:      }
    #####: 1632:    } else {
    #####: 1633:      if (e == 15U) {
    #####: 1634:        goto while_break;
        -: 1635:      }
        -: 1636:      {
    #####: 1637:      while (1) {
        -: 1638:        while_continue___3: /* CIL Label */ ;
    #####: 1639:        if (! (k < e)) {
    #####: 1640:          goto while_break___3;
        -: 1641:        }
    #####: 1642:        if (inptr < insize) {
    #####: 1643:          tmp___6 = inptr;
    #####: 1644:          inptr ++;
    #####: 1645:          tmp___8 = (int )inbuf[tmp___6];
    #####: 1646:        } else {
        -: 1647:          {
    #####: 1648:          tmp___7 = fill_inbuf(0);
    #####: 1649:          tmp___8 = tmp___7;
        -: 1650:          }
        -: 1651:        }
    #####: 1652:        b |= (ulg )((uch )tmp___8) << k;
    #####: 1653:        k += 8U;
        -: 1654:      }
        -: 1655:      while_break___3: /* CIL Label */ ;
        -: 1656:      }
    #####: 1657:      n = (unsigned int )t->v.n + ((unsigned int )b & (unsigned int )mask_bits[e]);
    #####: 1658:      b >>= e;
    #####: 1659:      k -= e;
        -: 1660:      {
    #####: 1661:      while (1) {
        -: 1662:        while_continue___4: /* CIL Label */ ;
    #####: 1663:        if (! (k < (unsigned int )bd)) {
    #####: 1664:          goto while_break___4;
        -: 1665:        }
    #####: 1666:        if (inptr < insize) {
    #####: 1667:          tmp___9 = inptr;
    #####: 1668:          inptr ++;
    #####: 1669:          tmp___11 = (int )inbuf[tmp___9];
    #####: 1670:        } else {
        -: 1671:          {
    #####: 1672:          tmp___10 = fill_inbuf(0);
    #####: 1673:          tmp___11 = tmp___10;
        -: 1674:          }
        -: 1675:        }
    #####: 1676:        b |= (ulg )((uch )tmp___11) << k;
    #####: 1677:        k += 8U;
        -: 1678:      }
        -: 1679:      while_break___4: /* CIL Label */ ;
        -: 1680:      }
    #####: 1681:      t = td + ((unsigned int )b & md);
    #####: 1682:      e = (unsigned int )t->e;
    #####: 1683:      if (e > 16U) {
        -: 1684:        {
    #####: 1685:        while (1) {
        -: 1686:          while_continue___5: /* CIL Label */ ;
    #####: 1687:          if (e == 99U) {
    #####: 1688:            return (1);
        -: 1689:          }
    #####: 1690:          b >>= (int )t->b;
    #####: 1691:          k -= (unsigned int )t->b;
    #####: 1692:          e -= 16U;
        -: 1693:          {
    #####: 1694:          while (1) {
        -: 1695:            while_continue___6: /* CIL Label */ ;
    #####: 1696:            if (! (k < e)) {
    #####: 1697:              goto while_break___6;
        -: 1698:            }
    #####: 1699:            if (inptr < insize) {
    #####: 1700:              tmp___12 = inptr;
    #####: 1701:              inptr ++;
    #####: 1702:              tmp___14 = (int )inbuf[tmp___12];
    #####: 1703:            } else {
        -: 1704:              {
    #####: 1705:              tmp___13 = fill_inbuf(0);
    #####: 1706:              tmp___14 = tmp___13;
        -: 1707:              }
        -: 1708:            }
    #####: 1709:            b |= (ulg )((uch )tmp___14) << k;
    #####: 1710:            k += 8U;
        -: 1711:          }
        -: 1712:          while_break___6: /* CIL Label */ ;
        -: 1713:          }
    #####: 1714:          t = t->v.t + ((unsigned int )b & (unsigned int )mask_bits[e]);
    #####: 1715:          e = (unsigned int )t->e;
    #####: 1716:          if (! (e > 16U)) {
    #####: 1717:            goto while_break___5;
        -: 1718:          }
        -: 1719:        }
        -: 1720:        while_break___5: /* CIL Label */ ;
        -: 1721:        }
    #####: 1722:      }
    #####: 1723:      b >>= (int )t->b;
    #####: 1724:      k -= (unsigned int )t->b;
        -: 1725:      {
    #####: 1726:      while (1) {
        -: 1727:        while_continue___7: /* CIL Label */ ;
    #####: 1728:        if (! (k < e)) {
    #####: 1729:          goto while_break___7;
        -: 1730:        }
    #####: 1731:        if (inptr < insize) {
    #####: 1732:          tmp___15 = inptr;
    #####: 1733:          inptr ++;
    #####: 1734:          tmp___17 = (int )inbuf[tmp___15];
    #####: 1735:        } else {
        -: 1736:          {
    #####: 1737:          tmp___16 = fill_inbuf(0);
    #####: 1738:          tmp___17 = tmp___16;
        -: 1739:          }
        -: 1740:        }
    #####: 1741:        b |= (ulg )((uch )tmp___17) << k;
    #####: 1742:        k += 8U;
        -: 1743:      }
        -: 1744:      while_break___7: /* CIL Label */ ;
        -: 1745:      }
    #####: 1746:      d = (w - (unsigned int )t->v.n) - ((unsigned int )b & (unsigned int )mask_bits[e]);
    #####: 1747:      b >>= e;
    #####: 1748:      k -= e;
        -: 1749:      {
    #####: 1750:      while (1) {
        -: 1751:        while_continue___8: /* CIL Label */ ;
    #####: 1752:        d &= 32767U;
    #####: 1753:        if (d > w) {
    #####: 1754:          tmp___19 = d;
    #####: 1755:        } else {
    #####: 1756:          tmp___19 = w;
        -: 1757:        }
    #####: 1758:        e = 32768U - tmp___19;
    #####: 1759:        if (e > n) {
    #####: 1760:          e = n;
    #####: 1761:        } else {
    #####: 1762:          e = e;
        -: 1763:        }
    #####: 1764:        n -= e;
    #####: 1765:        if (w - d >= e) {
        -: 1766:          {
    #####: 1767:          memcpy((void * __restrict  )(window + w), (void const   * __restrict  )(window + d),
    #####: 1768:                 (size_t )e);
    #####: 1769:          w += e;
    #####: 1770:          d += e;
        -: 1771:          }
    #####: 1772:        } else {
        -: 1773:          {
    #####: 1774:          while (1) {
        -: 1775:            while_continue___9: /* CIL Label */ ;
    #####: 1776:            tmp___20 = w;
    #####: 1777:            w ++;
    #####: 1778:            tmp___21 = d;
    #####: 1779:            d ++;
    #####: 1780:            window[tmp___20] = window[tmp___21];
    #####: 1781:            e --;
    #####: 1782:            if (! e) {
    #####: 1783:              goto while_break___9;
        -: 1784:            }
        -: 1785:          }
        -: 1786:          while_break___9: /* CIL Label */ ;
        -: 1787:          }
        -: 1788:        }
    #####: 1789:        if (w == 32768U) {
        -: 1790:          {
    #####: 1791:          outcnt = w;
    #####: 1792:          flush_window();
    #####: 1793:          w = 0U;
        -: 1794:          }
    #####: 1795:        }
    #####: 1796:        if (! n) {
    #####: 1797:          goto while_break___8;
        -: 1798:        }
        -: 1799:      }
        -: 1800:      while_break___8: /* CIL Label */ ;
        -: 1801:      }
        -: 1802:    }
        -: 1803:  }
        -: 1804:  while_break: /* CIL Label */ ;
        -: 1805:  }
    #####: 1806:  outcnt = w;
    #####: 1807:  bb = b;
    #####: 1808:  bk = k;
    #####: 1809:  return (0);
        -: 1810:}
    #####: 1811:}
    #####: 1812:int inflate_stored(void) 
        -: 1813:{ 
        -: 1814:  unsigned int n ;
        -: 1815:  unsigned int w ;
        -: 1816:  register ulg b ;
        -: 1817:  register unsigned int k ;
        -: 1818:  unsigned int tmp ;
        -: 1819:  int tmp___0 ;
        -: 1820:  int tmp___1 ;
        -: 1821:  unsigned int tmp___2 ;
        -: 1822:  int tmp___3 ;
        -: 1823:  int tmp___4 ;
        -: 1824:  unsigned int tmp___5 ;
        -: 1825:  int tmp___6 ;
        -: 1826:  int tmp___7 ;
        -: 1827:  unsigned int tmp___8 ;
        -: 1828:  unsigned int tmp___9 ;
        -: 1829:
        -: 1830:  {
    #####: 1831:  b = bb;
    #####: 1832:  k = bk;
    #####: 1833:  w = outcnt;
    #####: 1834:  n = k & 7U;
    #####: 1835:  b >>= n;
    #####: 1836:  k -= n;
        -: 1837:  {
    #####: 1838:  while (1) {
        -: 1839:    while_continue: /* CIL Label */ ;
    #####: 1840:    if (! (k < 16U)) {
    #####: 1841:      goto while_break;
        -: 1842:    }
    #####: 1843:    if (inptr < insize) {
    #####: 1844:      tmp = inptr;
    #####: 1845:      inptr ++;
    #####: 1846:      tmp___1 = (int )inbuf[tmp];
    #####: 1847:    } else {
        -: 1848:      {
    #####: 1849:      tmp___0 = fill_inbuf(0);
    #####: 1850:      tmp___1 = tmp___0;
        -: 1851:      }
        -: 1852:    }
    #####: 1853:    b |= (ulg )((uch )tmp___1) << k;
    #####: 1854:    k += 8U;
        -: 1855:  }
        -: 1856:  while_break: /* CIL Label */ ;
        -: 1857:  }
    #####: 1858:  n = (unsigned int )b & 65535U;
    #####: 1859:  b >>= 16;
    #####: 1860:  k -= 16U;
        -: 1861:  {
    #####: 1862:  while (1) {
        -: 1863:    while_continue___0: /* CIL Label */ ;
    #####: 1864:    if (! (k < 16U)) {
    #####: 1865:      goto while_break___0;
        -: 1866:    }
    #####: 1867:    if (inptr < insize) {
    #####: 1868:      tmp___2 = inptr;
    #####: 1869:      inptr ++;
    #####: 1870:      tmp___4 = (int )inbuf[tmp___2];
    #####: 1871:    } else {
        -: 1872:      {
    #####: 1873:      tmp___3 = fill_inbuf(0);
    #####: 1874:      tmp___4 = tmp___3;
        -: 1875:      }
        -: 1876:    }
    #####: 1877:    b |= (ulg )((uch )tmp___4) << k;
    #####: 1878:    k += 8U;
        -: 1879:  }
        -: 1880:  while_break___0: /* CIL Label */ ;
        -: 1881:  }
    #####: 1882:  if (n != (unsigned int )(~ b & 65535UL)) {
    #####: 1883:    return (1);
        -: 1884:  }
    #####: 1885:  b >>= 16;
    #####: 1886:  k -= 16U;
        -: 1887:  {
    #####: 1888:  while (1) {
        -: 1889:    while_continue___1: /* CIL Label */ ;
    #####: 1890:    tmp___9 = n;
    #####: 1891:    n --;
    #####: 1892:    if (! tmp___9) {
    #####: 1893:      goto while_break___1;
        -: 1894:    }
        -: 1895:    {
    #####: 1896:    while (1) {
        -: 1897:      while_continue___2: /* CIL Label */ ;
    #####: 1898:      if (! (k < 8U)) {
    #####: 1899:        goto while_break___2;
        -: 1900:      }
[...]
        -: 8716:{ 
        -: 8717:  int s ;
        -: 8718:  size_t tmp ;
        -: 8719:  char c ;
        -: 8720:  struct stat tstat ;
        -: 8721:  int res ;
        -: 8722:  int tmp___0 ;
        -: 8723:  int tmp___1 ;
        -: 8724:  int tmp___2 ;
        -: 8725:
        -: 8726:  {
        -: 8727:  {
    #####: 8728:  tmp = strlen((char const   *)name);
    #####: 8729:  s = (int )tmp;
    #####: 8730:  c = *(name + (s - 1));
    #####: 8731:  tstat = *statb;
    #####: 8732:  *(name + (s - 1)) = (char )'\000';
    #####: 8733:  tmp___0 = stat((char const   * __restrict  )name, (struct stat * __restrict  )(& tstat));
        -: 8734:  }
    #####: 8735:  if (tmp___0 == 0) {
        -: 8736:    {
    #####: 8737:    tmp___1 = same_file(statb, & tstat);
        -: 8738:    }
    #####: 8739:    if (tmp___1) {
    #####: 8740:      tmp___2 = 1;
    #####: 8741:    } else {
    #####: 8742:      tmp___2 = 0;
        -: 8743:    }
    #####: 8744:  } else {
    #####: 8745:    tmp___2 = 0;
        -: 8746:  }
    #####: 8747:  res = tmp___2;
    #####: 8748:  *(name + (s - 1)) = c;
    #####: 8749:  return (res);
        -: 8750:}
        -: 8751:}
    #####: 8752:static void shorten_name(char *name ) 
        -: 8753:{ 
        -: 8754:  int len ;
        -: 8755:  char *trunc ;
        -: 8756:  int plen ;
        -: 8757:  int min_part ;
        -: 8758:  char *p ;
        -: 8759:  size_t tmp ;
        -: 8760:  int tmp___0 ;
        -: 8761:  size_t tmp___1 ;
        -: 8762:  char *tmp___2 ;
        -: 8763:
        -: 8764:  {
        -: 8765:  {
    #####: 8766:  trunc = (char *)((void *)0);
    #####: 8767:  min_part = 3;
    #####: 8768:  tmp = strlen((char const   *)name);
    #####: 8769:  len = (int )tmp;
        -: 8770:  }
    #####: 8771:  if (decompress) {
    #####: 8772:    if (len <= 1) {
        -: 8773:      {
    #####: 8774:      error((char *)"name too short");
        -: 8775:      }
    #####: 8776:    }
    #####: 8777:    *(name + (len - 1)) = (char )'\000';
    #####: 8778:    return;
        -: 8779:  }
        -: 8780:  {
    #####: 8781:  p = get_suffix(name);
        -: 8782:  }
    #####: 8783:  if ((unsigned long )p == (unsigned long )((void *)0)) {
        -: 8784:    {
    #####: 8785:    error((char *)"can\'t recover suffix\n");
        -: 8786:    }
    #####: 8787:  }
    #####: 8788:  *p = (char )'\000';
    #####: 8789:  save_orig_name = 1;
    #####: 8790:  if (len > 4) {
        -: 8791:    {
    #####: 8792:    tmp___0 = strcmp((char const   *)(p - 4), ".tar");
        -: 8793:    }
    #####: 8794:    if (tmp___0 == 0) {
        -: 8795:      {
    #####: 8796:      strcpy((char * __restrict  )(p - 4), (char const   * __restrict  )".tgz");
        -: 8797:      }
    #####: 8798:      return;
        -: 8799:    }
    #####: 8800:  }
        -: 8801:  {
    #####: 8802:  while (1) {
        -: 8803:    while_continue: /* CIL Label */ ;
        -: 8804:    {
    #####: 8805:    p = strrchr((char const   *)name, '/');
        -: 8806:    }
    #####: 8807:    if (p) {
    #####: 8808:      p ++;
    #####: 8809:    } else {
    #####: 8810:      p = name;
        -: 8811:    }
        -: 8812:    {
    #####: 8813:    while (1) {
        -: 8814:      while_continue___0: /* CIL Label */ ;
    #####: 8815:      if (! *p) {
    #####: 8816:        goto while_break___0;
        -: 8817:      }
        -: 8818:      {
    #####: 8819:      tmp___1 = strcspn((char const   *)p, ".");
    #####: 8820:      plen = (int )tmp___1;
    #####: 8821:      p += plen;
        -: 8822:      }
    #####: 8823:      if (plen > min_part) {
    #####: 8824:        trunc = p - 1;
    #####: 8825:      }
    #####: 8826:      if (*p) {
    #####: 8827:        p ++;
    #####: 8828:      }
        -: 8829:    }
        -: 8830:    while_break___0: /* CIL Label */ ;
        -: 8831:    }
    #####: 8832:    if ((unsigned long )trunc == (unsigned long )((void *)0)) {
    #####: 8833:      min_part --;
    #####: 8834:      if (! (min_part != 0)) {
    #####: 8835:        goto while_break;
        -: 8836:      }
    #####: 8837:    } else {
    #####: 8838:      goto while_break;
        -: 8839:    }
        -: 8840:  }
        -: 8841:  while_break: /* CIL Label */ ;
        -: 8842:  }
    #####: 8843:  if ((unsigned long )trunc != (unsigned long )((void *)0)) {
        -: 8844:    {
    #####: 8845:    while (1) {
        -: 8846:      while_continue___1: /* CIL Label */ ;
    #####: 8847:      *(trunc + 0) = *(trunc + 1);
    #####: 8848:      tmp___2 = trunc;
    #####: 8849:      trunc ++;
    #####: 8850:      if (! *tmp___2) {
    #####: 8851:        goto while_break___1;
        -: 8852:      }
        -: 8853:    }
        -: 8854:    while_break___1: /* CIL Label */ ;
        -: 8855:    }
    #####: 8856:    trunc --;
    #####: 8857:  } else {
        -: 8858:    {
    #####: 8859:    trunc = strrchr((char const   *)name, (int )*("." + 0));
        -: 8860:    }
    #####: 8861:    if ((unsigned long )trunc == (unsigned long )((void *)0)) {
        -: 8862:      {
    #####: 8863:      error((char *)"internal error in shorten_name");
        -: 8864:      }
    #####: 8865:    }
    #####: 8866:    if ((int )*(trunc + 1) == 0) {
    #####: 8867:      trunc --;
    #####: 8868:    }
        -: 8869:  }
        -: 8870:  {
    #####: 8871:  strcpy((char * __restrict  )trunc, (char const   * __restrict  )z_suffix);
        -: 8872:  }
    #####: 8873:  return;
        -: 8874:}
    #####: 8875:}
    #####: 8876:static int check_ofname(void) 
        -: 8877:{ 
        -: 8878:  struct stat ostat ;
        -: 8879:  int *tmp ;
        -: 8880:  int *tmp___0 ;
        -: 8881:  int tmp___1 ;
        -: 8882:  int tmp___2 ;
        -: 8883:  int tmp___3 ;
        -: 8884:  char const   *tmp___4 ;
        -: 8885:  int tmp___5 ;
        -: 8886:  int tmp___6 ;
        -: 8887:  char response[80] ;
        -: 8888:  int tmp___7 ;
        -: 8889:  int tmp___8 ;
        -: 8890:  int tmp___10 ;
        -: 8891:  int tmp___11 ;
        -: 8892:  unsigned short const   **tmp___12 ;
        -: 8893:  int tmp___13 ;
        -: 8894:
        -: 8895:  {
        -: 8896:  {
    #####: 8897:  tmp = __errno_location();
    #####: 8898:  *tmp = 0;
        -: 8899:  }
        -: 8900:  {
    #####: 8901:  while (1) {
        -: 8902:    while_continue: /* CIL Label */ ;
        -: 8903:    {
    #####: 8904:    tmp___1 = stat((char const   * __restrict  )(ofname), (struct stat * __restrict  )(& ostat));
        -: 8905:    }
    #####: 8906:    if (! (tmp___1 != 0)) {
    #####: 8907:      goto while_break;
        -: 8908:    }
        -: 8909:    {
    #####: 8910:    tmp___0 = __errno_location();
        -: 8911:    }
    #####: 8912:    if (*tmp___0 != 36) {
    #####: 8913:      return (0);
        -: 8914:    }
        -: 8915:    {
    #####: 8916:    shorten_name(ofname);
        -: 8917:    }
        -: 8918:  }
        -: 8919:  while_break: /* CIL Label */ ;
        -: 8920:  }
    #####: 8921:  if (! decompress) {
        -: 8922:    {
    #####: 8923:    tmp___3 = name_too_long(ofname, & ostat);
        -: 8924:    }
    #####: 8925:    if (tmp___3) {
        -: 8926:      {
    #####: 8927:      shorten_name(ofname);
    #####: 8928:      tmp___2 = stat((char const   * __restrict  )(ofname), (struct stat * __restrict  )(& ostat));
        -: 8929:      }
    #####: 8930:      if (tmp___2 != 0) {
    #####: 8931:        return (0);
        -: 8932:      }
    #####: 8933:    }
    #####: 8934:  }
        -: 8935:  {
    #####: 8936:  tmp___6 = same_file(& istat, & ostat);
        -: 8937:  }
    #####: 8938:  if (tmp___6) {
        -: 8939:    {
    #####: 8940:    tmp___5 = strcmp((char const   *)(ifname), (char const   *)(ofname));
        -: 8941:    }
    #####: 8942:    if (tmp___5 == 0) {
    #####: 8943:      if (decompress) {
    #####: 8944:        tmp___4 = "de";
    #####: 8945:      } else {
    #####: 8946:        tmp___4 = "";
        -: 8947:      }
        -: 8948:      {
    #####: 8949:      fprintf((FILE * __restrict  )stderr, (char const   * __restrict  )"%s: %s: cannot %scompress onto itself\n",
    #####: 8950:              progname, ifname, tmp___4);
        -: 8951:      }
    #####: 8952:    } else {
        -: 8953:      {
    #####: 8954:      fprintf((FILE * __restrict  )stderr, (char const   * __restrict  )"%s: %s and %s are the same file\n",
    #####: 8955:              progname, ifname, ofname);
        -: 8956:      }
        -: 8957:    }
    #####: 8958:    exit_code = 1;
    #####: 8959:    return (1);
        -: 8960:  }
    #####: 8961:  if (! force) {
        -: 8962:    {
    #####: 8963:    strcpy((char * __restrict  )(response), (char const   * __restrict  )"n");
    #####: 8964:    fprintf((FILE * __restrict  )stderr, (char const   * __restrict  )"%s: %s already exists;",
    #####: 8965:            progname, ofname);
        -: 8966:    }
    #####: 8967:    if (foreground) {
        -: 8968:      {
    #####: 8969:      tmp___7 = fileno(stdin);
    #####: 8970:      tmp___8 = isatty(tmp___7);
        -: 8971:      }
    #####: 8972:      if (tmp___8) {
        -: 8973:        {
    #####: 8974:        fprintf((FILE * __restrict  )stderr, (char const   * __restrict  )" do you wish to overwrite (y or n)? ");
    #####: 8975:        fflush(stderr);
    #####: 8976:        fgets((char * __restrict  )(response), (int )(sizeof(response) - 1UL), (FILE * __restrict  )stdin);
        -: 8977:        }
    #####: 8978:      }
    #####: 8979:    }
        -: 8980:    {
    #####: 8981:    tmp___12 = __ctype_b_loc();
        -: 8982:    }
    #####: 8983:    if ((int const   )*(*tmp___12 + (int )((unsigned char )response[0])) & 256) {
        -: 8984:      {
    #####: 8985:      tmp___10 = tolower((int )((unsigned char )response[0]));
    #####: 8986:      tmp___11 = tmp___10;
        -: 8987:      }
    #####: 8988:    } else {
    #####: 8989:      tmp___11 = (int )((unsigned char )response[0]);
        -: 8990:    }
    #####: 8991:    if (tmp___11 != 121) {
        -: 8992:      {
    #####: 8993:      fprintf((FILE * __restrict  )stderr, (char const   * __restrict  )"\tnot overwritten\n");
        -: 8994:      }
    #####: 8995:      if (exit_code == 0) {
    #####: 8996:        exit_code = 2;
    #####: 8997:      }
    #####: 8998:      return (1);
        -: 8999:    }
    #####: 9000:  }
        -: 9001:  {
    #####: 9002:  tmp___13 = xunlink(ofname);
        -: 9003:  }
    #####: 9004:  if (tmp___13) {
        -: 9005:    {
    #####: 9006:    progerror(ofname);
        -: 9007:    }
    #####: 9008:    return (1);
        -: 9009:  }
    #####: 9010:  return (0);
        -: 9011:}
    #####: 9012:}
    #####: 9013:static void reset_times(char *name , struct stat *statb ) 
        -: 9014:{ 
        -: 9015:  struct utimbuf timep ;
        -: 9016:  int e ;
        -: 9017:  int *tmp ;
        -: 9018:  int *tmp___0 ;
        -: 9019:  int tmp___1 ;
        -: 9020:
        -: 9021:  {
        -: 9022:  {
    #####: 9023:  timep.actime = statb->st_atim.tv_sec;
    #####: 9024:  timep.modtime = statb->st_mtim.tv_sec;
    #####: 9025:  tmp___1 = utime((char const   *)name, (struct utimbuf  const  *)(& timep));
        -: 9026:  }
    #####: 9027:  if (tmp___1) {
    #####: 9028:    if (! ((statb->st_mode & 61440U) == 16384U)) {
        -: 9029:      {
    #####: 9030:      tmp = __errno_location();
    #####: 9031:      e = *tmp;
        -: 9032:      }
    #####: 9033:      if (! quiet) {
        -: 9034:        {
    #####: 9035:        fprintf((FILE * __restrict  )stderr, (char const   * __restrict  )"%s: ",
    #####: 9036:                progname);
        -: 9037:        }
    #####: 9038:      }
    #####: 9039:      if (exit_code == 0) {
    #####: 9040:        exit_code = 2;
    #####: 9041:      }
    #####: 9042:      if (! quiet) {
        -: 9043:        {
    #####: 9044:        tmp___0 = __errno_location();
    #####: 9045:        *tmp___0 = e;
    #####: 9046:        perror((char const   *)(ofname));
        -: 9047:        }
    #####: 9048:      }
    #####: 9049:    }
    #####: 9050:  }
    #####: 9051:  return;
        -: 9052:}
        -: 9053:}
    #####: 9054:static void copy_stat(struct stat *ifstat ) 
        -: 9055:{ 
        -: 9056:  int e ;
        -: 9057:  int *tmp ;
        -: 9058:  int *tmp___0 ;
        -: 9059:  int tmp___1 ;
        -: 9060:  int e___0 ;
        -: 9061:  int *tmp___2 ;
        -: 9062:  int *tmp___3 ;
        -: 9063:  int tmp___4 ;
        -: 9064:
        -: 9065:  {
    #####: 9066:  if (decompress) {
    #####: 9067:    if (time_stamp != 0L) {
    #####: 9068:      if (ifstat->st_mtim.tv_sec != time_stamp) {
    #####: 9069:        ifstat->st_mtim.tv_sec = time_stamp;
    #####: 9070:        if (verbose > 1) {
        -: 9071:          {
    #####: 9072:          fprintf((FILE * __restrict  )stderr, (char const   * __restrict  )"%s: time stamp restored\n",
        -: 9073:                  ofname);
        -: 9074:          }
    #####: 9075:        }
    #####: 9076:      }
    #####: 9077:    }
    #####: 9078:  }
        -: 9079:  {
    #####: 9080:  reset_times(ofname, ifstat);
    #####: 9081:  tmp___1 = chmod((char const   *)(ofname), ifstat->st_mode & 4095U);
        -: 9082:  }
    #####: 9083:  if (tmp___1) {
        -: 9084:    {
    #####: 9085:    tmp = __errno_location();
    #####: 9086:    e = *tmp;
        -: 9087:    }
    #####: 9088:    if (! quiet) {
        -: 9089:      {
    #####: 9090:      fprintf((FILE * __restrict  )stderr, (char const   * __restrict  )"%s: ", progname);
        -: 9091:      }
    #####: 9092:    }
    #####: 9093:    if (exit_code == 0) {
    #####: 9094:      exit_code = 2;
    #####: 9095:    }
    #####: 9096:    if (! quiet) {
        -: 9097:      {
    #####: 9098:      tmp___0 = __errno_location();
    #####: 9099:      *tmp___0 = e;
    #####: 9100:      perror((char const   *)(ofname));
        -: 9101:      }
    #####: 9102:    }
    #####: 9103:  }
        -: 9104:  {
    #####: 9105:  chown((char const   *)(ofname), ifstat->st_uid, ifstat->st_gid);
    #####: 9106:  remove_ofname = 0;
    #####: 9107:  tmp___4 = xunlink(ifname);
        -: 9108:  }
    #####: 9109:  if (tmp___4) {
        -: 9110:    {
    #####: 9111:    tmp___2 = __errno_location();
    #####: 9112:    e___0 = *tmp___2;
        -: 9113:    }
    #####: 9114:    if (! quiet) {
        -: 9115:      {
    #####: 9116:      fprintf((FILE * __restrict  )stderr, (char const   * __restrict  )"%s: ", progname);
        -: 9117:      }
    #####: 9118:    }
    #####: 9119:    if (exit_code == 0) {
    #####: 9120:      exit_code = 2;
    #####: 9121:    }
    #####: 9122:    if (! quiet) {
        -: 9123:      {
    #####: 9124:      tmp___3 = __errno_location();
    #####: 9125:      *tmp___3 = e___0;
    #####: 9126:      perror((char const   *)(ifname));
        -: 9127:      }
    #####: 9128:    }
    #####: 9129:  }
    #####: 9130:  return;
        -: 9131:}
        -: 9132:}
    #####: 9133:static void treat_dir(char *dir ) 
        -: 9134:{ 
        -: 9135:  struct dirent *dp ;
        -: 9136:  DIR *dirp ;
        -: 9137:  char nbuf[1024] ;
        -: 9138:  int len ;
        -: 9139:  int tmp ;
        -: 9140:  int tmp___0 ;
        -: 9141:  size_t tmp___1 ;
        -: 9142:  int tmp___2 ;
        -: 9143:  size_t tmp___3 ;
        -: 9144:  int *tmp___4 ;
        -: 9145:  int *tmp___5 ;
        -: 9146:  int tmp___6 ;
        -: 9147:
        -: 9148:  {
        -: 9149:  {
    #####: 9150:  dirp = opendir((char const   *)dir);
        -: 9151:  }
    #####: 9152:  if ((unsigned long )dirp == (unsigned long )((void *)0)) {
        -: 9153:    {
    #####: 9154:    progerror(dir);
        -: 9155:    }
    #####: 9156:    return;
        -: 9157:  }
        -: 9158:  {
    #####: 9159:  while (1) {
        -: 9160:    while_continue: /* CIL Label */ ;
        -: 9161:    {
    #####: 9162:    tmp___4 = __errno_location();
    #####: 9163:    *tmp___4 = 0;
    #####: 9164:    dp = readdir(dirp);
        -: 9165:    }
    #####: 9166:    if (! ((unsigned long )dp != (unsigned long )((void *)0))) {
    #####: 9167:      goto while_break;
        -: 9168:    }
        -: 9169:    {
    #####: 9170:    tmp = strcmp((char const   *)(dp->d_name), ".");
        -: 9171:    }
    #####: 9172:    if (tmp == 0) {
    #####: 9173:      goto while_continue;
        -: 9174:    } else {
        -: 9175:      {
    #####: 9176:      tmp___0 = strcmp((char const   *)(dp->d_name), "..");
        -: 9177:      }
    #####: 9178:      if (tmp___0 == 0) {
    #####: 9179:        goto while_continue;
        -: 9180:      }
        -: 9181:    }
        -: 9182:    {
    #####: 9183:    tmp___1 = strlen((char const   *)dir);
    #####: 9184:    len = (int )tmp___1;
    #####: 9185:    tmp___3 = strlen((char const   *)(dp->d_name));
        -: 9186:    }
    #####: 9187:    if (((size_t )len + tmp___3) + 1UL < 1023UL) {
        -: 9188:      {
    #####: 9189:      strcpy((char * __restrict  )(nbuf), (char const   * __restrict  )dir);
        -: 9190:      }
    #####: 9191:      if (len != 0) {
    #####: 9192:        tmp___2 = len;
    #####: 9193:        len ++;
    #####: 9194:        nbuf[tmp___2] = (char )'/';
    #####: 9195:      }
        -: 9196:      {
    #####: 9197:      strcpy((char * __restrict  )(nbuf + len), (char const   * __restrict  )(dp->d_name));
    #####: 9198:      treat_file(nbuf);
        -: 9199:      }
    #####: 9200:    } else {
        -: 9201:      {
    #####: 9202:      fprintf((FILE * __restrict  )stderr, (char const   * __restrict  )"%s: %s/%s: pathname too long\n",
    #####: 9203:              progname, dir, dp->d_name);
    #####: 9204:      exit_code = 1;
        -: 9205:      }
        -: 9206:    }
        -: 9207:  }
        -: 9208:  while_break: /* CIL Label */ ;
        -: 9209:  }
        -: 9210:  {
    #####: 9211:  tmp___5 = __errno_location();
        -: 9212:  }
    #####: 9213:  if (*tmp___5 != 0) {
        -: 9214:    {
    #####: 9215:    progerror(dir);
        -: 9216:    }
    #####: 9217:  }
        -: 9218:  {
    #####: 9219:  tmp___6 = closedir(dirp);
        -: 9220:  }
    #####: 9221:  if (tmp___6 != 0) {
        -: 9222:    {
    #####: 9223:    progerror(dir);
        -: 9224:    }
    #####: 9225:  }
    #####: 9226:  return;
        -: 9227:}
    #####: 9228:}
        -: 9229:static int in_exit  =    0;
        1: 9230:static void do_exit(int exitcode ) 
        -: 9231:{ 
        -: 9232:
        -: 9233:
        -: 9234:  {
        1: 9235:  if (in_exit) {
        -: 9236:    {
    #####: 9237:    exit(exitcode);
        -: 9238:    }
        -: 9239:  }
        1: 9240:  in_exit = 1;
        1: 9241:  if ((unsigned long )env != (unsigned long )((void *)0)) {
        -: 9242:    {
    #####: 9243:    free((void *)env);
    #####: 9244:    env = (char *)((void *)0);
        -: 9245:    }
    #####: 9246:  }
        1: 9247:  if ((unsigned long )args != (unsigned long )((void *)0)) {
        -: 9248:    {
    #####: 9249:    free((void *)((char *)args));
    #####: 9250:    args = (char **)((void *)0);
        -: 9251:    }
    #####: 9252:  }
        -: 9253:  {
        1: 9254:  exit(exitcode);
        -: 9255:  }
        -: 9256:}
        -: 9257:}
    #####: 9258:void abort_gzip(void) 
        -: 9259:{ 
        -: 9260:
        -: 9261:
        -: 9262:  {
    #####: 9263:  if (remove_ofname) {
        -: 9264:    {
    #####: 9265:    close(ofd);
    #####: 9266:    xunlink(ofname);
        -: 9267:    }
    #####: 9268:  }
        -: 9269:  {
    #####: 9270:  do_exit(1);
        -: 9271:  }
    #####: 9272:  return;
        -: 9273:}
        -: 9274:}
        -: 9275:#pragma merger("0","/tmp/cil-Ls8epKGB.i","")
