        -:    0:Source:grep-2.4.2.c
        -:    0:Graph:grep-2.4.2.gcno
        -:    0:Data:grep-2.4.2.gcda
        -:    0:Runs:1
        -:    0:Programs:1
        -:    1:/* Generated by CIL v. 1.7.3 */
        -:    2:/* print_CIL_Input is true */
        -:    3:
        -:    4:typedef int __int32_t;
        -:    5:typedef unsigned long __dev_t;
        -:    6:typedef unsigned int __uid_t;
        -:    7:typedef unsigned int __gid_t;
        -:    8:typedef unsigned long __ino_t;
        -:    9:typedef unsigned int __mode_t;
        -:   10:typedef unsigned long __nlink_t;
        -:   11:typedef long __off_t;
        -:   12:typedef long __off64_t;
        -:   13:typedef long __time_t;
        -:   14:typedef long __blksize_t;
        -:   15:typedef long __blkcnt_t;
        -:   16:typedef long __ssize_t;
        -:   17:typedef long __syscall_slong_t;
        -:   18:typedef char *__caddr_t;
        -:   19:typedef __off_t off_t;
        -:   20:typedef __ssize_t ssize_t;
        -:   21:typedef __caddr_t caddr_t;
        -:   22:typedef unsigned long size_t;
        -:   23:struct timespec {
        -:   24:   __time_t tv_sec ;
        -:   25:   __syscall_slong_t tv_nsec ;
        -:   26:};
        -:   27:struct stat {
        -:   28:   __dev_t st_dev ;
        -:   29:   __ino_t st_ino ;
        -:   30:   __nlink_t st_nlink ;
        -:   31:   __mode_t st_mode ;
        -:   32:   __uid_t st_uid ;
        -:   33:   __gid_t st_gid ;
        -:   34:   int __pad0 ;
        -:   35:   __dev_t st_rdev ;
        -:   36:   __off_t st_size ;
        -:   37:   __blksize_t st_blksize ;
        -:   38:   __blkcnt_t st_blocks ;
        -:   39:   struct timespec st_atim ;
        -:   40:   struct timespec st_mtim ;
        -:   41:   struct timespec st_ctim ;
        -:   42:   __syscall_slong_t __glibc_reserved[3] ;
        -:   43:};
        -:   44:struct _IO_FILE;
        -:   45:struct _IO_FILE;
        -:   46:typedef struct _IO_FILE FILE;
        -:   47:typedef void _IO_lock_t;
        -:   48:struct _IO_marker {
        -:   49:   struct _IO_marker *_next ;
        -:   50:   struct _IO_FILE *_sbuf ;
        -:   51:   int _pos ;
        -:   52:};
        -:   53:struct _IO_FILE {
        -:   54:   int _flags ;
        -:   55:   char *_IO_read_ptr ;
        -:   56:   char *_IO_read_end ;
        -:   57:   char *_IO_read_base ;
        -:   58:   char *_IO_write_base ;
        -:   59:   char *_IO_write_ptr ;
        -:   60:   char *_IO_write_end ;
        -:   61:   char *_IO_buf_base ;
        -:   62:   char *_IO_buf_end ;
        -:   63:   char *_IO_save_base ;
        -:   64:   char *_IO_backup_base ;
        -:   65:   char *_IO_save_end ;
        -:   66:   struct _IO_marker *_markers ;
        -:   67:   struct _IO_FILE *_chain ;
        -:   68:   int _fileno ;
        -:   69:   int _flags2 ;
        -:   70:   __off_t _old_offset ;
        -:   71:   unsigned short _cur_column ;
        -:   72:   signed char _vtable_offset ;
        -:   73:   char _shortbuf[1] ;
        -:   74:   _IO_lock_t *_lock ;
        -:   75:   __off64_t _offset ;
        -:   76:   void *__pad1 ;
        -:   77:   void *__pad2 ;
        -:   78:   void *__pad3 ;
        -:   79:   void *__pad4 ;
        -:   80:   size_t __pad5 ;
        -:   81:   int _mode ;
        -:   82:   char _unused2[(15UL * sizeof(int ) - 4UL * sizeof(void *)) - sizeof(size_t )] ;
        -:   83:};
        -:   84:typedef void *ptr_t;
        -:   85:struct option {
        -:   86:   char const   *name ;
        -:   87:   int has_arg ;
        -:   88:   int *flag ;
        -:   89:   int val ;
        -:   90:};
        -:   91:struct matcher {
        -:   92:   char *name ;
        -:   93:   void (*compile)(char * , size_t  ) ;
        -:   94:   char *(*execute)(char * , size_t  , char ** ) ;
        -:   95:};
        -:   96:struct stats {
        -:   97:   struct stats *parent ;
        -:   98:   struct stat stat ;
        -:   99:};
        -:  100:enum __anonenum_directories_30 {
        -:  101:    READ_DIRECTORIES = 0,
        -:  102:    RECURSE_DIRECTORIES = 1,
        -:  103:    SKIP_DIRECTORIES = 2
        -:  104:} ;
        -:  105:enum __anonenum_binary_files_31 {
        -:  106:    BINARY_BINARY_FILES = 0,
        -:  107:    TEXT_BINARY_FILES = 1,
        -:  108:    WITHOUT_MATCH_BINARY_FILES = 2
        -:  109:} ;
        -:  110:typedef unsigned long active_reg_t;
        -:  111:typedef unsigned long reg_syntax_t;
        -:  112:enum __anonenum_reg_errcode_t_32 {
        -:  113:    REG_NOERROR = 0,
        -:  114:    REG_NOMATCH = 1,
        -:  115:    REG_BADPAT = 2,
        -:  116:    REG_ECOLLATE = 3,
        -:  117:    REG_ECTYPE = 4,
        -:  118:    REG_EESCAPE = 5,
        -:  119:    REG_ESUBREG = 6,
        -:  120:    REG_EBRACK = 7,
        -:  121:    REG_EPAREN = 8,
        -:  122:    REG_EBRACE = 9,
        -:  123:    REG_BADBR = 10,
        -:  124:    REG_ERANGE = 11,
        -:  125:    REG_ESPACE = 12,
        -:  126:    REG_BADRPT = 13,
        -:  127:    REG_EEND = 14,
        -:  128:    REG_ESIZE = 15,
        -:  129:    REG_ERPAREN = 16
        -:  130:} ;
        -:  131:typedef enum __anonenum_reg_errcode_t_32 reg_errcode_t;
        -:  132:struct re_pattern_buffer {
        -:  133:   unsigned char *buffer ;
        -:  134:   unsigned long allocated ;
        -:  135:   unsigned long used ;
        -:  136:   reg_syntax_t syntax ;
        -:  137:   char *fastmap ;
        -:  138:   char *translate ;
        -:  139:   size_t re_nsub ;
        -:  140:   unsigned int can_be_null : 1 ;
        -:  141:   unsigned int regs_allocated : 2 ;
        -:  142:   unsigned int fastmap_accurate : 1 ;
        -:  143:   unsigned int no_sub : 1 ;
        -:  144:   unsigned int not_bol : 1 ;
        -:  145:   unsigned int not_eol : 1 ;
        -:  146:   unsigned int newline_anchor : 1 ;
        -:  147:};
        -:  148:typedef struct re_pattern_buffer regex_t;
        -:  149:typedef int regoff_t;
        -:  150:struct re_registers {
        -:  151:   unsigned int num_regs ;
        -:  152:   regoff_t *start ;
        -:  153:   regoff_t *end ;
        -:  154:};
        -:  155:struct __anonstruct_regmatch_t_33 {
        -:  156:   regoff_t rm_so ;
        -:  157:   regoff_t rm_eo ;
        -:  158:};
        -:  159:typedef struct __anonstruct_regmatch_t_33 regmatch_t;
        -:  160:typedef int charclass[(((unsigned long )(1 << 8) + 8UL * sizeof(int )) - 1UL) / (8UL * sizeof(int ))];
        -:  161:enum __anonenum_token_34 {
        -:  162:    END = -1,
        -:  163:    EMPTY = 256,
        -:  164:    BACKREF = 257,
        -:  165:    BEGLINE = 258,
        -:  166:    ENDLINE = 259,
        -:  167:    BEGWORD = 260,
        -:  168:    ENDWORD = 261,
        -:  169:    LIMWORD = 262,
        -:  170:    NOTLIMWORD = 263,
        -:  171:    QMARK = 264,
        -:  172:    STAR = 265,
        -:  173:    PLUS = 266,
        -:  174:    REPMN = 267,
        -:  175:    CAT = 268,
        -:  176:    OR = 269,
        -:  177:    ORTOP = 270,
        -:  178:    LPAREN = 271,
        -:  179:    RPAREN = 272,
        -:  180:    CSET = 273
        -:  181:} ;
        -:  182:typedef enum __anonenum_token_34 token;
        -:  183:struct __anonstruct_position_35 {
        -:  184:   unsigned int strchr ;
        -:  185:   unsigned int constraint ;
        -:  186:};
        -:  187:typedef struct __anonstruct_position_35 position;
        -:  188:struct __anonstruct_position_set_36 {
        -:  189:   position *elems ;
        -:  190:   int nelem ;
        -:  191:};
        -:  192:typedef struct __anonstruct_position_set_36 position_set;
        -:  193:struct __anonstruct_dfa_state_37 {
        -:  194:   int hash ;
        -:  195:   position_set elems ;
        -:  196:   char newline ;
        -:  197:   char letter ;
        -:  198:   char backref ;
        -:  199:   unsigned char constraint ;
        -:  200:   int first_end ;
        -:  201:};
        -:  202:typedef struct __anonstruct_dfa_state_37 dfa_state;
        -:  203:struct dfamust {
        -:  204:   int exact ;
        -:  205:   char *must ;
        -:  206:   struct dfamust *next ;
        -:  207:};
        -:  208:struct dfa {
        -:  209:   charclass *charclasses ;
        -:  210:   int cindex ;
        -:  211:   int calloc ;
        -:  212:   token *tokens ;
        -:  213:   int tindex ;
        -:  214:   int talloc ;
        -:  215:   int depth ;
        -:  216:   int nleaves ;
        -:  217:   int nregexps ;
        -:  218:   dfa_state *states ;
        -:  219:   int sindex ;
        -:  220:   int salloc ;
        -:  221:   position_set *follows ;
        -:  222:   int searchflag ;
        -:  223:   int tralloc ;
        -:  224:   int trcount ;
        -:  225:   int **trans ;
        -:  226:   int **realtrans ;
        -:  227:   int **fails ;
        -:  228:   int *success ;
        -:  229:   int *newlines ;
        -:  230:   struct dfamust *musts ;
        -:  231:};
        -:  232:struct __anonstruct_prednames_38 {
        -:  233:   char const   *name ;
        -:  234:   int (*pred)(int  ) ;
        -:  235:};
        -:  236:struct __anonstruct_must_39 {
        -:  237:   char **in ;
        -:  238:   char *left ;
        -:  239:   char *right ;
        -:  240:   char *is ;
        -:  241:};
        -:  242:typedef struct __anonstruct_must_39 must;
        -:  243:struct kwsmatch {
        -:  244:   int strchr ;
        -:  245:   char *beg[1] ;
        -:  246:   size_t size[1] ;
        -:  247:};
        -:  248:typedef ptr_t kwset_t;
        -:  249:struct _obstack_chunk {
        -:  250:   char *limit ;
        -:  251:   struct _obstack_chunk *prev ;
        -:  252:   char contents[4] ;
        -:  253:};
        -:  254:struct obstack {
        -:  255:   long chunk_size ;
        -:  256:   struct _obstack_chunk *chunk ;
        -:  257:   char *object_base ;
        -:  258:   char *next_free ;
        -:  259:   char *chunk_limit ;
        -:  260:   long temp ;
        -:  261:   int alignment_mask ;
        -:  262:   struct _obstack_chunk *(*chunkfun)(void * , long  ) ;
        -:  263:   void (*freefun)(void * , struct _obstack_chunk * ) ;
        -:  264:   void *extra_arg ;
        -:  265:   unsigned int use_extra_arg : 1 ;
        -:  266:   unsigned int maybe_empty_object : 1 ;
        -:  267:   unsigned int alloc_failed : 1 ;
        -:  268:};
        -:  269:struct trie;
        -:  270:struct trie;
        -:  271:struct tree {
        -:  272:   struct tree *llink ;
        -:  273:   struct tree *rlink ;
        -:  274:   struct trie *trie ;
        -:  275:   unsigned char label ;
        -:  276:   char balance ;
        -:  277:};
        -:  278:struct trie {
        -:  279:   unsigned int accepting ;
        -:  280:   struct tree *links ;
        -:  281:   struct trie *parent ;
        -:  282:   struct trie *next ;
        -:  283:   struct trie *fail ;
        -:  284:   int depth ;
        -:  285:   int shift ;
        -:  286:   int maxshift ;
        -:  287:};
        -:  288:struct kwset {
        -:  289:   struct obstack obstack ;
        -:  290:   int words ;
        -:  291:   struct trie *trie ;
        -:  292:   int mind ;
        -:  293:   int maxd ;
        -:  294:   unsigned char delta[256] ;
        -:  295:   struct trie *next[256] ;
        -:  296:   char *target ;
        -:  297:   int mind2 ;
        -:  298:   char *trans ;
        -:  299:};
        -:  300:enum __anonenum_dirs_40 {
        -:  301:    L = 0,
        -:  302:    R = 1
        -:  303:} ;
        -:  304:struct dirent {
        -:  305:   __ino_t d_ino ;
        -:  306:   __off_t d_off ;
        -:  307:   unsigned short d_reclen ;
        -:  308:   unsigned char d_type ;
        -:  309:   char d_name[256] ;
        -:  310:};
        -:  311:struct __dirstream;
        -:  312:struct __dirstream;
        -:  313:typedef struct __dirstream DIR;
        -:  314:typedef char boolean;
        -:  315:enum __anonenum_re_opcode_t_42 {
        -:  316:    no_op = 0,
        -:  317:    succeed = 1,
        -:  318:    exactn = 2,
        -:  319:    anychar = 3,
        -:  320:    charset = 4,
        -:  321:    charset_not = 5,
        -:  322:    start_memory = 6,
        -:  323:    stop_memory = 7,
        -:  324:    duplicate = 8,
        -:  325:    begline = 9,
        -:  326:    endline = 10,
        -:  327:    begbuf = 11,
        -:  328:    endbuf = 12,
        -:  329:    jump = 13,
        -:  330:    jump_past_alt = 14,
        -:  331:    on_failure_jump = 15,
        -:  332:    on_failure_keep_string_jump = 16,
        -:  333:    pop_failure_jump = 17,
        -:  334:    maybe_pop_jump = 18,
        -:  335:    dummy_failure_jump = 19,
        -:  336:    push_dummy_failure = 20,
        -:  337:    succeed_n = 21,
        -:  338:    jump_n = 22,
        -:  339:    set_number_at = 23,
        -:  340:    wordchar = 24,
        -:  341:    notwordchar = 25,
        -:  342:    wordbeg = 26,
        -:  343:    wordend = 27,
        -:  344:    wordbound = 28,
        -:  345:    notwordbound = 29
        -:  346:} ;
        -:  347:typedef enum __anonenum_re_opcode_t_42 re_opcode_t;
        -:  348:union fail_stack_elt {
        -:  349:   unsigned char *pointer ;
        -:  350:   int integer ;
        -:  351:};
        -:  352:typedef union fail_stack_elt fail_stack_elt_t;
        -:  353:struct __anonstruct_fail_stack_type_43 {
        -:  354:   fail_stack_elt_t *stack ;
        -:  355:   unsigned int size ;
        -:  356:   unsigned int avail ;
        -:  357:};
        -:  358:typedef struct __anonstruct_fail_stack_type_43 fail_stack_type;
        -:  359:struct __anonstruct_bits_45 {
        -:  360:   unsigned int match_null_string_p : 2 ;
        -:  361:   unsigned int is_active : 1 ;
        -:  362:   unsigned int matched_something : 1 ;
        -:  363:   unsigned int ever_matched_something : 1 ;
        -:  364:};
        -:  365:union __anonunion_register_info_type_44 {
        -:  366:   fail_stack_elt_t word ;
        -:  367:   struct __anonstruct_bits_45 bits ;
        -:  368:};
        -:  369:typedef union __anonunion_register_info_type_44 register_info_type;
        -:  370:typedef unsigned int regnum_t;
        -:  371:typedef long pattern_offset_t;
        -:  372:struct __anonstruct_compile_stack_elt_t_46 {
        -:  373:   pattern_offset_t begalt_offset ;
        -:  374:   pattern_offset_t fixup_alt_jump ;
        -:  375:   pattern_offset_t inner_group_offset ;
        -:  376:   pattern_offset_t laststart_offset ;
        -:  377:   regnum_t regnum ;
        -:  378:};
        -:  379:typedef struct __anonstruct_compile_stack_elt_t_46 compile_stack_elt_t;
        -:  380:struct __anonstruct_compile_stack_type_47 {
        -:  381:   compile_stack_elt_t *stack ;
        -:  382:   unsigned int size ;
        -:  383:   unsigned int avail ;
        -:  384:};
        -:  385:typedef struct __anonstruct_compile_stack_type_47 compile_stack_type;
        -:  386:/* compiler builtin: 
        -:  387:   void *__builtin_alloca(unsigned long  ) ;  */
        -:  388:#pragma merger("0","/tmp/cil-ldV4twA4.i","")
        -:  389:#pragma merger("0","/tmp/cil-pthx382W.i","")
        -:  390:extern  __attribute__((__nothrow__)) int ( __attribute__((__nonnull__(1,2), __leaf__)) stat)(char const   * __restrict  __file ,
        -:  391:                                                                                             struct stat * __restrict  __buf ) ;
        -:  392:extern  __attribute__((__nothrow__)) int ( __attribute__((__nonnull__(2), __leaf__)) fstat)(int __fd ,
        -:  393:                                                                                            struct stat *__buf ) ;
        -:  394:extern  __attribute__((__nothrow__)) void *( __attribute__((__leaf__)) mmap)(void *__addr ,
        -:  395:                                                                             size_t __len ,
        -:  396:                                                                             int __prot ,
        -:  397:                                                                             int __flags ,
        -:  398:                                                                             int __fd ,
        -:  399:                                                                             __off_t __offset ) ;
        -:  400:extern struct _IO_FILE *stdin ;
        -:  401:extern struct _IO_FILE *stdout ;
        -:  402:extern int fclose(FILE *__stream ) ;
        -:  403:extern FILE *fopen(char const   * __restrict  __filename , char const   * __restrict  __modes ) ;
        -:  404:extern int fprintf(FILE * __restrict  __stream , char const   * __restrict  __format 
        -:  405:                   , ...) ;
        -:  406:extern int printf(char const   * __restrict  __format  , ...) ;
        -:  407:extern int puts(char const   *__s ) ;
        -:  408:extern size_t fread(void * __restrict  __ptr , size_t __size , size_t __n , FILE * __restrict  __stream ) ;
        -:  409:extern size_t fwrite(void const   * __restrict  __ptr , size_t __size , size_t __n ,
        -:  410:                     FILE * __restrict  __s ) ;
        -:  411:extern  __attribute__((__nothrow__)) int ( __attribute__((__leaf__)) feof)(FILE *__stream ) ;
        -:  412:extern  __attribute__((__nothrow__)) int ( __attribute__((__leaf__)) ferror)(FILE *__stream ) ;
        -:  413:extern int ( __attribute__((__nonnull__(1))) open)(char const   *__file , int __oflag 
        -:  414:                                                   , ...) ;
        -:  415:extern  __attribute__((__nothrow__)) __off_t ( __attribute__((__leaf__)) lseek)(int __fd ,
        -:  416:                                                                                __off_t __offset ,
        -:  417:                                                                                int __whence ) ;
        -:  418:extern int close(int __fd ) ;
        -:  419:extern ssize_t read(int __fd , void *__buf , size_t __nbytes ) ;
        -:  420:extern char *optarg ;
        -:  421:extern int optind ;
        -:  422:extern  __attribute__((__nothrow__)) int ( __attribute__((__leaf__)) getpagesize)(void)  __attribute__((__const__)) ;
        -:  423:extern  __attribute__((__nothrow__)) int *( __attribute__((__leaf__)) __errno_location)(void)  __attribute__((__const__)) ;
        -:  424:extern  __attribute__((__nothrow__)) int ( __attribute__((__nonnull__(1), __leaf__)) atoi)(char const   *__nptr )  __attribute__((__pure__)) ;
        -:  425:extern  __attribute__((__nothrow__)) void *( __attribute__((__leaf__)) malloc)(size_t __size )  __attribute__((__malloc__)) ;
        -:  426:extern  __attribute__((__nothrow__)) void *( __attribute__((__leaf__)) calloc)(size_t __nmemb ,
        -:  427:                                                                               size_t __size )  __attribute__((__malloc__)) ;
        -:  428:extern  __attribute__((__nothrow__)) void *( __attribute__((__warn_unused_result__,
        -:  429:__leaf__)) realloc)(void *__ptr , size_t __size ) ;
        -:  430:extern  __attribute__((__nothrow__)) void ( __attribute__((__leaf__)) free)(void *__ptr ) ;
        -:  431:extern  __attribute__((__nothrow__, __noreturn__)) void ( __attribute__((__leaf__)) abort)(void) ;
        -:  432:extern  __attribute__((__nothrow__, __noreturn__)) void ( __attribute__((__leaf__)) exit)(int __status ) ;
        -:  433:extern  __attribute__((__nothrow__)) char *( __attribute__((__nonnull__(1), __leaf__)) getenv)(char const   *__name ) ;
        -:  434:extern  __attribute__((__nothrow__)) void *( __attribute__((__nonnull__(1,2), __leaf__)) memcpy)(void * __restrict  __dest ,
        -:  435:                                                                                                 void const   * __restrict  __src ,
        -:  436:                                                                                                 size_t __n ) ;
        -:  437:extern  __attribute__((__nothrow__)) void *( __attribute__((__nonnull__(1,2), __leaf__)) memmove)(void *__dest ,
        -:  438:                                                                                                  void const   *__src ,
        -:  439:                                                                                                  size_t __n ) ;
        -:  440:extern  __attribute__((__nothrow__)) void *( __attribute__((__nonnull__(1), __leaf__)) memset)(void *__s ,
        -:  441:                                                                                               int __c ,
        -:  442:                                                                                               size_t __n ) ;
        -:  443:extern  __attribute__((__nothrow__)) int ( __attribute__((__nonnull__(1,2), __leaf__)) memcmp)(void const   *__s1 ,
        -:  444:                                                                                               void const   *__s2 ,
        -:  445:                                                                                               size_t __n )  __attribute__((__pure__)) ;
        -:  446:extern  __attribute__((__nothrow__)) void *( __attribute__((__nonnull__(1), __leaf__)) memchr)(void const   *__s ,
        -:  447:                                                                                               int __c ,
        -:  448:                                                                                               size_t __n )  __attribute__((__pure__)) ;
        -:  449:extern  __attribute__((__nothrow__)) char *( __attribute__((__nonnull__(1,2), __leaf__)) strcpy)(char * __restrict  __dest ,
        -:  450:                                                                                                 char const   * __restrict  __src ) ;
        -:  451:extern  __attribute__((__nothrow__)) int ( __attribute__((__nonnull__(1,2), __leaf__)) strcmp)(char const   *__s1 ,
        -:  452:                                                                                               char const   *__s2 )  __attribute__((__pure__)) ;
        -:  453:extern  __attribute__((__nothrow__)) int ( __attribute__((__nonnull__(1,2), __leaf__)) strncmp)(char const   *__s1 ,
        -:  454:                                                                                                char const   *__s2 ,
        -:  455:                                                                                                size_t __n )  __attribute__((__pure__)) ;
        -:  456:extern  __attribute__((__nothrow__)) int ( __attribute__((__nonnull__(1,2), __leaf__)) strcoll)(char const   *__s1 ,
        -:  457:                                                                                                char const   *__s2 )  __attribute__((__pure__)) ;
        -:  458:extern  __attribute__((__nothrow__)) char *( __attribute__((__nonnull__(1), __leaf__)) strchr)(char const   *__s ,
        -:  459:                                                                                               int __c )  __attribute__((__pure__)) ;
        -:  460:extern  __attribute__((__nothrow__)) char *( __attribute__((__nonnull__(1), __leaf__)) strrchr)(char const   *__s ,
        -:  461:                                                                                                int __c )  __attribute__((__pure__)) ;
        -:  462:extern  __attribute__((__nothrow__)) size_t ( __attribute__((__nonnull__(1), __leaf__)) strlen)(char const   *__s )  __attribute__((__pure__)) ;
        -:  463:extern  __attribute__((__nothrow__)) char *( __attribute__((__leaf__)) strerror)(int __errnum ) ;
        -:  464: __attribute__((__nothrow__)) char *( __attribute__((__nonnull__(1,2), __leaf__)) stpcpy)(char * __restrict  dest ,
        -:  465:                                                                                          char const   * __restrict  src ) ;
        -:  466:extern  __attribute__((__nothrow__)) unsigned short const   **( __attribute__((__leaf__)) __ctype_b_loc)(void)  __attribute__((__const__)) ;
        -:  467:extern  __attribute__((__nothrow__)) __int32_t const   **( __attribute__((__leaf__)) __ctype_tolower_loc)(void)  __attribute__((__const__)) ;
        -:  468:extern  __attribute__((__nothrow__)) int ( __attribute__((__leaf__)) tolower)(int __c ) ;
        -:  469:extern  __attribute__((__nothrow__)) int ( __attribute__((__leaf__)) toupper)(int __c ) ;
        -:  470:extern  __attribute__((__nothrow__)) char *( __attribute__((__leaf__)) gettext)(char const   *__msgid )  __attribute__((__format_arg__(1))) ;
        -:  471:extern  __attribute__((__nothrow__)) char *( __attribute__((__leaf__)) textdomain)(char const   *__domainname ) ;
        -:  472:extern  __attribute__((__nothrow__)) char *( __attribute__((__leaf__)) bindtextdomain)(char const   *__domainname ,
        -:  473:                                                                                       char const   *__dirname ) ;
        -:  474:extern  __attribute__((__nothrow__)) char *( __attribute__((__leaf__)) setlocale)(int __category ,
        -:  475:                                                                                  char const   *__locale ) ;
        -:  476:extern int getopt_long(int __argc , char * const  *__argv , char const   *__shortopts ,
        -:  477:                       struct option  const  *__longopts , int *__longind ) ;
        -:  478: __attribute__((__noreturn__)) void fatal(char const   *mesg , int errnum ) ;
        -:  479:char *xmalloc(size_t size ) ;
        -:  480:char *xrealloc(char *ptr , size_t size ) ;
        -:  481:struct matcher matchers[6] ;
        -:  482:char const   *matcher  ;
        -:  483:int match_icase  ;
        -:  484:int match_words  ;
        -:  485:int match_lines  ;
        -:  486:unsigned char eolbyte  ;
        -:  487:char *savedir(char const   *dir , off_t name_size ) ;
        -:  488:static struct stats stats_base  ;
        -:  489:static int show_help  ;
        -:  490:static int show_version  ;
        -:  491:static int mmap_option  ;
        -:  492:static char const   short_options[51]  = 
        -:  493:  {      (char const   )'0',      (char const   )'1',      (char const   )'2',      (char const   )'3', 
        -:  494:        (char const   )'4',      (char const   )'5',      (char const   )'6',      (char const   )'7', 
        -:  495:        (char const   )'8',      (char const   )'9',      (char const   )'A',      (char const   )':', 
        -:  496:        (char const   )'B',      (char const   )':',      (char const   )'C',      (char const   )':', 
        -:  497:        (char const   )':',      (char const   )'E',      (char const   )'F',      (char const   )'G', 
        -:  498:        (char const   )'H',      (char const   )'I',      (char const   )'U',      (char const   )'V', 
        -:  499:        (char const   )'X',      (char const   )':',      (char const   )'a',      (char const   )'b', 
        -:  500:        (char const   )'c',      (char const   )'d',      (char const   )':',      (char const   )'e', 
        -:  501:        (char const   )':',      (char const   )'f',      (char const   )':',      (char const   )'h', 
        -:  502:        (char const   )'i',      (char const   )'L',      (char const   )'l',      (char const   )'n', 
        -:  503:        (char const   )'q',      (char const   )'r',      (char const   )'s',      (char const   )'u', 
        -:  504:        (char const   )'v',      (char const   )'w',      (char const   )'x',      (char const   )'y', 
        -:  505:        (char const   )'Z',      (char const   )'z',      (char const   )'\000'};
        -:  506:static struct option long_options[35]  = 
        -:  507:  {      {"after-context", 1, (int *)((void *)0), 'A'}, 
        -:  508:        {"basic-regexp", 0, (int *)((void *)0), 'G'}, 
        -:  509:        {"before-context", 1, (int *)((void *)0), 'B'}, 
        -:  510:        {"binary-files", 1, (int *)((void *)0), 128}, 
        -:  511:        {"byte-offset", 0, (int *)((void *)0), 'b'}, 
        -:  512:        {"context", 2, (int *)((void *)0), 'C'}, 
        -:  513:        {"count", 0, (int *)((void *)0), 'c'}, 
        -:  514:        {"directories", 1, (int *)((void *)0), 'd'}, 
        -:  515:        {"extended-regexp", 0, (int *)((void *)0), 'E'}, 
        -:  516:        {"file", 1, (int *)((void *)0), 'f'}, 
        -:  517:        {"files-with-matches", 0, (int *)((void *)0), 'l'}, 
        -:  518:        {"files-without-match", 0, (int *)((void *)0), 'L'}, 
        -:  519:        {"fixed-regexp", 0, (int *)((void *)0), 'F'}, 
        -:  520:        {"fixed-strings", 0, (int *)((void *)0), 'F'}, 
        -:  521:        {"help", 0, & show_help, 1}, 
        -:  522:        {"ignore-case", 0, (int *)((void *)0), 'i'}, 
        -:  523:        {"line-number", 0, (int *)((void *)0), 'n'}, 
        -:  524:        {"line-regexp", 0, (int *)((void *)0), 'x'}, 
        -:  525:        {"mmap", 0, & mmap_option, 1}, 
        -:  526:        {"no-filename", 0, (int *)((void *)0), 'h'}, 
        -:  527:        {"no-messages", 0, (int *)((void *)0), 's'}, 
        -:  528:        {"null", 0, (int *)((void *)0), 'Z'}, 
        -:  529:        {"null-data", 0, (int *)((void *)0), 'z'}, 
        -:  530:        {"quiet", 0, (int *)((void *)0), 'q'}, 
        -:  531:        {"recursive", 0, (int *)((void *)0), 'r'}, 
        -:  532:        {"regexp", 1, (int *)((void *)0), 'e'}, 
        -:  533:        {"invert-match", 0, (int *)((void *)0), 'v'}, 
        -:  534:        {"silent", 0, (int *)((void *)0), 'q'}, 
        -:  535:        {"text", 0, (int *)((void *)0), 'a'}, 
        -:  536:        {"binary", 0, (int *)((void *)0), 'U'}, 
        -:  537:        {"unix-byte-offsets", 0, (int *)((void *)0), 'u'}, 
        -:  538:        {"version", 0, (int *)((void *)0), 'V'}, 
        -:  539:        {"with-filename", 0, (int *)((void *)0), 'H'}, 
        -:  540:        {"word-regexp", 0, (int *)((void *)0), 'w'}, 
        -:  541:        {(char const   *)0, 0, (int *)0, 0}};
        -:  542:static char *prog  ;
        -:  543:static char const   *filename  ;
        -:  544:static int errseen  ;
        -:  545:static enum __anonenum_directories_30 directories  ;
        -:  546:static int ck_atoi(char const   *str , int *out ) ;
        -:  547:static  __attribute__((__noreturn__)) void usage(int status ) ;
        -:  548:static void error(char const   *mesg , int errnum ) ;
        -:  549:static void setmatcher(char const   *m ) ;
        -:  550:static int install_matcher(char const   *name ) ;
        -:  551:static int prepend_args(char const   *options , char *buf , char **argv ) ;
        -:  552:static void prepend_default_options(char const   *options , int *pargc , char ***pargv ) ;
        -:  553:static char *page_alloc(size_t size , char **up ) ;
        -:  554:static int reset(int fd , char const   *file , struct stats *stats ) ;
        -:  555:static int fillbuf(size_t save , struct stats *stats ) ;
        -:  556:static int grepbuf(char *beg , char *lim ) ;
        -:  557:static void prtext(char *beg , char *lim , int *nlinesp ) ;
        -:  558:static void prpending(char *lim ) ;
        -:  559:static void prline(char *beg , char *lim , int sep ) ;
        -:  560:static void print_offset_sep(off_t pos , int sep ) ;
        -:  561:static void nlscan(char *lim ) ;
        -:  562:static int grep(int fd , char const   *file , struct stats *stats ) ;
        -:  563:static int grepdir(char const   *dir , struct stats *stats ) ;
        -:  564:static int grepfile(char const   *file , struct stats *stats ) ;
        -:  565:static void (*compile)(char * , size_t  )  ;
        -:  566:static char *(*execute)(char * , size_t  , char ** )  ;
    #####:  567:static void error(char const   *mesg , int errnum ) 
        -:  568:{ 
        -:  569:  char *tmp ;
        -:  570:
        -:  571:  {
    #####:  572:  if (errnum) {
        -:  573:    {
    #####:  574:    tmp = strerror(errnum);
    #####:  575:    fprintf((FILE * __restrict  )stdout, (char const   * __restrict  )"%s: %s: %s\n",
    #####:  576:            prog, mesg, tmp);
        -:  577:    }
    #####:  578:  } else {
        -:  579:    {
    #####:  580:    fprintf((FILE * __restrict  )stdout, (char const   * __restrict  )"%s: %s\n",
    #####:  581:            prog, mesg);
        -:  582:    }
        -:  583:  }
    #####:  584:  errseen = 1;
    #####:  585:  return;
        -:  586:}
        -:  587:}
        -:  588: __attribute__((__noreturn__)) void fatal(char const   *mesg , int errnum ) ;
    #####:  589:void fatal(char const   *mesg , int errnum ) 
        -:  590:{ 
        -:  591:
        -:  592:
        -:  593:  {
        -:  594:  {
    #####:  595:  error(mesg, errnum);
    #####:  596:  exit(2);
        -:  597:  }
        -:  598:}
        -:  599:}
        4:  600:char *xmalloc(size_t size ) 
        -:  601:{ 
        -:  602:  char *result ;
        -:  603:  void *tmp ;
        -:  604:  char *tmp___0 ;
        -:  605:
        -:  606:  {
        -:  607:  {
        4:  608:  tmp = malloc(size);
        4:  609:  result = (char *)tmp;
        -:  610:  }
        4:  611:  if (size) {
        4:  612:    if (! result) {
        -:  613:      {
    #####:  614:      tmp___0 = gettext("memory exhausted");
    #####:  615:      fatal((char const   *)tmp___0, 0);
        -:  616:      }
        -:  617:    }
        4:  618:  }
        4:  619:  return (result);
        -:  620:}
        -:  621:}
    #####:  622:char *xrealloc(char *ptr , size_t size ) 
        -:  623:{ 
        -:  624:  char *result ;
        -:  625:  void *tmp ;
        -:  626:  void *tmp___0 ;
        -:  627:  char *tmp___1 ;
        -:  628:
        -:  629:  {
    #####:  630:  if (ptr) {
        -:  631:    {
    #####:  632:    tmp = realloc((void *)ptr, size);
    #####:  633:    result = (char *)tmp;
        -:  634:    }
    #####:  635:  } else {
        -:  636:    {
    #####:  637:    tmp___0 = malloc(size);
    #####:  638:    result = (char *)tmp___0;
        -:  639:    }
        -:  640:  }
    #####:  641:  if (size) {
    #####:  642:    if (! result) {
        -:  643:      {
    #####:  644:      tmp___1 = gettext("memory exhausted");
    #####:  645:      fatal((char const   *)tmp___1, 0);
        -:  646:      }
        -:  647:    }
    #####:  648:  }
    #####:  649:  return (result);
        -:  650:}
        -:  651:}
    #####:  652:static int ck_atoi(char const   *str , int *out ) 
        -:  653:{ 
        -:  654:  char const   *p ;
        -:  655:
        -:  656:  {
    #####:  657:  p = str;
        -:  658:  {
    #####:  659:  while (1) {
        -:  660:    while_continue: /* CIL Label */ ;
    #####:  661:    if (! *p) {
    #####:  662:      goto while_break;
        -:  663:    }
    #####:  664:    if ((int const   )*p < 48) {
    #####:  665:      return (-1);
        -:  666:    } else { //Added block
    #####:  667:    if ((int const   )*p > 57) {
    #####:  668:      return (-1);
        -:  669:    }
        -:  670:    }
    #####:  671:    p ++;
        -:  672:  }
        -:  673:  while_break: /* CIL Label */ ;
        -:  674:  }
        -:  675:  {
    #####:  676:  *out = atoi((char const   *)optarg);
        -:  677:  }
    #####:  678:  return (0);
        -:  679:}
    #####:  680:}
        -:  681:static char *ubuffer  ;
        -:  682:static char *buffer  ;
        -:  683:static size_t bufsalloc  ;
        -:  684:static size_t bufalloc  ;
        -:  685:static int bufdesc  ;
        -:  686:static char *bufbeg  ;
        -:  687:static char *buflim  ;
        -:  688:static size_t pagesize  ;
        -:  689:static off_t bufoffset  ;
        -:  690:static int bufmapped  ;
        -:  691:static off_t initial_bufoffset  ;
        1:  692:static char *page_alloc(size_t size , char **up ) 
        -:  693:{ 
        -:  694:  size_t asize ;
        -:  695:  char *p ;
        -:  696:  void *tmp ;
        -:  697:  void *tmp___0 ;
        -:  698:  void *tmp___1 ;
        -:  699:  char *tmp___2 ;
        -:  700:
        -:  701:  {
        1:  702:  asize = (size + pagesize) - 1UL;
        1:  703:  if (size <= asize) {
        1:  704:    if (*up) {
        -:  705:      {
    #####:  706:      tmp = realloc((void *)*up, asize);
    #####:  707:      tmp___1 = tmp;
        -:  708:      }
    #####:  709:    } else {
        -:  710:      {
        1:  711:      tmp___0 = malloc(asize);
        1:  712:      tmp___1 = tmp___0;
        -:  713:      }
        -:  714:    }
        1:  715:    p = (char *)tmp___1;
        1:  716:    if (p) {
        1:  717:      *up = p;
        1:  718:      if ((size_t )p % pagesize == 0UL) {
    #####:  719:        tmp___2 = p;
    #####:  720:      } else {
        1:  721:        tmp___2 = p + (pagesize - (size_t )p % pagesize);
        -:  722:      }
        1:  723:      return (tmp___2);
        -:  724:    }
    #####:  725:  }
    #####:  726:  return ((char *)((void *)0));
        -:  727:}
        1:  728:}
        3:  729:static int reset(int fd , char const   *file , struct stats *stats ) 
        -:  730:{ 
        -:  731:  size_t ubufsalloc ;
        -:  732:  int tmp ;
        -:  733:  char *tmp___0 ;
        -:  734:  int *tmp___1 ;
        -:  735:  int tmp___2 ;
        -:  736:  int *tmp___3 ;
        -:  737:  int tmp___4 ;
        -:  738:
        -:  739:  {
        3:  740:  if (pagesize) {
        2:  741:    if ((bufalloc / 5UL) % pagesize == 0UL) {
        2:  742:      bufsalloc = bufalloc / 5UL;
        2:  743:    } else {
    #####:  744:      bufsalloc = bufalloc / 5UL + (pagesize - (bufalloc / 5UL) % pagesize);
        -:  745:    }
        2:  746:  } else {
        -:  747:    {
        1:  748:    tmp = getpagesize();
        1:  749:    pagesize = (size_t )tmp;
        -:  750:    }
        1:  751:    if (pagesize == 0UL) {
        -:  752:      {
    #####:  753:      abort();
        -:  754:      }
        -:  755:    }
        1:  756:    if (8192UL > pagesize) {
        1:  757:      ubufsalloc = (size_t )8192;
        1:  758:    } else {
    #####:  759:      ubufsalloc = pagesize;
        -:  760:    }
        1:  761:    if (ubufsalloc % pagesize == 0UL) {
        1:  762:      bufsalloc = ubufsalloc;
        1:  763:    } else {
    #####:  764:      bufsalloc = ubufsalloc + (pagesize - ubufsalloc % pagesize);
        -:  765:    }
        1:  766:    bufalloc = 5UL * bufsalloc;
        1:  767:    if (bufsalloc < ubufsalloc) {
        -:  768:      {
    #####:  769:      tmp___0 = gettext("memory exhausted");
    #####:  770:      fatal((char const   *)tmp___0, 0);
        -:  771:      }
        -:  772:    } else { //Added block
        1:  773:    if (bufalloc / 5UL != bufsalloc) {
        -:  774:      {
    #####:  775:      tmp___0 = gettext("memory exhausted");
    #####:  776:      fatal((char const   *)tmp___0, 0);
        -:  777:      }
        -:  778:    } else { //Added block
        1:  779:    if (bufalloc + 1UL < bufalloc) {
        -:  780:      {
    #####:  781:      tmp___0 = gettext("memory exhausted");
    #####:  782:      fatal((char const   *)tmp___0, 0);
        -:  783:      }
        -:  784:    } else {
        -:  785:      {
        1:  786:      buffer = page_alloc(bufalloc + 1UL, & ubuffer);
        -:  787:      }
        1:  788:      if (! buffer) {
        -:  789:        {
    #####:  790:        tmp___0 = gettext("memory exhausted");
    #####:  791:        fatal((char const   *)tmp___0, 0);
        -:  792:        }
        -:  793:      }
        -:  794:    }
        -:  795:    }
        -:  796:    }
        -:  797:  }
        -:  798:  {
        3:  799:  buflim = buffer;
        3:  800:  bufdesc = fd;
        3:  801:  tmp___2 = fstat(fd, & stats->stat);
        -:  802:  }
        3:  803:  if (tmp___2 != 0) {
        -:  804:    {
    #####:  805:    tmp___1 = __errno_location();
    #####:  806:    error("fstat", *tmp___1);
        -:  807:    }
    #####:  808:    return (0);
        -:  809:  }
        3:  810:  if ((unsigned int )directories == 2U) {
    #####:  811:    if ((stats->stat.st_mode & 61440U) == 16384U) {
    #####:  812:      return (0);
        -:  813:    }
    #####:  814:  }
        3:  815:  if ((stats->stat.st_mode & 61440U) == 32768U) {
        3:  816:    if (file) {
        3:  817:      bufoffset = (off_t )0;
        3:  818:    } else {
        -:  819:      {
    #####:  820:      bufoffset = lseek(fd, (__off_t )0, 1);
        -:  821:      }
    #####:  822:      if (bufoffset < 0L) {
        -:  823:        {
    #####:  824:        tmp___3 = __errno_location();
    #####:  825:        error("lseek", *tmp___3);
        -:  826:        }
    #####:  827:        return (0);
        -:  828:      }
        -:  829:    }
        3:  830:    initial_bufoffset = bufoffset;
        3:  831:    if (mmap_option) {
    #####:  832:      if ((unsigned long )bufoffset % pagesize == 0UL) {
    #####:  833:        tmp___4 = 1;
    #####:  834:      } else {
    #####:  835:        tmp___4 = 0;
        -:  836:      }
    #####:  837:    } else {
        3:  838:      tmp___4 = 0;
        -:  839:    }
        3:  840:    bufmapped = tmp___4;
        3:  841:  } else {
    #####:  842:    bufmapped = 0;
        -:  843:  }
        3:  844:  return (1);
        -:  845:}
        3:  846:}
       14:  847:static int fillbuf(size_t save , struct stats *stats ) 
        -:  848:{ 
        -:  849:  size_t fillsize ;
        -:  850:  int cc ;
        -:  851:  size_t readsize ;
        -:  852:  size_t saved_offset ;
        -:  853:  size_t aligned_save ;
        -:  854:  size_t tmp ;
        -:  855:  size_t maxalloc ;
        -:  856:  size_t newalloc ;
        -:  857:  off_t to_be_read ;
        -:  858:  size_t slop ;
        -:  859:  off_t aligned_to_be_read ;
        -:  860:  size_t tmp___0 ;
        -:  861:  off_t maxalloc_off ;
        -:  862:  char *tmp___1 ;
        -:  863:  size_t mmapsize ;
        -:  864:  int *tmp___2 ;
        -:  865:  __off_t tmp___3 ;
        -:  866:  void *tmp___4 ;
        -:  867:  ssize_t bytesread ;
        -:  868:  int *tmp___5 ;
        -:  869:
        -:  870:  {
       14:  871:  fillsize = (size_t )0;
       14:  872:  cc = 1;
       14:  873:  saved_offset = (size_t )(buflim - ubuffer) - save;
       14:  874:  if (bufsalloc < save) {
    #####:  875:    if (save % pagesize == 0UL) {
    #####:  876:      tmp = save;
    #####:  877:    } else {
    #####:  878:      tmp = save + (pagesize - save % pagesize);
        -:  879:    }
    #####:  880:    aligned_save = tmp;
    #####:  881:    maxalloc = (size_t )-1;
    #####:  882:    if ((stats->stat.st_mode & 61440U) == 32768U) {
    #####:  883:      to_be_read = stats->stat.st_size - bufoffset;
    #####:  884:      slop = (unsigned long )to_be_read % pagesize;
    #####:  885:      if (slop) {
    #####:  886:        tmp___0 = pagesize - slop;
    #####:  887:      } else {
    #####:  888:        tmp___0 = (size_t )0;
        -:  889:      }
    #####:  890:      aligned_to_be_read = (off_t )((size_t )to_be_read + tmp___0);
    #####:  891:      maxalloc_off = (off_t )(aligned_save + (size_t )aligned_to_be_read);
    #####:  892:      if (0L <= maxalloc_off) {
    #####:  893:        if ((size_t )maxalloc_off == (size_t )maxalloc_off) {
    #####:  894:          maxalloc = (size_t )maxalloc_off;
    #####:  895:        }
    #####:  896:      }
    #####:  897:    }
        -:  898:    {
    #####:  899:    while (1) {
        -:  900:      while_continue: /* CIL Label */ ;
    #####:  901:      if (! (bufsalloc < save)) {
    #####:  902:        goto while_break;
        -:  903:      }
    #####:  904:      if (bufsalloc < bufsalloc * 2UL) {
    #####:  905:        bufsalloc *= 2UL;
    #####:  906:      } else {
    #####:  907:        bufsalloc = aligned_save;
    #####:  908:        goto while_break;
        -:  909:      }
        -:  910:    }
        -:  911:    while_break: /* CIL Label */ ;
        -:  912:    }
    #####:  913:    newalloc = 5UL * bufsalloc;
    #####:  914:    if (maxalloc < newalloc) {
    #####:  915:      newalloc = maxalloc;
    #####:  916:      bufsalloc = aligned_save;
    #####:  917:    }
    #####:  918:    if (bufsalloc < save) {
        -:  919:      {
    #####:  920:      tmp___1 = gettext("memory exhausted");
    #####:  921:      fatal((char const   *)tmp___1, 0);
        -:  922:      }
        -:  923:    } else { //Added block
    #####:  924:    if (newalloc < save) {
        -:  925:      {
    #####:  926:      tmp___1 = gettext("memory exhausted");
    #####:  927:      fatal((char const   *)tmp___1, 0);
        -:  928:      }
        -:  929:    } else { //Added block
    #####:  930:    if (newalloc == save) {
    #####:  931:      if (newalloc != maxalloc) {
        -:  932:        {
    #####:  933:        tmp___1 = gettext("memory exhausted");
    #####:  934:        fatal((char const   *)tmp___1, 0);
        -:  935:        }
        -:  936:      } else {
    #####:  937:        goto _L;
        -:  938:      }
    #####:  939:    } else { //Added block
        -:  940:    _L: 
    #####:  941:    if (bufalloc < newalloc) {
        -:  942:      {
    #####:  943:      bufalloc = newalloc;
    #####:  944:      buffer = page_alloc(bufalloc + 1UL, & ubuffer);
        -:  945:      }
    #####:  946:      if (! buffer) {
        -:  947:        {
    #####:  948:        tmp___1 = gettext("memory exhausted");
    #####:  949:        fatal((char const   *)tmp___1, 0);
        -:  950:        }
        -:  951:      }
    #####:  952:    }
        -:  953:    }
        -:  954:    }
        -:  955:    }
    #####:  956:  }
        -:  957:  {
       14:  958:  bufbeg = (buffer + bufsalloc) - save;
       14:  959:  memmove((void *)bufbeg, (void const   *)(ubuffer + saved_offset), save);
       14:  960:  readsize = bufalloc - bufsalloc;
        -:  961:  }
       14:  962:  if (bufmapped) {
    #####:  963:    mmapsize = readsize;
    #####:  964:    if ((size_t )(stats->stat.st_size - bufoffset) < mmapsize) {
    #####:  965:      mmapsize = (size_t )(stats->stat.st_size - bufoffset);
    #####:  966:      mmapsize -= mmapsize % pagesize;
    #####:  967:    }
    #####:  968:    if (mmapsize) {
        -:  969:      {
    #####:  970:      tmp___4 = mmap((void *)(buffer + bufsalloc), mmapsize, 3, 18, bufdesc, bufoffset);
        -:  971:      }
    #####:  972:      if ((unsigned long )tmp___4 != (unsigned long )((caddr_t )-1)) {
    #####:  973:        fillsize = mmapsize;
    #####:  974:      } else {
    #####:  975:        goto _L___0;
        -:  976:      }
    #####:  977:    } else {
        -:  978:      _L___0: 
    #####:  979:      bufmapped = 0;
    #####:  980:      if (bufoffset != initial_bufoffset) {
        -:  981:        {
    #####:  982:        tmp___3 = lseek(bufdesc, bufoffset, 0);
        -:  983:        }
    #####:  984:        if (tmp___3 < 0L) {
        -:  985:          {
    #####:  986:          tmp___2 = __errno_location();
    #####:  987:          error("lseek", *tmp___2);
    #####:  988:          cc = 0;
        -:  989:          }
    #####:  990:        }
    #####:  991:      }
        -:  992:    }
    #####:  993:  }
       14:  994:  if (! fillsize) {
        -:  995:    {
       14:  996:    while (1) {
        -:  997:      while_continue___0: /* CIL Label */ ;
        -:  998:      {
       14:  999:      bytesread = read(bufdesc, (void *)(buffer + bufsalloc), readsize);
        -: 1000:      }
       14: 1001:      if (bytesread < 0L) {
        -: 1002:        {
    #####: 1003:        tmp___5 = __errno_location();
        -: 1004:        }
    #####: 1005:        if (! (*tmp___5 == 4)) {
    #####: 1006:          goto while_break___0;
        -: 1007:        }
    #####: 1008:      } else {
       14: 1009:        goto while_break___0;
        -: 1010:      }
    #####: 1011:      goto while_continue___0;
        -: 1012:    }
        -: 1013:    while_break___0: /* CIL Label */ ;
        -: 1014:    }
       14: 1015:    if (bytesread < 0L) {
    #####: 1016:      cc = 0;
    #####: 1017:    } else {
       14: 1018:      fillsize = (size_t )bytesread;
        -: 1019:    }
       14: 1020:  }
       14: 1021:  bufoffset = (off_t )((size_t )bufoffset + fillsize);
       14: 1022:  buflim = (buffer + bufsalloc) + fillsize;
       14: 1023:  return (cc);
        -: 1024:}
        -: 1025:}
        -: 1026:static enum __anonenum_binary_files_31 binary_files  ;
        -: 1027:static int filename_mask  ;
        -: 1028:static int out_quiet  ;
        -: 1029:static int out_invert  ;
        -: 1030:static int out_file  ;
        -: 1031:static int out_line  ;
        -: 1032:static int out_byte  ;
        -: 1033:static int out_before  ;
        -: 1034:static int out_after  ;
        -: 1035:static int count_matches  ;
        -: 1036:static int list_files  ;
        -: 1037:static int no_filenames  ;
        -: 1038:static int suppress_errors  ;
        -: 1039:static off_t totalcc  ;
        -: 1040:static char *lastnl  ;
        -: 1041:static char *lastout  ;
        -: 1042:static off_t totalnl  ;
        -: 1043:static int pending  ;
        -: 1044:static int done_on_match  ;
    #####: 1045:static void nlscan(char *lim ) 
        -: 1046:{ 
        -: 1047:  char *beg ;
        -: 1048:  void *tmp ;
        -: 1049:
        -: 1050:  {
    #####: 1051:  beg = lastnl;
        -: 1052:  {
    #####: 1053:  while (1) {
        -: 1054:    while_continue: /* CIL Label */ ;
        -: 1055:    {
    #####: 1056:    tmp = memchr((void const   *)beg, (int )eolbyte, (size_t )(lim - beg));
    #####: 1057:    beg = (char *)tmp;
        -: 1058:    }
    #####: 1059:    if (! beg) {
    #####: 1060:      goto while_break;
        -: 1061:    }
    #####: 1062:    totalnl ++;
    #####: 1063:    beg ++;
        -: 1064:  }
        -: 1065:  while_break: /* CIL Label */ ;
        -: 1066:  }
    #####: 1067:  lastnl = lim;
    #####: 1068:  return;
        -: 1069:}
        -: 1070:}
    #####: 1071:static void print_offset_sep(off_t pos , int sep ) 
        -: 1072:{ 
        -: 1073:  char buf[sizeof(pos) * 8UL] ;
        -: 1074:  char *p ;
        -: 1075:
        -: 1076:  {
    #####: 1077:  p = (buf + sizeof(buf)) - 1;
    #####: 1078:  *p = (char )sep;
        -: 1079:  {
    #####: 1080:  while (1) {
        -: 1081:    while_continue: /* CIL Label */ ;
    #####: 1082:    p --;
    #####: 1083:    *p = (char )(48L + pos % 10L);
    #####: 1084:    pos /= 10L;
    #####: 1085:    if (! (pos != 0L)) {
    #####: 1086:      goto while_break;
        -: 1087:    }
        -: 1088:  }
        -: 1089:  while_break: /* CIL Label */ ;
        -: 1090:  }
        -: 1091:  {
    #####: 1092:  fwrite((void const   * __restrict  )p, (size_t )1, (size_t )((buf + sizeof(buf)) - p),
    #####: 1093:         (FILE * __restrict  )stdout);
        -: 1094:  }
    #####: 1095:  return;
        -: 1096:}
        -: 1097:}
       76: 1098:static void prline(char *beg , char *lim , int sep ) 
        -: 1099:{ 
        -: 1100:  off_t pos ;
        -: 1101:  int *tmp ;
        -: 1102:  char *tmp___0 ;
        -: 1103:  int tmp___1 ;
        -: 1104:
        -: 1105:  {
       76: 1106:  if (out_file) {
        -: 1107:    {
       76: 1108:    printf((char const   * __restrict  )"%s%c", filename, sep & filename_mask);
        -: 1109:    }
       76: 1110:  }
       76: 1111:  if (out_line) {
        -: 1112:    {
    #####: 1113:    nlscan(beg);
    #####: 1114:    totalnl ++;
    #####: 1115:    print_offset_sep(totalnl, sep);
    #####: 1116:    lastnl = lim;
        -: 1117:    }
    #####: 1118:  }
       76: 1119:  if (out_byte) {
        -: 1120:    {
    #####: 1121:    pos = totalcc + (beg - bufbeg);
    #####: 1122:    print_offset_sep(pos, sep);
        -: 1123:    }
    #####: 1124:  }
        -: 1125:  {
       76: 1126:  fwrite((void const   * __restrict  )beg, (size_t )1, (size_t )(lim - beg), (FILE * __restrict  )stdout);
       76: 1127:  tmp___1 = ferror(stdout);
        -: 1128:  }
       76: 1129:  if (tmp___1) {
        -: 1130:    {
    #####: 1131:    tmp = __errno_location();
    #####: 1132:    tmp___0 = gettext("writing output");
    #####: 1133:    error((char const   *)tmp___0, *tmp);
        -: 1134:    }
    #####: 1135:  }
       76: 1136:  lastout = lim;
       76: 1137:  return;
        -: 1138:}
        -: 1139:}
    #####: 1140:static void prpending(char *lim ) 
        -: 1141:{ 
        -: 1142:  char *nl ;
        -: 1143:  void *tmp ;
        -: 1144:
        -: 1145:  {
    #####: 1146:  if (! lastout) {
    #####: 1147:    lastout = bufbeg;
    #####: 1148:  }
        -: 1149:  {
    #####: 1150:  while (1) {
        -: 1151:    while_continue: /* CIL Label */ ;
    #####: 1152:    if (pending > 0) {
    #####: 1153:      if (! ((unsigned long )lastout < (unsigned long )lim)) {
    #####: 1154:        goto while_break;
        -: 1155:      }
    #####: 1156:    } else {
    #####: 1157:      goto while_break;
        -: 1158:    }
        -: 1159:    {
    #####: 1160:    pending --;
    #####: 1161:    tmp = memchr((void const   *)lastout, (int )eolbyte, (size_t )(lim - lastout));
    #####: 1162:    nl = (char *)tmp;
        -: 1163:    }
    #####: 1164:    if ((unsigned long )nl != (unsigned long )((char *)0)) {
    #####: 1165:      nl ++;
    #####: 1166:    } else {
    #####: 1167:      nl = lim;
        -: 1168:    }
        -: 1169:    {
    #####: 1170:    prline(lastout, nl, '-');
        -: 1171:    }
        -: 1172:  }
        -: 1173:  while_break: /* CIL Label */ ;
        -: 1174:  }
    #####: 1175:  return;
        -: 1176:}
        -: 1177:}
        -: 1178:static int used  ;
       76: 1179:static void prtext(char *beg , char *lim , int *nlinesp ) 
        -: 1180:{ 
        -: 1181:  char *bp ;
        -: 1182:  char *p ;
        -: 1183:  char *nl ;
        -: 1184:  char eol ;
        -: 1185:  int i ;
        -: 1186:  int n ;
        -: 1187:  void *tmp ;
        -: 1188:  void *tmp___0 ;
        -: 1189:
        -: 1190:  {
       76: 1191:  eol = (char )eolbyte;
       76: 1192:  if (! out_quiet) {
       76: 1193:    if (pending > 0) {
        -: 1194:      {
    #####: 1195:      prpending(beg);
        -: 1196:      }
    #####: 1197:    }
       76: 1198:  }
       76: 1199:  p = beg;
       76: 1200:  if (! out_quiet) {
       76: 1201:    if (lastout) {
       67: 1202:      bp = lastout;
       67: 1203:    } else {
        9: 1204:      bp = bufbeg;
        -: 1205:    }
       76: 1206:    i = 0;
        -: 1207:    {
       76: 1208:    while (1) {
        -: 1209:      while_continue: /* CIL Label */ ;
       76: 1210:      if (! (i < out_before)) {
       76: 1211:        goto while_break;
        -: 1212:      }
    #####: 1213:      if ((unsigned long )p > (unsigned long )bp) {
        -: 1214:        {
    #####: 1215:        while (1) {
        -: 1216:          while_continue___0: /* CIL Label */ ;
    #####: 1217:          p --;
    #####: 1218:          if ((unsigned long )p > (unsigned long )bp) {
    #####: 1219:            if (! ((int )*(p + -1) != (int )eol)) {
    #####: 1220:              goto while_break___0;
        -: 1221:            }
    #####: 1222:          } else {
    #####: 1223:            goto while_break___0;
        -: 1224:          }
        -: 1225:        }
        -: 1226:        while_break___0: /* CIL Label */ ;
        -: 1227:        }
    #####: 1228:      }
    #####: 1229:      i ++;
        -: 1230:    }
        -: 1231:    while_break: /* CIL Label */ ;
        -: 1232:    }
       76: 1233:    if (out_before) {
    #####: 1234:      goto _L;
        -: 1235:    } else { //Added block
       76: 1236:    if (out_after) {
        -: 1237:      _L: 
    #####: 1238:      if (used) {
    #####: 1239:        if ((unsigned long )p != (unsigned long )lastout) {
        -: 1240:          {
    #####: 1241:          puts("--");
        -: 1242:          }
    #####: 1243:        }
    #####: 1244:      }
    #####: 1245:    }
        -: 1246:    }
        -: 1247:    {
       76: 1248:    while (1) {
        -: 1249:      while_continue___1: /* CIL Label */ ;
       76: 1250:      if (! ((unsigned long )p < (unsigned long )beg)) {
       76: 1251:        goto while_break___1;
        -: 1252:      }
        -: 1253:      {
    #####: 1254:      tmp = memchr((void const   *)p, (int )eol, (size_t )(beg - p));
    #####: 1255:      nl = (char *)tmp;
    #####: 1256:      prline(p, nl + 1, '-');
    #####: 1257:      p = nl + 1;
        -: 1258:      }
        -: 1259:    }
        -: 1260:    while_break___1: /* CIL Label */ ;
        -: 1261:    }
       76: 1262:  }
       76: 1263:  if (nlinesp) {
    #####: 1264:    n = 0;
        -: 1265:    {
    #####: 1266:    while (1) {
        -: 1267:      while_continue___2: /* CIL Label */ ;
    #####: 1268:      if (! ((unsigned long )p < (unsigned long )lim)) {
    #####: 1269:        goto while_break___2;
        -: 1270:      }
        -: 1271:      {
    #####: 1272:      tmp___0 = memchr((void const   *)p, (int )eol, (size_t )(lim - p));
    #####: 1273:      nl = (char *)tmp___0;
        -: 1274:      }
    #####: 1275:      if ((unsigned long )nl != (unsigned long )((char *)0)) {
    #####: 1276:        nl ++;
    #####: 1277:      } else {
    #####: 1278:        nl = lim;
        -: 1279:      }
    #####: 1280:      if (! out_quiet) {
        -: 1281:        {
    #####: 1282:        prline(p, nl, ':');
        -: 1283:        }
    #####: 1284:      }
    #####: 1285:      p = nl;
    #####: 1286:      n ++;
        -: 1287:    }
        -: 1288:    while_break___2: /* CIL Label */ ;
        -: 1289:    }
    #####: 1290:    *nlinesp = n;
    #####: 1291:  } else { //Added block
       76: 1292:  if (! out_quiet) {
        -: 1293:    {
       76: 1294:    prline(beg, lim, ':');
        -: 1295:    }
       76: 1296:  }
        -: 1297:  }
       76: 1298:  if (out_quiet) {
    #####: 1299:    pending = 0;
    #####: 1300:  } else {
       76: 1301:    pending = out_after;
        -: 1302:  }
       76: 1303:  used = 1;
       76: 1304:  return;
        -: 1305:}
        -: 1306:}
       13: 1307:static int grepbuf(char *beg , char *lim ) 
        -: 1308:{ 
        -: 1309:  int nlines ;
        -: 1310:  int n ;
        -: 1311:  register char *p ;
        -: 1312:  register char *b ;
        -: 1313:  char *endp ;
        -: 1314:  char eol ;
        -: 1315:
        -: 1316:  {
       13: 1317:  eol = (char )eolbyte;
       13: 1318:  nlines = 0;
       13: 1319:  p = beg;
        -: 1320:  {
       89: 1321:  while (1) {
        -: 1322:    while_continue: /* CIL Label */ ;
        -: 1323:    {
       89: 1324:    b = (*execute)(p, (size_t )(lim - p), & endp);
        -: 1325:    }
       89: 1326:    if (! ((unsigned long )b != (unsigned long )((char *)0))) {
       13: 1327:      goto while_break;
        -: 1328:    }
       76: 1329:    if ((unsigned long )b == (unsigned long )lim) {
    #####: 1330:      if ((unsigned long )b > (unsigned long )beg) {
    #####: 1331:        if ((int )*(b + -1) == (int )eol) {
    #####: 1332:          goto while_break;
        -: 1333:        } else {
    #####: 1334:          goto _L;
        -: 1335:        }
    #####: 1336:      } else { //Added block
        -: 1337:      _L: 
    #####: 1338:      if ((unsigned long )b == (unsigned long )beg) {
    #####: 1339:        goto while_break;
        -: 1340:      }
        -: 1341:      }
    #####: 1342:    }
       76: 1343:    if (! out_invert) {
        -: 1344:      {
       76: 1345:      prtext(b, endp, (int *)0);
       76: 1346:      nlines ++;
        -: 1347:      }
       76: 1348:      if (done_on_match) {
    #####: 1349:        return (nlines);
        -: 1350:      }
       76: 1351:    } else { //Added block
    #####: 1352:    if ((unsigned long )p < (unsigned long )b) {
        -: 1353:      {
    #####: 1354:      prtext(p, b, & n);
    #####: 1355:      nlines += n;
        -: 1356:      }
    #####: 1357:    }
        -: 1358:    }
       76: 1359:    p = endp;
        -: 1360:  }
        -: 1361:  while_break: /* CIL Label */ ;
        -: 1362:  }
       13: 1363:  if (out_invert) {
    #####: 1364:    if ((unsigned long )p < (unsigned long )lim) {
        -: 1365:      {
    #####: 1366:      prtext(p, lim, & n);
    #####: 1367:      nlines += n;
        -: 1368:      }
    #####: 1369:    }
    #####: 1370:  }
       13: 1371:  return (nlines);
        -: 1372:}
       13: 1373:}
        3: 1374:static int grep(int fd , char const   *file , struct stats *stats ) 
        -: 1375:{ 
        -: 1376:  int nlines ;
        -: 1377:  int i ;
        -: 1378:  int not_text ;
        -: 1379:  size_t residue ;
        -: 1380:  size_t save ;
        -: 1381:  char *beg ;
        -: 1382:  char *lim ;
        -: 1383:  char eol ;
        -: 1384:  int tmp ;
        -: 1385:  int *tmp___0 ;
        -: 1386:  int tmp___1 ;
        -: 1387:  int tmp___2 ;
        -: 1388:  int *tmp___3 ;
        -: 1389:  int *tmp___4 ;
        -: 1390:  int tmp___5 ;
        -: 1391:  int tmp___6 ;
        -: 1392:  void *tmp___7 ;
        -: 1393:  int tmp___8 ;
        -: 1394:  int tmp___9 ;
        -: 1395:  int *tmp___10 ;
        -: 1396:  int *tmp___11 ;
        -: 1397:  int tmp___12 ;
        -: 1398:  char *tmp___13 ;
        -: 1399:  int tmp___14 ;
        -: 1400:  char *tmp___15 ;
        -: 1401:
        -: 1402:  {
        -: 1403:  {
        3: 1404:  eol = (char )eolbyte;
        3: 1405:  tmp = reset(fd, file, stats);
        -: 1406:  }
        3: 1407:  if (! tmp) {
    #####: 1408:    return (0);
        -: 1409:  }
        3: 1410:  if (file) {
        3: 1411:    if ((unsigned int )directories == 1U) {
    #####: 1412:      if ((stats->stat.st_mode & 61440U) == 16384U) {
        -: 1413:        {
    #####: 1414:        tmp___1 = close(fd);
        -: 1415:        }
    #####: 1416:        if (tmp___1 != 0) {
        -: 1417:          {
    #####: 1418:          tmp___0 = __errno_location();
    #####: 1419:          error(file, *tmp___0);
        -: 1420:          }
    #####: 1421:        }
        -: 1422:        {
    #####: 1423:        tmp___2 = grepdir(file, stats);
        -: 1424:        }
    #####: 1425:        return (tmp___2 - 2);
        -: 1426:      }
    #####: 1427:    }
        3: 1428:  }
        -: 1429:  {
        3: 1430:  totalcc = (off_t )0;
        3: 1431:  lastout = (char *)0;
        3: 1432:  totalnl = (off_t )0;
        3: 1433:  pending = 0;
        3: 1434:  nlines = 0;
        3: 1435:  residue = (size_t )0;
        3: 1436:  save = (size_t )0;
        3: 1437:  tmp___5 = fillbuf(save, stats);
        -: 1438:  }
        3: 1439:  if (! tmp___5) {
        -: 1440:    {
    #####: 1441:    tmp___4 = __errno_location();
        -: 1442:    }
    #####: 1443:    if (*tmp___4 == 21) {
    #####: 1444:      if (! suppress_errors) {
        -: 1445:        {
    #####: 1446:        tmp___3 = __errno_location();
    #####: 1447:        error(filename, *tmp___3);
        -: 1448:        }
    #####: 1449:      }
    #####: 1450:    } else {
        -: 1451:      {
    #####: 1452:      tmp___3 = __errno_location();
    #####: 1453:      error(filename, *tmp___3);
        -: 1454:      }
        -: 1455:    }
    #####: 1456:    return (0);
        -: 1457:  }
        3: 1458:  if ((unsigned int )binary_files == 0U) {
        3: 1459:    if (! out_quiet) {
        3: 1460:      goto _L;
        -: 1461:    } else {
    #####: 1462:      goto _L___0;
        -: 1463:    }
    #####: 1464:  } else { //Added block
        -: 1465:  _L___0: 
    #####: 1466:  if ((unsigned int )binary_files == 2U) {
        -: 1467:    _L: 
        3: 1468:    if (eol) {
        3: 1469:      tmp___6 = '\000';
        3: 1470:    } else {
    #####: 1471:      tmp___6 = '\200';
        -: 1472:    }
        -: 1473:    {
        3: 1474:    tmp___7 = memchr((void const   *)bufbeg, tmp___6, (size_t )(buflim - bufbeg));
        -: 1475:    }
        3: 1476:    if (tmp___7) {
    #####: 1477:      tmp___8 = 1;
    #####: 1478:    } else {
        3: 1479:      tmp___8 = 0;
        -: 1480:    }
        3: 1481:  } else {
    #####: 1482:    tmp___8 = 0;
        -: 1483:  }
        -: 1484:  }
        3: 1485:  not_text = tmp___8;
        3: 1486:  if (not_text) {
    #####: 1487:    if ((unsigned int )binary_files == 2U) {
    #####: 1488:      return (0);
        -: 1489:    }
    #####: 1490:  }
        3: 1491:  done_on_match += not_text;
        3: 1492:  out_quiet += not_text;
        -: 1493:  {
       14: 1494:  while (1) {
        -: 1495:    while_continue: /* CIL Label */ ;
       14: 1496:    lastnl = bufbeg;
       14: 1497:    if (lastout) {
    #####: 1498:      lastout = bufbeg;
    #####: 1499:    }
       14: 1500:    if ((size_t )(buflim - bufbeg) == save) {
        3: 1501:      goto while_break;
        -: 1502:    }
       11: 1503:    beg = (bufbeg + save) - residue;
       11: 1504:    lim = buflim;
        -: 1505:    {
      274: 1506:    while (1) {
        -: 1507:      while_continue___0: /* CIL Label */ ;
      274: 1508:      if ((unsigned long )lim > (unsigned long )beg) {
      274: 1509:        if (! ((int )*(lim + -1) != (int )eol)) {
       11: 1510:          goto while_break___0;
        -: 1511:        }
      263: 1512:      } else {
    #####: 1513:        goto while_break___0;
        -: 1514:      }
      263: 1515:      lim --;
        -: 1516:    }
        -: 1517:    while_break___0: /* CIL Label */ ;
        -: 1518:    }
       11: 1519:    residue = (size_t )(buflim - lim);
       11: 1520:    if ((unsigned long )beg < (unsigned long )lim) {
        -: 1521:      {
       11: 1522:      tmp___9 = grepbuf(beg, lim);
       11: 1523:      nlines += tmp___9;
        -: 1524:      }
       11: 1525:      if (pending) {
        -: 1526:        {
    #####: 1527:        prpending(lim);
        -: 1528:        }
    #####: 1529:      }
       11: 1530:      if (nlines) {
       11: 1531:        if (done_on_match) {
    #####: 1532:          if (! out_invert) {
    #####: 1533:            goto finish_grep;
        -: 1534:          }
    #####: 1535:        }
       11: 1536:      }
       11: 1537:    }
       11: 1538:    i = 0;
       11: 1539:    beg = lim;
        -: 1540:    {
       11: 1541:    while (1) {
        -: 1542:      while_continue___1: /* CIL Label */ ;
       11: 1543:      if (i < out_before) {
    #####: 1544:        if ((unsigned long )beg > (unsigned long )bufbeg) {
    #####: 1545:          if (! ((unsigned long )beg != (unsigned long )lastout)) {
    #####: 1546:            goto while_break___1;
        -: 1547:          }
    #####: 1548:        } else {
    #####: 1549:          goto while_break___1;
        -: 1550:        }
    #####: 1551:      } else {
       11: 1552:        goto while_break___1;
        -: 1553:      }
    #####: 1554:      i ++;
        -: 1555:      {
    #####: 1556:      while (1) {
        -: 1557:        while_continue___2: /* CIL Label */ ;
    #####: 1558:        beg --;
    #####: 1559:        if ((unsigned long )beg > (unsigned long )bufbeg) {
    #####: 1560:          if (! ((int )*(beg + -1) != (int )eol)) {
    #####: 1561:            goto while_break___2;
        -: 1562:          }
    #####: 1563:        } else {
    #####: 1564:          goto while_break___2;
        -: 1565:        }
        -: 1566:      }
        -: 1567:      while_break___2: /* CIL Label */ ;
        -: 1568:      }
        -: 1569:    }
        -: 1570:    while_break___1: /* CIL Label */ ;
        -: 1571:    }
       11: 1572:    if ((unsigned long )beg != (unsigned long )lastout) {
       11: 1573:      lastout = (char *)0;
       11: 1574:    }
       11: 1575:    save = (size_t )((lim + residue) - beg);
       11: 1576:    totalcc = (off_t )((size_t )totalcc + ((size_t )(buflim - bufbeg) - save));
       11: 1577:    if (out_line) {
        -: 1578:      {
    #####: 1579:      nlscan(beg);
        -: 1580:      }
    #####: 1581:    }
        -: 1582:    {
       11: 1583:    tmp___12 = fillbuf(save, stats);
        -: 1584:    }
       11: 1585:    if (! tmp___12) {
        -: 1586:      {
    #####: 1587:      tmp___11 = __errno_location();
        -: 1588:      }
    #####: 1589:      if (*tmp___11 == 21) {
    #####: 1590:        if (! suppress_errors) {
        -: 1591:          {
    #####: 1592:          tmp___10 = __errno_location();
    #####: 1593:          error(filename, *tmp___10);
        -: 1594:          }
    #####: 1595:        }
    #####: 1596:      } else {
        -: 1597:        {
    #####: 1598:        tmp___10 = __errno_location();
    #####: 1599:        error(filename, *tmp___10);
        -: 1600:        }
        -: 1601:      }
    #####: 1602:      goto finish_grep;
        -: 1603:    }
        -: 1604:  }
        -: 1605:  while_break: /* CIL Label */ ;
        -: 1606:  }
        5: 1607:  if (residue) {
        -: 1608:    {
        2: 1609:    tmp___13 = buflim;
        2: 1610:    buflim ++;
        2: 1611:    *tmp___13 = eol;
        2: 1612:    tmp___14 = grepbuf((bufbeg + save) - residue, buflim);
        2: 1613:    nlines += tmp___14;
        -: 1614:    }
        2: 1615:    if (pending) {
        -: 1616:      {
    #####: 1617:      prpending(buflim);
        -: 1618:      }
    #####: 1619:    }
        2: 1620:  }
        -: 1621:  finish_grep: 
        3: 1622:  done_on_match -= not_text;
        3: 1623:  out_quiet -= not_text;
        3: 1624:  if (not_text & ~ out_quiet) {
    #####: 1625:    if (nlines != 0) {
        -: 1626:      {
    #####: 1627:      tmp___15 = gettext("Binary file %s matches\n");
    #####: 1628:      printf((char const   * __restrict  )tmp___15, filename);
        -: 1629:      }
    #####: 1630:    }
    #####: 1631:  }
        3: 1632:  return (nlines);
        -: 1633:}
        3: 1634:}
        3: 1635:static int grepfile(char const   *file , struct stats *stats ) 
        -: 1636:{ 
        -: 1637:  int desc ;
        -: 1638:  int count ;
        -: 1639:  int status ;
        -: 1640:  char *tmp ;
        -: 1641:  int *tmp___0 ;
        -: 1642:  int e ;
        -: 1643:  int *tmp___1 ;
        -: 1644:  int *tmp___2 ;
        -: 1645:  int tmp___3 ;
        -: 1646:  int tmp___4 ;
        -: 1647:  int tmp___5 ;
        -: 1648:  int *tmp___6 ;
        -: 1649:  int *tmp___7 ;
        -: 1650:  int tmp___8 ;
        -: 1651:
        -: 1652:  {
        3: 1653:  if (! file) {
        -: 1654:    {
    #####: 1655:    desc = 0;
    #####: 1656:    tmp = gettext("(standard input)");
    #####: 1657:    filename = (char const   *)tmp;
        -: 1658:    }
    #####: 1659:  } else {
        -: 1660:    {
        3: 1661:    while (1) {
        -: 1662:      while_continue: /* CIL Label */ ;
        -: 1663:      {
        3: 1664:      desc = open(file, 0);
        -: 1665:      }
        3: 1666:      if (desc < 0) {
        -: 1667:        {
    #####: 1668:        tmp___0 = __errno_location();
        -: 1669:        }
    #####: 1670:        if (! (*tmp___0 == 4)) {
    #####: 1671:          goto while_break;
        -: 1672:        }
    #####: 1673:      } else {
        3: 1674:        goto while_break;
        -: 1675:      }
    #####: 1676:      goto while_continue;
        -: 1677:    }
        -: 1678:    while_break: /* CIL Label */ ;
        -: 1679:    }
        3: 1680:    if (desc < 0) {
        -: 1681:      {
    #####: 1682:      tmp___1 = __errno_location();
    #####: 1683:      e = *tmp___1;
        -: 1684:      }
    #####: 1685:      if (e == 21) {
    #####: 1686:        if ((unsigned int )directories == 1U) {
        -: 1687:          {
    #####: 1688:          tmp___3 = stat((char const   * __restrict  )file, (struct stat * __restrict  )(& stats->stat));
        -: 1689:          }
    #####: 1690:          if (tmp___3 != 0) {
        -: 1691:            {
    #####: 1692:            tmp___2 = __errno_location();
    #####: 1693:            error(file, *tmp___2);
        -: 1694:            }
    #####: 1695:            return (1);
        -: 1696:          }
        -: 1697:          {
    #####: 1698:          tmp___4 = grepdir(file, stats);
        -: 1699:          }
    #####: 1700:          return (tmp___4);
        -: 1701:        }
    #####: 1702:      }
    #####: 1703:      if (! suppress_errors) {
    #####: 1704:        if ((unsigned int )directories == 2U) {
        -: 1705:          {
    #####: 1706:          if (e == 21) {
    #####: 1707:            goto case_21;
        -: 1708:          }
    #####: 1709:          if (e == 13) {
    #####: 1710:            goto case_13;
        -: 1711:          }
    #####: 1712:          goto switch_break;
        -: 1713:          case_21: /* CIL Label */ 
    #####: 1714:          return (1);
        -: 1715:          case_13: /* CIL Label */ 
        -: 1716:          {
    #####: 1717:          tmp___5 = stat((char const   * __restrict  )file, (struct stat * __restrict  )(& stats->stat));
        -: 1718:          }
    #####: 1719:          if (tmp___5 == 0) {
    #####: 1720:            if ((stats->stat.st_mode & 61440U) == 16384U) {
    #####: 1721:              return (1);
        -: 1722:            }
    #####: 1723:          }
    #####: 1724:          goto switch_break;
        -: 1725:          switch_break: /* CIL Label */ ;
        -: 1726:          }
    #####: 1727:        }
        -: 1728:        {
    #####: 1729:        error(file, e);
        -: 1730:        }
    #####: 1731:      }
    #####: 1732:      return (1);
        -: 1733:    }
        3: 1734:    filename = file;
        -: 1735:  }
        -: 1736:  {
        3: 1737:  count = grep(desc, file, stats);
        -: 1738:  }
        3: 1739:  if (count < 0) {
    #####: 1740:    status = count + 2;
    #####: 1741:  } else {
        3: 1742:    if (count_matches) {
    #####: 1743:      if (out_file) {
        -: 1744:        {
    #####: 1745:        printf((char const   * __restrict  )"%s%c", filename, 58 & filename_mask);
        -: 1746:        }
    #####: 1747:      }
        -: 1748:      {
    #####: 1749:      printf((char const   * __restrict  )"%d\n", count);
        -: 1750:      }
    #####: 1751:    }
        3: 1752:    status = ! count;
        3: 1753:    if (list_files == 1 - 2 * status) {
        -: 1754:      {
    #####: 1755:      printf((char const   * __restrict  )"%s%c", filename, 10 & filename_mask);
        -: 1756:      }
    #####: 1757:    }
        3: 1758:    if (file) {
        -: 1759:      {
        3: 1760:      while (1) {
        -: 1761:        while_continue___0: /* CIL Label */ ;
        -: 1762:        {
        3: 1763:        tmp___8 = close(desc);
        -: 1764:        }
        3: 1765:        if (! (tmp___8 != 0)) {
        3: 1766:          goto while_break___0;
        -: 1767:        }
        -: 1768:        {
    #####: 1769:        tmp___7 = __errno_location();
        -: 1770:        }
    #####: 1771:        if (*tmp___7 != 4) {
        -: 1772:          {
    #####: 1773:          tmp___6 = __errno_location();
    #####: 1774:          error(file, *tmp___6);
        -: 1775:          }
    #####: 1776:          goto while_break___0;
        -: 1777:        }
        -: 1778:      }
        -: 1779:      while_break___0: /* CIL Label */ ;
        -: 1780:      }
        3: 1781:    }
        -: 1782:  }
        3: 1783:  return (status);
        -: 1784:}
        3: 1785:}
    #####: 1786:static int grepdir(char const   *dir , struct stats *stats ) 
        -: 1787:{ 
        -: 1788:  int status ;
        -: 1789:  struct stats *ancestor ;
        -: 1790:  char *name_space ;
        -: 1791:  char *tmp ;
        -: 1792:  char *tmp___0 ;
        -: 1793:  int *tmp___1 ;
        -: 1794:  char *tmp___2 ;
        -: 1795:  int *tmp___3 ;
        -: 1796:  size_t dirlen ;
        -: 1797:  size_t tmp___4 ;
        -: 1798:  int needs_slash ;
        -: 1799:  int tmp___5 ;
        -: 1800:  char *file ;
        -: 1801:  char *namep ;
        -: 1802:  struct stats child ;
        -: 1803:  size_t namelen ;
        -: 1804:  size_t tmp___6 ;
        -: 1805:  int tmp___7 ;
        -: 1806:
        -: 1807:  {
    #####: 1808:  status = 1;
    #####: 1809:  ancestor = stats;
        -: 1810:  {
    #####: 1811:  while (1) {
        -: 1812:    while_continue: /* CIL Label */ ;
    #####: 1813:    ancestor = ancestor->parent;
    #####: 1814:    if (! ((unsigned long )ancestor != (unsigned long )((struct stats *)0))) {
    #####: 1815:      goto while_break;
        -: 1816:    }
    #####: 1817:    if (ancestor->stat.st_ino == stats->stat.st_ino) {
    #####: 1818:      if (ancestor->stat.st_dev == stats->stat.st_dev) {
    #####: 1819:        if (! suppress_errors) {
        -: 1820:          {
    #####: 1821:          tmp = gettext("recursive directory loop");
    #####: 1822:          tmp___0 = gettext("%s: warning: %s: %s\n");
    #####: 1823:          fprintf((FILE * __restrict  )stdout, (char const   * __restrict  )tmp___0,
    #####: 1824:                  prog, dir, tmp);
        -: 1825:          }
    #####: 1826:        }
    #####: 1827:        return (1);
        -: 1828:      }
    #####: 1829:    }
        -: 1830:  }
        -: 1831:  while_break: /* CIL Label */ ;
        -: 1832:  }
        -: 1833:  {
    #####: 1834:  name_space = savedir(dir, (off_t )((unsigned int )stats->stat.st_size));
        -: 1835:  }
    #####: 1836:  if (! name_space) {
        -: 1837:    {
    #####: 1838:    tmp___3 = __errno_location();
        -: 1839:    }
    #####: 1840:    if (*tmp___3) {
    #####: 1841:      if (! suppress_errors) {
        -: 1842:        {
    #####: 1843:        tmp___1 = __errno_location();
    #####: 1844:        error(dir, *tmp___1);
        -: 1845:        }
    #####: 1846:      }
    #####: 1847:    } else {
        -: 1848:      {
    #####: 1849:      tmp___2 = gettext("Memory exhausted");
    #####: 1850:      fatal((char const   *)tmp___2, 0);
        -: 1851:      }
        -: 1852:    }
    #####: 1853:  } else {
        -: 1854:    {
    #####: 1855:    tmp___4 = strlen(dir);
    #####: 1856:    dirlen = tmp___4;
        -: 1857:    }
    #####: 1858:    if (dirlen == 0UL) {
    #####: 1859:      tmp___5 = 0;
    #####: 1860:    } else { //Added block
    #####: 1861:    if ((int const   )*(dir + (dirlen - 1UL)) == 47) {
    #####: 1862:      tmp___5 = 0;
    #####: 1863:    } else {
    #####: 1864:      tmp___5 = 1;
        -: 1865:    }
        -: 1866:    }
    #####: 1867:    needs_slash = tmp___5;
    #####: 1868:    file = (char *)((void *)0);
    #####: 1869:    namep = name_space;
    #####: 1870:    child.parent = stats;
    #####: 1871:    out_file += ! no_filenames;
        -: 1872:    {
    #####: 1873:    while (1) {
        -: 1874:      while_continue___0: /* CIL Label */ ;
    #####: 1875:      if (! *namep) {
    #####: 1876:        goto while_break___0;
        -: 1877:      }
        -: 1878:      {
[...]
        -:16825:    }
    #####:16826:    goto switch_default;
        -:16827:    case_15: /* CIL Label */ 
    #####:16828:    p1 ++;
        -:16829:    {
    #####:16830:    while (1) {
        -:16831:      while_continue___0: /* CIL Label */ ;
        -:16832:      {
    #####:16833:      while (1) {
        -:16834:        while_continue___1: /* CIL Label */ ;
    #####:16835:        mcnt = (int )*p1 & 255;
    #####:16836:        mcnt += (int )((signed char )*(p1 + 1)) << 8;
    #####:16837:        goto while_break___1;
        -:16838:      }
        -:16839:      while_break___1: /* CIL Label */ ;
        -:16840:      }
    #####:16841:      p1 += 2;
    #####:16842:      goto while_break___0;
        -:16843:    }
        -:16844:    while_break___0: /* CIL Label */ ;
        -:16845:    }
    #####:16846:    p1 += mcnt;
    #####:16847:    goto switch_break;
        -:16848:    switch_default: /* CIL Label */ 
        -:16849:    {
    #####:16850:    tmp = common_op_match_null_string_p(& p1, end, reg_info);
        -:16851:    }
    #####:16852:    if (! tmp) {
    #####:16853:      return ((boolean )0);
        -:16854:    }
        -:16855:    switch_break: /* CIL Label */ ;
        -:16856:    }
        -:16857:  }
        -:16858:  while_break: /* CIL Label */ ;
        -:16859:  }
    #####:16860:  return ((boolean )1);
        -:16861:}
    #####:16862:}
    #####:16863:static boolean common_op_match_null_string_p(unsigned char **p , unsigned char *end ,
        -:16864:                                             register_info_type *reg_info ) 
        -:16865:{ 
        -:16866:  int mcnt ;
        -:16867:  boolean ret ;
        -:16868:  int reg_no ;
        -:16869:  unsigned char *p1 ;
        -:16870:  unsigned char *tmp ;
        -:16871:
        -:16872:  {
    #####:16873:  p1 = *p;
    #####:16874:  tmp = p1;
    #####:16875:  p1 ++;
        -:16876:  {
    #####:16877:  if ((unsigned int )((re_opcode_t )*tmp) == 0U) {
    #####:16878:    goto case_0;
        -:16879:  }
    #####:16880:  if ((unsigned int )((re_opcode_t )*tmp) == 9U) {
    #####:16881:    goto case_0;
        -:16882:  }
    #####:16883:  if ((unsigned int )((re_opcode_t )*tmp) == 10U) {
    #####:16884:    goto case_0;
        -:16885:  }
    #####:16886:  if ((unsigned int )((re_opcode_t )*tmp) == 11U) {
    #####:16887:    goto case_0;
        -:16888:  }
    #####:16889:  if ((unsigned int )((re_opcode_t )*tmp) == 12U) {
    #####:16890:    goto case_0;
        -:16891:  }
    #####:16892:  if ((unsigned int )((re_opcode_t )*tmp) == 26U) {
    #####:16893:    goto case_0;
        -:16894:  }
    #####:16895:  if ((unsigned int )((re_opcode_t )*tmp) == 27U) {
    #####:16896:    goto case_0;
        -:16897:  }
    #####:16898:  if ((unsigned int )((re_opcode_t )*tmp) == 28U) {
    #####:16899:    goto case_0;
        -:16900:  }
    #####:16901:  if ((unsigned int )((re_opcode_t )*tmp) == 29U) {
    #####:16902:    goto case_0;
        -:16903:  }
    #####:16904:  if ((unsigned int )((re_opcode_t )*tmp) == 6U) {
    #####:16905:    goto case_6;
        -:16906:  }
    #####:16907:  if ((unsigned int )((re_opcode_t )*tmp) == 13U) {
    #####:16908:    goto case_13;
        -:16909:  }
    #####:16910:  if ((unsigned int )((re_opcode_t )*tmp) == 21U) {
    #####:16911:    goto case_21;
        -:16912:  }
    #####:16913:  if ((unsigned int )((re_opcode_t )*tmp) == 8U) {
    #####:16914:    goto case_8;
        -:16915:  }
    #####:16916:  if ((unsigned int )((re_opcode_t )*tmp) == 23U) {
    #####:16917:    goto case_23;
        -:16918:  }
    #####:16919:  goto switch_default;
        -:16920:  case_0: /* CIL Label */ 
        -:16921:  case_9: /* CIL Label */ 
        -:16922:  case_10: /* CIL Label */ 
        -:16923:  case_11: /* CIL Label */ 
        -:16924:  case_12: /* CIL Label */ 
        -:16925:  case_26: /* CIL Label */ 
        -:16926:  case_27: /* CIL Label */ 
        -:16927:  case_28: /* CIL Label */ 
        -:16928:  case_29: /* CIL Label */ 
    #####:16929:  goto switch_break;
        -:16930:  case_6: /* CIL Label */ 
        -:16931:  {
    #####:16932:  reg_no = (int )*p1;
    #####:16933:  ret = group_match_null_string_p(& p1, end, reg_info);
        -:16934:  }
    #####:16935:  if ((reg_info + reg_no)->bits.match_null_string_p == 3U) {
    #####:16936:    (reg_info + reg_no)->bits.match_null_string_p = (unsigned int )ret;
    #####:16937:  }
    #####:16938:  if (! ret) {
    #####:16939:    return ((boolean )0);
        -:16940:  }
    #####:16941:  goto switch_break;
        -:16942:  case_13: /* CIL Label */ 
        -:16943:  {
    #####:16944:  while (1) {
        -:16945:    while_continue: /* CIL Label */ ;
        -:16946:    {
    #####:16947:    while (1) {
        -:16948:      while_continue___0: /* CIL Label */ ;
    #####:16949:      mcnt = (int )*p1 & 255;
    #####:16950:      mcnt += (int )((signed char )*(p1 + 1)) << 8;
    #####:16951:      goto while_break___0;
        -:16952:    }
        -:16953:    while_break___0: /* CIL Label */ ;
        -:16954:    }
    #####:16955:    p1 += 2;
    #####:16956:    goto while_break;
        -:16957:  }
        -:16958:  while_break: /* CIL Label */ ;
        -:16959:  }
    #####:16960:  if (mcnt >= 0) {
    #####:16961:    p1 += mcnt;
    #####:16962:  } else {
    #####:16963:    return ((boolean )0);
        -:16964:  }
    #####:16965:  goto switch_break;
        -:16966:  case_21: /* CIL Label */ 
    #####:16967:  p1 += 2;
        -:16968:  {
    #####:16969:  while (1) {
        -:16970:    while_continue___1: /* CIL Label */ ;
        -:16971:    {
    #####:16972:    while (1) {
        -:16973:      while_continue___2: /* CIL Label */ ;
    #####:16974:      mcnt = (int )*p1 & 255;
    #####:16975:      mcnt += (int )((signed char )*(p1 + 1)) << 8;
    #####:16976:      goto while_break___2;
        -:16977:    }
        -:16978:    while_break___2: /* CIL Label */ ;
        -:16979:    }
    #####:16980:    p1 += 2;
    #####:16981:    goto while_break___1;
        -:16982:  }
        -:16983:  while_break___1: /* CIL Label */ ;
        -:16984:  }
    #####:16985:  if (mcnt == 0) {
    #####:16986:    p1 -= 4;
        -:16987:    {
    #####:16988:    while (1) {
        -:16989:      while_continue___3: /* CIL Label */ ;
        -:16990:      {
    #####:16991:      while (1) {
        -:16992:        while_continue___4: /* CIL Label */ ;
    #####:16993:        mcnt = (int )*p1 & 255;
    #####:16994:        mcnt += (int )((signed char )*(p1 + 1)) << 8;
    #####:16995:        goto while_break___4;
        -:16996:      }
        -:16997:      while_break___4: /* CIL Label */ ;
        -:16998:      }
    #####:16999:      p1 += 2;
    #####:17000:      goto while_break___3;
        -:17001:    }
        -:17002:    while_break___3: /* CIL Label */ ;
        -:17003:    }
    #####:17004:    p1 += mcnt;
    #####:17005:  } else {
    #####:17006:    return ((boolean )0);
        -:17007:  }
    #####:17008:  goto switch_break;
        -:17009:  case_8: /* CIL Label */ 
    #####:17010:  if (! (reg_info + (int )*p1)->bits.match_null_string_p) {
    #####:17011:    return ((boolean )0);
        -:17012:  }
    #####:17013:  goto switch_break;
        -:17014:  case_23: /* CIL Label */ 
    #####:17015:  p1 += 4;
        -:17016:  switch_default: /* CIL Label */ 
    #####:17017:  return ((boolean )0);
        -:17018:  switch_break: /* CIL Label */ ;
        -:17019:  }
    #####:17020:  *p = p1;
    #####:17021:  return ((boolean )1);
        -:17022:}
    #####:17023:}
    #####:17024:static int bcmp_translate(char const   *s1 , char const   *s2 , int len , char *translate ) 
        -:17025:{ 
        -:17026:  register unsigned char const   *p1 ;
        -:17027:  register unsigned char const   *p2 ;
        -:17028:  unsigned char const   *tmp ;
        -:17029:  unsigned char const   *tmp___0 ;
        -:17030:
        -:17031:  {
    #####:17032:  p1 = (unsigned char const   *)s1;
    #####:17033:  p2 = (unsigned char const   *)s2;
        -:17034:  {
    #####:17035:  while (1) {
        -:17036:    while_continue: /* CIL Label */ ;
    #####:17037:    if (! len) {
    #####:17038:      goto while_break;
        -:17039:    }
    #####:17040:    tmp = p1;
    #####:17041:    p1 ++;
    #####:17042:    tmp___0 = p2;
    #####:17043:    p2 ++;
    #####:17044:    if ((int )*(translate + (int const   )*tmp) != (int )*(translate + (int const   )*tmp___0)) {
    #####:17045:      return (1);
        -:17046:    }
    #####:17047:    len --;
        -:17048:  }
        -:17049:  while_break: /* CIL Label */ ;
        -:17050:  }
    #####:17051:  return (0);
        -:17052:}
    #####:17053:}
        1:17054:char const   *re_compile_pattern(char const   *pattern , size_t length , struct re_pattern_buffer *bufp ) 
        -:17055:{ 
        -:17056:  reg_errcode_t ret ;
        -:17057:  char *tmp ;
        -:17058:
        -:17059:  {
        -:17060:  {
        1:17061:  bufp->regs_allocated = 0U;
        1:17062:  bufp->no_sub = 0U;
        1:17063:  bufp->newline_anchor = 1U;
        1:17064:  ret = regex_compile(pattern, length, re_syntax_options, bufp);
        -:17065:  }
        1:17066:  if (! ret) {
        1:17067:    return ((char const   *)((void *)0));
        -:17068:  }
        -:17069:  {
    #####:17070:  tmp = gettext(re_error_msgid + re_error_msgid_idx[(int )ret]);
        -:17071:  }
    #####:17072:  return ((char const   *)tmp);
        -:17073:}
        1:17074:}
    #####:17075:int regcomp(regex_t *preg , char const   *pattern , int cflags ) 
        -:17076:{ 
        -:17077:  reg_errcode_t ret ;
        -:17078:  reg_syntax_t syntax ;
        -:17079:  unsigned long tmp ;
        -:17080:  char *tmp___0 ;
        -:17081:  unsigned int i ;
        -:17082:  char *tmp___1 ;
        -:17083:  __int32_t const   **tmp___3 ;
        -:17084:  unsigned short const   **tmp___4 ;
        -:17085:  size_t tmp___5 ;
        -:17086:  int tmp___6 ;
        -:17087:
        -:17088:  {
    #####:17089:  if (cflags & 1) {
    #####:17090:    tmp = (((((((((((1UL << 1) << 1) | ((((((1UL << 1) << 1) << 1) << 1) << 1) << 1)) | (((((((1UL << 1) << 1) << 1) << 1) << 1) << 1) << 1)) | (((((((((1UL << 1) << 1) << 1) << 1) << 1) << 1) << 1) << 1) << 1)) | ((((((((((((((((1UL << 1) << 1) << 1) << 1) << 1) << 1) << 1) << 1) << 1) << 1) << 1) << 1) << 1) << 1) << 1) << 1)) | (((1UL << 1) << 1) << 1)) | ((((1UL << 1) << 1) << 1) << 1)) | ((((((((((((1UL << 1) << 1) << 1) << 1) << 1) << 1) << 1) << 1) << 1) << 1) << 1) << 1)) | (((((((((((((1UL << 1) << 1) << 1) << 1) << 1) << 1) << 1) << 1) << 1) << 1) << 1) << 1) << 1)) | (((((((((((((((1UL << 1) << 1) << 1) << 1) << 1) << 1) << 1) << 1) << 1) << 1) << 1) << 1) << 1) << 1) << 1)) | (((((((((((((((((1UL << 1) << 1) << 1) << 1) << 1) << 1) << 1) << 1) << 1) << 1) << 1) << 1) << 1) << 1) << 1) << 1) << 1);
    #####:17091:  } else {
    #####:17092:    tmp = ((((((1UL << 1) << 1) | ((((((1UL << 1) << 1) << 1) << 1) << 1) << 1)) | (((((((1UL << 1) << 1) << 1) << 1) << 1) << 1) << 1)) | (((((((((1UL << 1) << 1) << 1) << 1) << 1) << 1) << 1) << 1) << 1)) | ((((((((((((((((1UL << 1) << 1) << 1) << 1) << 1) << 1) << 1) << 1) << 1) << 1) << 1) << 1) << 1) << 1) << 1) << 1)) | (1UL << 1);
        -:17093:  }
        -:17094:  {
    #####:17095:  syntax = tmp;
    #####:17096:  preg->buffer = (unsigned char *)0;
    #####:17097:  preg->allocated = 0UL;
    #####:17098:  preg->used = 0UL;
    #####:17099:  tmp___0 = xmalloc((size_t )(1 << 8));
    #####:17100:  preg->fastmap = tmp___0;
        -:17101:  }
    #####:17102:  if (cflags & (1 << 1)) {
        -:17103:    {
    #####:17104:    tmp___1 = xmalloc(256UL * sizeof(*((char *)0)));
    #####:17105:    preg->translate = tmp___1;
        -:17106:    }
    #####:17107:    if ((unsigned long )preg->translate == (unsigned long )((void *)0)) {
    #####:17108:      return (12);
        -:17109:    }
    #####:17110:    i = 0U;
        -:17111:    {
    #####:17112:    while (1) {
        -:17113:      while_continue: /* CIL Label */ ;
    #####:17114:      if (! (i < 256U)) {
    #####:17115:        goto while_break;
        -:17116:      }
        -:17117:      {
    #####:17118:      tmp___4 = __ctype_b_loc();
        -:17119:      }
    #####:17120:      if ((int const   )*(*tmp___4 + (int )i) & 256) {
        -:17121:        {
    #####:17122:        tmp___3 = __ctype_tolower_loc();
    #####:17123:        *(preg->translate + i) = (char )((int )*(*tmp___3 + (int )i));
        -:17124:        }
    #####:17125:      } else {
    #####:17126:        *(preg->translate + i) = (char )i;
        -:17127:      }
    #####:17128:      i ++;
        -:17129:    }
        -:17130:    while_break: /* CIL Label */ ;
        -:17131:    }
    #####:17132:  } else {
    #####:17133:    preg->translate = (char *)((void *)0);
        -:17134:  }
    #####:17135:  if (cflags & ((1 << 1) << 1)) {
    #####:17136:    syntax &= ~ ((((((1UL << 1) << 1) << 1) << 1) << 1) << 1);
    #####:17137:    syntax |= (((((((1UL << 1) << 1) << 1) << 1) << 1) << 1) << 1) << 1;
    #####:17138:    preg->newline_anchor = 1U;
    #####:17139:  } else {
    #####:17140:    preg->newline_anchor = 0U;
        -:17141:  }
        -:17142:  {
    #####:17143:  preg->no_sub = (unsigned int )(! (! (cflags & (((1 << 1) << 1) << 1))));
    #####:17144:  tmp___5 = strlen(pattern);
    #####:17145:  ret = regex_compile(pattern, tmp___5, syntax, preg);
        -:17146:  }
    #####:17147:  if ((unsigned int )ret == 16U) {
    #####:17148:    ret = (reg_errcode_t )8;
    #####:17149:  }
    #####:17150:  if ((unsigned int )ret == 0U) {
    #####:17151:    if (preg->fastmap) {
        -:17152:      {
    #####:17153:      tmp___6 = re_compile_fastmap(preg);
        -:17154:      }
    #####:17155:      if (tmp___6 == -2) {
        -:17156:        {
    #####:17157:        free((void *)preg->fastmap);
    #####:17158:        preg->fastmap = (char *)((void *)0);
        -:17159:        }
    #####:17160:      }
    #####:17161:    }
    #####:17162:  }
    #####:17163:  return ((int )ret);
        -:17164:}
    #####:17165:}
    #####:17166:int regexec(regex_t const   *preg , char const   *string , size_t nmatch , regmatch_t *pmatch ,
        -:17167:            int eflags ) 
        -:17168:{ 
        -:17169:  int ret ;
        -:17170:  struct re_registers regs___0 ;
        -:17171:  regex_t private_preg ;
        -:17172:  int len ;
        -:17173:  size_t tmp ;
        -:17174:  boolean want_reg_info ;
        -:17175:  int tmp___0 ;
        -:17176:  char *tmp___1 ;
        -:17177:  struct re_registers *tmp___2 ;
        -:17178:  unsigned int r ;
        -:17179:  int tmp___3 ;
        -:17180:
        -:17181:  {
        -:17182:  {
    #####:17183:  tmp = strlen(string);
    #####:17184:  len = (int )tmp;
        -:17185:  }
    #####:17186:  if (! preg->no_sub) {
    #####:17187:    if (nmatch > 0UL) {
    #####:17188:      tmp___0 = 1;
    #####:17189:    } else {
    #####:17190:      tmp___0 = 0;
        -:17191:    }
    #####:17192:  } else {
    #####:17193:    tmp___0 = 0;
        -:17194:  }
    #####:17195:  want_reg_info = (boolean )tmp___0;
    #####:17196:  private_preg = (regex_t )*preg;
    #####:17197:  private_preg.not_bol = (unsigned int )(! (! (eflags & 1)));
    #####:17198:  private_preg.not_eol = (unsigned int )(! (! (eflags & (1 << 1))));
    #####:17199:  private_preg.regs_allocated = 2U;
    #####:17200:  if (want_reg_info) {
        -:17201:    {
    #####:17202:    regs___0.num_regs = (unsigned int )nmatch;
    #####:17203:    tmp___1 = xmalloc((nmatch * 2UL) * sizeof(regoff_t ));
    #####:17204:    regs___0.start = (regoff_t *)tmp___1;
        -:17205:    }
    #####:17206:    if ((unsigned long )regs___0.start == (unsigned long )((void *)0)) {
    #####:17207:      return (1);
        -:17208:    }
    #####:17209:    regs___0.end = regs___0.start + nmatch;
    #####:17210:  }
    #####:17211:  if (want_reg_info) {
    #####:17212:    tmp___2 = & regs___0;
    #####:17213:  } else {
    #####:17214:    tmp___2 = (struct re_registers *)0;
        -:17215:  }
        -:17216:  {
    #####:17217:  ret = re_search(& private_preg, string, len, 0, len, tmp___2);
        -:17218:  }
    #####:17219:  if (want_reg_info) {
    #####:17220:    if (ret >= 0) {
    #####:17221:      r = 0U;
        -:17222:      {
    #####:17223:      while (1) {
        -:17224:        while_continue: /* CIL Label */ ;
    #####:17225:        if (! ((size_t )r < nmatch)) {
    #####:17226:          goto while_break;
        -:17227:        }
    #####:17228:        (pmatch + r)->rm_so = *(regs___0.start + r);
    #####:17229:        (pmatch + r)->rm_eo = *(regs___0.end + r);
    #####:17230:        r ++;
        -:17231:      }
        -:17232:      while_break: /* CIL Label */ ;
        -:17233:      }
    #####:17234:    }
        -:17235:    {
    #####:17236:    free((void *)regs___0.start);
        -:17237:    }
    #####:17238:  }
    #####:17239:  if (ret >= 0) {
    #####:17240:    tmp___3 = 0;
    #####:17241:  } else {
    #####:17242:    tmp___3 = 1;
        -:17243:  }
    #####:17244:  return (tmp___3);
        -:17245:}
    #####:17246:}
    #####:17247:size_t regerror(int errcode , regex_t const   *preg , char *errbuf , size_t errbuf_size ) 
        -:17248:{ 
        -:17249:  char const   *msg ;
        -:17250:  size_t msg_size ;
        -:17251:  char *tmp ;
        -:17252:  size_t tmp___0 ;
        -:17253:
        -:17254:  {
    #####:17255:  if (errcode < 0) {
        -:17256:    {
    #####:17257:    abort();
        -:17258:    }
        -:17259:  } else { //Added block
    #####:17260:  if (errcode >= (int )(sizeof(re_error_msgid_idx) / sizeof(re_error_msgid_idx[0]))) {
        -:17261:    {
    #####:17262:    abort();
        -:17263:    }
        -:17264:  }
        -:17265:  }
        -:17266:  {
    #####:17267:  tmp = gettext(re_error_msgid + re_error_msgid_idx[errcode]);
    #####:17268:  msg = (char const   *)tmp;
    #####:17269:  tmp___0 = strlen(msg);
    #####:17270:  msg_size = tmp___0 + 1UL;
        -:17271:  }
    #####:17272:  if (errbuf_size != 0UL) {
    #####:17273:    if (msg_size > errbuf_size) {
        -:17274:      {
    #####:17275:      memcpy((void * __restrict  )errbuf, (void const   * __restrict  )msg, errbuf_size - 1UL);
    #####:17276:      *(errbuf + (errbuf_size - 1UL)) = (char)0;
        -:17277:      }
    #####:17278:    } else {
        -:17279:      {
    #####:17280:      memcpy((void * __restrict  )errbuf, (void const   * __restrict  )msg, msg_size);
        -:17281:      }
        -:17282:    }
    #####:17283:  }
    #####:17284:  return (msg_size);
        -:17285:}
        -:17286:}
    #####:17287:void regfree(regex_t *preg ) 
        -:17288:{ 
        -:17289:
        -:17290:
        -:17291:  {
    #####:17292:  if ((unsigned long )preg->buffer != (unsigned long )((void *)0)) {
        -:17293:    {
    #####:17294:    free((void *)preg->buffer);
        -:17295:    }
    #####:17296:  }
    #####:17297:  preg->buffer = (unsigned char *)((void *)0);
    #####:17298:  preg->allocated = 0UL;
    #####:17299:  preg->used = 0UL;
    #####:17300:  if ((unsigned long )preg->fastmap != (unsigned long )((void *)0)) {
        -:17301:    {
    #####:17302:    free((void *)preg->fastmap);
        -:17303:    }
    #####:17304:  }
    #####:17305:  preg->fastmap = (char *)((void *)0);
    #####:17306:  preg->fastmap_accurate = 0U;
    #####:17307:  if ((unsigned long )preg->translate != (unsigned long )((void *)0)) {
        -:17308:    {
    #####:17309:    free((void *)preg->translate);
        -:17310:    }
    #####:17311:  }
    #####:17312:  preg->translate = (char *)((void *)0);
    #####:17313:  return;
        -:17314:}
        -:17315:}
