        -:    0:Source:chisel_gzip-1.3_p0.2train.c
        -:    0:Graph:chisel_gzip-1.3_p0.2train.gcno
        -:    0:Data:chisel_gzip-1.3_p0.2train.gcda
        -:    0:Runs:1
        -:    0:Programs:1
        -:    1:/* Generated by CIL v. 1.7.3 */
        -:    2:/* print_CIL_Input is true */
        -:    3:
        -:    4:struct option {
        -:    5:   char const   *name ;
        -:    6:   int has_arg ;
        -:    7:   int *flag ;
        -:    8:   int val ;
        -:    9:};
        -:   10:typedef void *voidp;
        -:   11:typedef unsigned long size_t;
        -:   12:typedef unsigned long __dev_t;
        -:   13:typedef unsigned int __uid_t;
        -:   14:typedef unsigned int __gid_t;
        -:   15:typedef unsigned long __ino_t;
        -:   16:typedef unsigned int __mode_t;
        -:   17:typedef unsigned long __nlink_t;
        -:   18:typedef long __off_t;
        -:   19:typedef long __off64_t;
        -:   20:typedef long __time_t;
        -:   21:typedef long __blksize_t;
        -:   22:typedef long __blkcnt_t;
        -:   23:typedef long __ssize_t;
        -:   24:typedef long __syscall_slong_t;
        -:   25:struct _IO_FILE;
        -:   26:struct _IO_FILE;
        -:   27:typedef struct _IO_FILE FILE;
        -:   28:typedef void _IO_lock_t;
        -:   29:struct _IO_marker {
        -:   30:   struct _IO_marker *_next ;
        -:   31:   struct _IO_FILE *_sbuf ;
        -:   32:   int _pos ;
        -:   33:};
        -:   34:struct _IO_FILE {
        -:   35:   int _flags ;
        -:   36:   char *_IO_read_ptr ;
        -:   37:   char *_IO_read_end ;
        -:   38:   char *_IO_read_base ;
        -:   39:   char *_IO_write_base ;
        -:   40:   char *_IO_write_ptr ;
        -:   41:   char *_IO_write_end ;
        -:   42:   char *_IO_buf_base ;
        -:   43:   char *_IO_buf_end ;
        -:   44:   char *_IO_save_base ;
        -:   45:   char *_IO_backup_base ;
        -:   46:   char *_IO_save_end ;
        -:   47:   struct _IO_marker *_markers ;
        -:   48:   struct _IO_FILE *_chain ;
        -:   49:   int _fileno ;
        -:   50:   int _flags2 ;
        -:   51:   __off_t _old_offset ;
        -:   52:   unsigned short _cur_column ;
        -:   53:   signed char _vtable_offset ;
        -:   54:   char _shortbuf[1] ;
        -:   55:   _IO_lock_t *_lock ;
        -:   56:   __off64_t _offset ;
        -:   57:   void *__pad1 ;
        -:   58:   void *__pad2 ;
        -:   59:   void *__pad3 ;
        -:   60:   void *__pad4 ;
        -:   61:   size_t __pad5 ;
        -:   62:   int _mode ;
        -:   63:   char _unused2[(15UL * sizeof(int ) - 4UL * sizeof(void *)) - sizeof(size_t )] ;
        -:   64:};
        -:   65:typedef struct _IO_FILE _IO_FILE;
        -:   66:typedef __off_t off_t;
        -:   67:typedef __ssize_t ssize_t;
        -:   68:typedef __time_t time_t;
        -:   69:struct timespec {
        -:   70:   __time_t tv_sec ;
        -:   71:   __syscall_slong_t tv_nsec ;
        -:   72:};
        -:   73:typedef unsigned char uch;
        -:   74:typedef unsigned short ush;
        -:   75:typedef unsigned long ulg;
        -:   76:typedef int file_t;
        -:   77:struct stat {
        -:   78:   __dev_t st_dev ;
        -:   79:   __ino_t st_ino ;
        -:   80:   __nlink_t st_nlink ;
        -:   81:   __mode_t st_mode ;
        -:   82:   __uid_t st_uid ;
        -:   83:   __gid_t st_gid ;
        -:   84:   int __pad0 ;
        -:   85:   __dev_t st_rdev ;
        -:   86:   __off_t st_size ;
        -:   87:   __blksize_t st_blksize ;
        -:   88:   __blkcnt_t st_blocks ;
        -:   89:   struct timespec st_atim ;
        -:   90:   struct timespec st_mtim ;
        -:   91:   struct timespec st_ctim ;
        -:   92:   __syscall_slong_t __glibc_reserved[3] ;
        -:   93:};
        -:   94:typedef void (*__sighandler_t)(int  );
        -:   95:typedef ush Pos;
        -:   96:typedef unsigned int IPos;
        -:   97:struct config {
        -:   98:   ush good_length ;
        -:   99:   ush max_lazy ;
        -:  100:   ush nice_length ;
        -:  101:   ush max_chain ;
        -:  102:};
        -:  103:typedef struct config config;
        -:  104:struct huft;
        -:  105:union __anonunion_v_51 {
        -:  106:   ush n ;
        -:  107:   struct huft *t ;
        -:  108:};
        -:  109:struct huft {
        -:  110:   uch e ;
        -:  111:   uch b ;
        -:  112:   union __anonunion_v_51 v ;
        -:  113:};
        -:  114:union __anonunion_fc_52 {
        -:  115:   ush freq ;
        -:  116:   ush code ;
        -:  117:};
        -:  118:union __anonunion_dl_53 {
        -:  119:   ush dad ;
        -:  120:   ush len ;
        -:  121:};
        -:  122:struct ct_data {
        -:  123:   union __anonunion_fc_52 fc ;
        -:  124:   union __anonunion_dl_53 dl ;
        -:  125:};
        -:  126:typedef struct ct_data ct_data;
        -:  127:struct tree_desc {
        -:  128:   ct_data *dyn_tree ;
        -:  129:   ct_data *static_tree ;
        -:  130:   int *extra_bits ;
        -:  131:   int extra_base ;
        -:  132:   int elems ;
        -:  133:   int max_length ;
        -:  134:   int max_code ;
        -:  135:};
        -:  136:typedef struct tree_desc tree_desc;
        -:  137:typedef unsigned char char_type;
        -:  138:typedef long code_int;
        -:  139:typedef unsigned long cmp_code_int;
        -:  140:struct dirent {
        -:  141:   __ino_t d_ino ;
        -:  142:   __off_t d_off ;
        -:  143:   unsigned short d_reclen ;
        -:  144:   unsigned char d_type ;
        -:  145:   char d_name[256] ;
        -:  146:};
        -:  147:struct __dirstream;
        -:  148:struct __dirstream;
        -:  149:typedef struct __dirstream DIR;
        -:  150:struct utimbuf {
        -:  151:   __time_t actime ;
        -:  152:   __time_t modtime ;
        -:  153:};
        -:  154:#pragma merger("0","/tmp/cil-ZS5KSGrl.i","")
        -:  155:extern char *optarg ;
        -:  156:extern int optind ;
        -:  157:extern int getopt_long(int __argc , char * const  *__argv , char const   *__shortopts ,
        -:  158:                       struct option  const  *__longopts , int *__longind ) ;
        -:  159:extern int _IO_putc(int __c , _IO_FILE *__fp ) ;
        -:  160:extern struct _IO_FILE *stdin ;
        -:  161:extern struct _IO_FILE *stdout ;
        -:  162:extern struct _IO_FILE *stderr ;
        -:  163:extern int fflush(FILE *__stream ) ;
        -:  164:extern int fprintf(FILE * __restrict  __stream , char const   * __restrict  __format 
        -:  165:                   , ...) ;
        -:  166:extern int printf(char const   * __restrict  __format  , ...) ;
        -:  167:extern char *fgets(char * __restrict  __s , int __n , FILE * __restrict  __stream ) ;
        -:  168:extern void perror(char const   *__s ) ;
        -:  169:extern  __attribute__((__nothrow__)) int ( __attribute__((__leaf__)) fileno)(FILE *__stream ) ;
        -:  170:extern  __attribute__((__nothrow__)) void *( __attribute__((__nonnull__(1,2), __leaf__)) memcpy)(void * __restrict  __dest ,
        -:  171:                                                                                                 void const   * __restrict  __src ,
        -:  172:                                                                                                 size_t __n ) ;
        -:  173:extern  __attribute__((__nothrow__)) void *( __attribute__((__nonnull__(1), __leaf__)) memset)(void *__s ,
        -:  174:                                                                                               int __c ,
        -:  175:                                                                                               size_t __n ) ;
        -:  176:extern  __attribute__((__nothrow__)) int ( __attribute__((__nonnull__(1,2), __leaf__)) memcmp)(void const   *__s1 ,
        -:  177:                                                                                               void const   *__s2 ,
        -:  178:                                                                                               size_t __n )  __attribute__((__pure__)) ;
        -:  179:extern  __attribute__((__nothrow__)) char *( __attribute__((__nonnull__(1,2), __leaf__)) strcpy)(char * __restrict  __dest ,
        -:  180:                                                                                                 char const   * __restrict  __src ) ;
        -:  181:extern  __attribute__((__nothrow__)) char *( __attribute__((__nonnull__(1,2), __leaf__)) strcat)(char * __restrict  __dest ,
        -:  182:                                                                                                 char const   * __restrict  __src ) ;
        -:  183:extern  __attribute__((__nothrow__)) int ( __attribute__((__nonnull__(1,2), __leaf__)) strcmp)(char const   *__s1 ,
        -:  184:                                                                                               char const   *__s2 )  __attribute__((__pure__)) ;
        -:  185:extern  __attribute__((__nothrow__)) int ( __attribute__((__nonnull__(1,2), __leaf__)) strncmp)(char const   *__s1 ,
        -:  186:                                                                                                char const   *__s2 ,
        -:  187:                                                                                                size_t __n )  __attribute__((__pure__)) ;
        -:  188:extern  __attribute__((__nothrow__)) char *( __attribute__((__nonnull__(1), __leaf__)) strrchr)(char const   *__s ,
        -:  189:                                                                                                int __c )  __attribute__((__pure__)) ;
        -:  190:extern  __attribute__((__nothrow__)) size_t ( __attribute__((__nonnull__(1,2), __leaf__)) strcspn)(char const   *__s ,
        -:  191:                                                                                                   char const   *__reject )  __attribute__((__pure__)) ;
        -:  192:extern  __attribute__((__nothrow__)) size_t ( __attribute__((__nonnull__(1,2), __leaf__)) strspn)(char const   *__s ,
        -:  193:                                                                                                  char const   *__accept )  __attribute__((__pure__)) ;
        -:  194:extern  __attribute__((__nothrow__)) size_t ( __attribute__((__nonnull__(1), __leaf__)) strlen)(char const   *__s )  __attribute__((__pure__)) ;
        -:  195:int method ;
        -:  196:uch inbuf[32832]  ;
        -:  197:uch outbuf[18432]  ;
        -:  198:ush d_buf[32768]  ;
        -:  199:uch window[65536L]  ;
        -:  200:ush prev[1L << 16]  ;
        -:  201:unsigned int insize  ;
        -:  202:unsigned int inptr  ;
        -:  203:unsigned int outcnt  ;
        -:  204:off_t bytes_in  ;
        -:  205:off_t bytes_out  ;
        -:  206:off_t header_bytes  ;
        -:  207:int ifd  ;
        -:  208:int ofd  ;
        -:  209:char ifname[1024]  ;
        -:  210:char ofname[1024]  ;
        -:  211:char *progname  ;
        -:  212:time_t time_stamp  ;
        -:  213:off_t ifile_size  ;
        -:  214:int decrypt  ;
        -:  215:int exit_code ;
        -:  216:             
        -:  217:int quiet ;
        -:  218:int level ;
        -:  219:int test ;
        -:  220:int to_stdout ;
        -:  221:int save_orig_name  ;
        -:  222:int zip(int in , int out ) ;
        -:  223:int file_read(char *buf , unsigned int size ) ;
        -:  224:int unzip(int in , int out ) ;
        -:  225:int check_zipfile(int in ) ;
        -:  226:int unpack(int in , int out ) ;
        -:  227:int unlzh(int in , int out ) ;
        -:  228:void abort_gzip(void) ;
        -:  229:void lm_init(int pack_level , ush *flags___0 ) ;
        -:  230:off_t deflate(void) ;
        -:  231:void ct_init(ush *attr , int *methodp ) ;
        -:  232:int ct_tally(int dist , int lc ) ;
        -:  233:off_t flush_block(char *buf , ulg stored_len , int eof ) ;
        -:  234:void bi_init(file_t zipfile ) ;
        -:  235:void send_bits(int value , int length ) ;
        -:  236:unsigned int bi_reverse(unsigned int code , int len ) ;
        -:  237:void bi_windup(void) ;
        -:  238:void copy_block(char *buf , unsigned int len , int header ) ;
        -:  239:int (*read_buf)(char *buf , unsigned int size )  ;
        -:  240:int copy(int in , int out ) ;
        -:  241:ulg updcrc(uch *s , unsigned int n ) ;
        -:  242:void clear_bufs(void) ;
        -:  243:int fill_inbuf(int eof_ok ) ;
        -:  244:void flush_outbuf(void) ;
        -:  245:void flush_window(void) ;
        -:  246:void write_buf(int fd , voidp buf , unsigned int cnt ) ;
        -:  247:char *strlwr(char *s ) ;
        -:  248:char *base_name(char *fname ) ;
        -:  249:int xunlink(char *filename ) ;
        -:  250:void make_simple_name(char *name ) ;
        -:  251:char *add_envopt(int *argcp , char ***argvp , char *env___0 ) ;
        -:  252:void error(char *m ) ;
        -:  253:void warning(char *m ) ;
        -:  254:void read_error(void) ;
        -:  255:void write_error(void) ;
        -:  256:void display_ratio(off_t num , off_t den , FILE *file ) ;
        -:  257:void fprint_off(FILE *file , off_t offset , int width ) ;
        -:  258:voidp xmalloc(unsigned int size ) ;
        -:  259:int inflate(void) ;
        -:  260:int maxbits ;
        -:  261:                
        -:  262:int lzw(int in , int out ) ;
        -:  263:int unlzw(int in , int out ) ;
        -:  264:extern  __attribute__((__nothrow__)) unsigned short const   **( __attribute__((__leaf__)) __ctype_b_loc)(void)  __attribute__((__const__)) ;
        -:  265:extern  __attribute__((__nothrow__)) int ( __attribute__((__leaf__)) tolower)(int __c ) ;
        -:  266:extern  __attribute__((__nothrow__)) int ( __attribute__((__nonnull__(1,2), __leaf__)) stat)(char const   * __restrict  __file ,
        -:  267:                                                                                             struct stat * __restrict  __buf ) ;
        -:  268:extern  __attribute__((__nothrow__)) int ( __attribute__((__nonnull__(2), __leaf__)) fstat)(int __fd ,
        -:  269:                                                                                            struct stat *__buf ) ;
        -:  270:extern  __attribute__((__nothrow__)) int ( __attribute__((__nonnull__(1), __leaf__)) chmod)(char const   *__file ,
        -:  271:                                                                                            __mode_t __mode ) ;
        -:  272:extern  __attribute__((__nothrow__)) int *( __attribute__((__leaf__)) __errno_location)(void)  __attribute__((__const__)) ;
        -:  273:extern  __attribute__((__nothrow__)) __sighandler_t ( __attribute__((__leaf__)) signal)(int __sig ,
        -:  274:                                                                                        void (*__handler)(int  ) ) ;
        -:  275:static file_t zfile  ;
        -:  276:static unsigned short bi_buf  ;
        -:  277:static int bi_valid  ;
        1:  278:void bi_init(file_t zipfile ) 
        -:  279:{ 
        -:  280:
        -:  281:
        -:  282:   
        -:  283:
        -:  284:                  
        -:  285:                             
        -:  286:               
        -:  287:                   {
        1:  288:    read_buf = & file_read;
        -:  289:  }
        -:  290:         
        -:  291: 
        -:  292:
        1:  293:}
    16572:  294:void send_bits(int value , int length ) 
        -:  295:{ 
        -:  296:  unsigned int tmp ;
        -:  297:  unsigned int tmp___0 ;
        -:  298:  unsigned int tmp___1 ;
        -:  299:  unsigned int tmp___2 ;
        -:  300:
        -:  301:  {
    16572:  302:  if (bi_valid > (int )(16UL * sizeof(char )) - length) {
     6013:  303:    bi_buf = (unsigned short )((int )bi_buf | (value << bi_valid));
        -:  304:                         {
     6013:  305:      tmp = outcnt;
     6013:  306:      outcnt ++;
     6013:  307:      outbuf[tmp] = (uch )((int )bi_buf & 255);
     6013:  308:      tmp___0 = outcnt;
     6013:  309:      outcnt ++;
     6013:  310:      outbuf[tmp___0] = (uch )((int )bi_buf >> 8);
        -:  311:    }       
        -:  312:                       
        -:  313:                
        -:  314:                                                   
        -:  315:                             
        -:  316:         
        -:  317:
        -:  318:                       
        -:  319:         
        -:  320:
        -:  321:       
        -:  322:                       
        -:  323:                
        -:  324:                                                  
        -:  325:                             
        -:  326:         
        -:  327:
        -:  328:                       
        -:  329:         
        -:  330:
        -:  331:       
        -:  332:     
     6013:  333:    bi_buf = (unsigned short )((int )((ush )value) >> (16UL * sizeof(char ) - (unsigned long )bi_valid));
     6013:  334:    bi_valid = (int )((unsigned long )bi_valid + ((unsigned long )length - 16UL * sizeof(char )));
     6013:  335:  } else {
    10559:  336:    bi_buf = (unsigned short )((int )bi_buf | (value << bi_valid));
    10559:  337:    bi_valid += length;
        -:  338:  }
        -:  339:         
        -:  340:}
    16572:  341:}
      623:  342:unsigned int bi_reverse(unsigned int code , int len ) 
        -:  343:{ 
        -:  344:  register unsigned int res ;
        -:  345:
        -:  346:  {
      623:  347:  res = 0U;
        -:  348:  {
     3231:  349:  while (1) {
        -:  350:                                     ;
     3231:  351:    res |= code & 1U;
     3231:  352:    code >>= 1;
     3231:  353:    res <<= 1;
     3231:  354:    len --;
     3231:  355:    if (! (len > 0)) {
      623:  356:      goto while_break;
        -:  357:    }
        -:  358:  }
        -:  359:  while_break: /* CIL Label */ ;
        -:  360:  }
      623:  361:  return (res >> 1);
        -:  362:}
        -:  363:}
        1:  364:void bi_windup(void) 
        -:  365:{ 
        -:  366:  unsigned int tmp ;
        -:  367:  unsigned int tmp___0 ;
        -:  368:  unsigned int tmp___1 ;
        -:  369:  unsigned int tmp___2 ;
        -:  370:  unsigned int tmp___3 ;
        -:  371:
        -:  372:  {
        1:  373:  if (bi_valid > 8) {
        -:  374:                         {
        1:  375:      tmp = outcnt;
        1:  376:      outcnt ++;
        1:  377:      outbuf[tmp] = (uch )((int )bi_buf & 255);
        1:  378:      tmp___0 = outcnt;
        1:  379:      outcnt ++;
        1:  380:      outbuf[tmp___0] = (uch )((int )bi_buf >> 8);
        -:  381:    }       
        -:  382:                       
        -:  383:                
        -:  384:                                                   
        -:  385:                             
        -:  386:         
        -:  387:
        -:  388:                       
        -:  389:         
        -:  390:
        -:  391:       
        -:  392:                       
        -:  393:                
        -:  394:                                                  
        -:  395:                             
        -:  396:         
        -:  397:
        -:  398:                       
        -:  399:         
        -:  400:
        -:  401:       
        -:  402:     
        1:  403:  } else { //Added block
        -:  404:                    {
    #####:  405:    tmp___3 = outcnt;
    #####:  406:    outcnt ++;
    #####:  407:    outbuf[tmp___3] = (uch )bi_buf;
        -:  408:                           
        -:  409:       
        -:  410:
        -:  411:                     
        -:  412:       
        -:  413:
        -:  414:     
        -:  415:  }
        -:  416:  }
        -:  417:                             
        -:  418:               
        -:  419:         
        -:  420:}
        1:  421:}
    #####:  422:void copy_block(char *buf , unsigned int len , int header ) 
        -:  423:{ 
        -:  424:  unsigned int tmp ;
        -:  425:  unsigned int tmp___0 ;
        -:  426:  unsigned int tmp___1 ;
        -:  427:  unsigned int tmp___2 ;
        -:  428:  unsigned int tmp___3 ;
        -:  429:  unsigned int tmp___4 ;
        -:  430:  unsigned int tmp___5 ;
        -:  431:  unsigned int tmp___6 ;
        -:  432:  unsigned int tmp___7 ;
        -:  433:  char *tmp___8 ;
        -:  434:  unsigned int tmp___9 ;
        -:  435:
        -:  436:   
        -:  437:   
        -:  438:              
        -:  439:   
        -:  440:               
        -:  441:                          
        -:  442:                   
        -:  443:                
        -:  444:                                                    
        -:  445:                       
        -:  446:                
        -:  447:                                                       
        -:  448:            
        -:  449:                       
        -:  450:                
        -:  451:                                                        
        -:  452:                             
        -:  453:         
        -:  454:
        -:  455:                       
        -:  456:         
        -:  457:
        -:  458:       
        -:  459:                       
        -:  460:                
        -:  461:                                                       
        -:  462:                             
        -:  463:         
        -:  464:
        -:  465:                       
        -:  466:         
        -:  467:
        -:  468:       
        -:  469:     
        -:  470:                          
        -:  471:                       
        -:  472:                
        -:  473:                                                            
        -:  474:                       
        -:  475:                
        -:  476:                                                           
        -:  477:            
        -:  478:                       
        -:  479:                
        -:  480:                                                            
        -:  481:                             
        -:  482:         
        -:  483:
        -:  484:                       
        -:  485:         
        -:  486:
        -:  487:       
        -:  488:                       
        -:  489:                
        -:  490:                                                           
        -:  491:                             
        -:  492:         
        -:  493:
        -:  494:                       
        -:  495:         
        -:  496:
        -:  497:       
        -:  498:     
        -:  499:   
        -:  500:   
        -:  501:             
        -:  502:                                      
        -:  503:                  
        -:  504:           
        -:  505:                    
        -:  506:                       
        -:  507:     
        -:  508:                     
        -:  509:              
        -:  510:                  
        -:  511:           
        -:  512:                                     
        -:  513:                           
        -:  514:       
        -:  515:
        -:  516:                     
        -:  517:       
        -:  518:
        -:  519:     
        -:  520:   
        -:  521:                                
        -:  522:   
        -:  523:         
        -:  524: 
    #####:  525:}
        -:  526:ulg window_size  =    65536UL;
        -:  527:long block_start  ;
        -:  528:static unsigned int ins_h  ;
        -:  529:unsigned int prev_length  ;
        -:  530:unsigned int strstart  ;
        -:  531:unsigned int match_start  ;
        -:  532:static int eofile  ;
        -:  533:static unsigned int lookahead  ;
        -:  534:unsigned int max_chain_length  ;
        -:  535:static unsigned int max_lazy_match  ;
        -:  536:static int compr_level  ;
        -:  537:unsigned int good_match  ;
        -:  538:int nice_match  ;
        -:  539:static config configuration_table[10]  = 
        -:  540:  {      {(ush )0, (ush )0, (ush )0, (ush )0}, 
        -:  541:        {(ush )4, (ush )4, (ush )8, (ush )4}, 
        -:  542:        {(ush )4, (ush )5, (ush )16, (ush )8}, 
        -:  543:        {(ush )4, (ush )6, (ush )32, (ush )32}, 
        -:  544:        {(ush )4, (ush )4, (ush )16, (ush )16}, 
        -:  545:        {(ush )8, (ush )16, (ush )32, (ush )32}, 
        -:  546:        {(ush )8, (ush )16, (ush )128, (ush )128}, 
        -:  547:        {(ush )8, (ush )32, (ush )128, (ush )256}, 
        -:  548:        {(ush )32, (ush )128, (ush )258, (ush )1024}, 
        -:  549:        {(ush )32, (ush )258, (ush )258, (ush )4096}};
        -:  550:static void fill_window(void) ;
        -:  551:static off_t deflate_fast(void) ;
        -:  552:int longest_match(IPos cur_match ) ;
        1:  553:void lm_init(int pack_level , ush *flags___0 ) 
        -:  554:{ 
        -:  555:  register unsigned int j___0 ;
        -:  556:  unsigned int tmp ;
        -:  557:  int tmp___0 ;
        -:  558:
        -:  559:  {
        -:  560:                       
        -:  561:     
        -:  562:
        -:  563:                                    
        -:  564:     
        -:  565:
        -:  566:                        
        -:  567:                       
        -:  568:     
        -:  569:
        -:  570:                                    
        -:  571:     
        -:  572:
        -:  573:   
        -:  574:   
        -:  575:  {
        1:  576:  compr_level = pack_level;
        -:  577:                                                                                                                    
        1:  578:  max_lazy_match = (unsigned int )configuration_table[pack_level].max_lazy;
        1:  579:  good_match = (unsigned int )configuration_table[pack_level].good_length;
        1:  580:  nice_match = (int )configuration_table[pack_level].nice_length;
        1:  581:  max_chain_length = (unsigned int )configuration_table[pack_level].max_chain;
        -:  582:  }
        1:  583:  if (pack_level == 1) {
    #####:  584:    *flags___0 = (ush )((int )*flags___0 | 4);
    #####:  585:  } else { //Added block
        1:  586:  if (pack_level == 9) {
    #####:  587:    *flags___0 = (ush )((int )*flags___0 | 2);
    #####:  588:  }
        -:  589:  }
        -:  590:                
        -:  591:                   
        -:  592:                           {
        1:  593:    tmp = 32768U;
        -:  594:  }       
        -:  595:                 
        -:  596:   
        -:  597:  {
        1:  598:  tmp___0 = (*read_buf)((char *)(window), tmp);
        1:  599:  lookahead = (unsigned int )tmp___0;
        -:  600:  }
        -:  601:                        
        -:  602:               
        -:  603:                   
        -:  604:           
        -:  605:                        
        -:  606:                                 
        -:  607:               
        -:  608:                   
        -:  609:           
        -:  610:   
        -:  611:   
        -:  612:             
        -:  613:   
        -:  614:             
        -:  615:                                      
        -:  616:                           
        -:  617:                         
        -:  618:                         
        -:  619:       
        -:  620:            
        -:  621:                       
        -:  622:     
        -:  623:     
        -:  624:                  
        -:  625:     
        -:  626:   
        -:  627:                                
        -:  628:   
        -:  629:             
        -:  630:             
        -:  631:   
        -:  632:             
        -:  633:                                          
        -:  634:                         
        -:  635:                           
        -:  636:     
        -:  637:                                                                                            
        -:  638:             
        -:  639:   
        -:  640:                                    
        -:  641:   
        -:  642:         
        -:  643:}
        1:  644:}
     9037:  645:int longest_match(IPos cur_match ) 
        -:  646:{ 
        -:  647:  unsigned int chain_length ;
        -:  648:  register uch *scan ;
        -:  649:  register uch *match ;
        -:  650:  register int len ;
        -:  651:  int best_len ;
        -:  652:  IPos limit ;
        -:  653:  unsigned int tmp ;
        -:  654:  register uch *strend ;
        -:  655:  register uch scan_end1 ;
        -:  656:  register uch scan_end ;
        -:  657:
        -:  658:  {
     9037:  659:  chain_length = max_chain_length;
     9037:  660:  scan = window + strstart;
     9037:  661:  best_len = (int )prev_length;
     9037:  662:  if (strstart > 32506U) {
      391:  663:    tmp = strstart - 32506U;
      391:  664:  } else {
     8646:  665:    tmp = 0U;
        -:  666:  }
     9037:  667:  limit = tmp;
     9037:  668:  strend = (window + strstart) + 258;
     9037:  669:  scan_end1 = *(scan + (best_len - 1));
     9037:  670:  scan_end = *(scan + best_len);
     9037:  671:  if (prev_length >= good_match) {
     1279:  672:    chain_length >>= 2;
     1279:  673:  }
        -:  674:  {
   211931:  675:  while (1) {
        -:  676:                                     ;
   211931:  677:    match = window + cur_match;
        -:  678:                                                      
        -:  679:                  
        -:  680:           { //Added block
        -:  681:                                                             
        -:  682:                  
        -:  683:           { //Added block
   211931:  684:    if ((int )*match != (int )*scan) {
    15367:  685:      goto __Cont;
        -:  686:    } else {
   196564:  687:      match ++;
   196564:  688:      if ((int )*match != (int )*(scan + 1)) {
      163:  689:        goto __Cont;
        -:  690:      }
        -:  691:    }
        -:  692:    }
        -:  693:    }
   196401:  694:    scan += 2;
   196401:  695:    match ++;
        -:  696:    {
   199680:  697:    while (1) {
        -:  698:                                           ;
   199680:  699:      scan ++;
   199680:  700:      match ++;
   199680:  701:      if ((int )*scan == (int )*match) {
   102369:  702:        scan ++;
   102369:  703:        match ++;
   102369:  704:        if ((int )*scan == (int )*match) {
    59425:  705:          scan ++;
    59425:  706:          match ++;
    59425:  707:          if ((int )*scan == (int )*match) {
    37666:  708:            scan ++;
    37666:  709:            match ++;
    37666:  710:            if ((int )*scan == (int )*match) {
    15398:  711:              scan ++;
    15398:  712:              match ++;
    15398:  713:              if ((int )*scan == (int )*match) {
    10446:  714:                scan ++;
    10446:  715:                match ++;
    10446:  716:                if ((int )*scan == (int )*match) {
     6846:  717:                  scan ++;
     6846:  718:                  match ++;
     6846:  719:                  if ((int )*scan == (int )*match) {
     4603:  720:                    scan ++;
     4603:  721:                    match ++;
     4603:  722:                    if ((int )*scan == (int )*match) {
     3280:  723:                      if (! ((unsigned long )scan < (unsigned long )strend)) {
        1:  724:                        goto while_break___0;
        -:  725:                      }
     3279:  726:                    } else {
     1323:  727:                      goto while_break___0;
        -:  728:                    }
     3279:  729:                  } else {
     2243:  730:                    goto while_break___0;
        -:  731:                  }
     3279:  732:                } else {
     3600:  733:                  goto while_break___0;
        -:  734:                }
     3279:  735:              } else {
     4952:  736:                goto while_break___0;
        -:  737:              }
     3279:  738:            } else {
    22268:  739:              goto while_break___0;
        -:  740:            }
     3279:  741:          } else {
    21759:  742:            goto while_break___0;
        -:  743:          }
     3279:  744:        } else {
    42944:  745:          goto while_break___0;
        -:  746:        }
     3279:  747:      } else {
    97311:  748:        goto while_break___0;
        -:  749:      }
        -:  750:    }
        -:  751:    while_break___0: /* CIL Label */ ;
        -:  752:    }
   196401:  753:    len = 258 - (int )(strend - scan);
   196401:  754:    scan = strend - 258;
   204089:  755:    if (len > best_len) {
     7690:  756:      match_start = cur_match;
     7690:  757:      best_len = len;
     7690:  758:      if (len >= nice_match) {
        2:  759:        goto while_break;
        -:  760:      }
     7688:  761:      scan_end1 = *(scan + (best_len - 1));
        -:  762:                                    
     7688:  763:    }
        -:  764:    __Cont: 
   211929:  765:    cur_match = (IPos )prev[cur_match & 32767U];
   211929:  766:    if (cur_match > limit) {
   203777:  767:      chain_length --;
   203777:  768:      if (! (chain_length != 0U)) {
      883:  769:        goto while_break;
        -:  770:      }
   202894:  771:    } else {
     8152:  772:      goto while_break;
        -:  773:    }
        -:  774:  }
        -:  775:  while_break: /* CIL Label */ ;
        -:  776:  }
     9037:  777:  return (best_len);
        -:  778:}
        -:  779:}
    11567:  780:static void fill_window(void) 
        -:  781:{ 
        -:  782:  register unsigned int n ;
        -:  783:  register unsigned int m ;
        -:  784:  unsigned int more ;
        -:  785:  unsigned int tmp ;
        -:  786:  unsigned int tmp___0 ;
        -:  787:  int tmp___1 ;
        -:  788:
        -:  789:  {
    11567:  790:  more = (unsigned int )((window_size - (ulg )lookahead) - (ulg )strstart);
        -:  791:                            
        -:  792:            
        -:  793:                        
        -:  794:                           
        -:  795:     
        -:  796:                                                                                                            
        -:  797:                            
        -:  798:                          
        -:  799:                       
        -:  800:                          
        -:  801:           
        -:  802:     
        -:  803:     
        -:  804:               
        -:  805:                                        
        -:  806:                                             
        -:  807:                         
        -:  808:       
        -:  809:                                               
        -:  810:                        
        -:  811:                         
        -:  812:              
        -:  813:                 
        -:  814:       
        -:  815:                                        
        -:  816:           
        -:  817:     
        -:  818:                                  
        -:  819:     
        -:  820:           
        -:  821:     
        -:  822:               
        -:  823:                                            
        -:  824:                           
        -:  825:                             
        -:  826:       
        -:  827:                                 
        -:  828:                        
        -:  829:                             
        -:  830:              
        -:  831:                     
        -:  832:       
        -:  833:                              
        -:  834:           
        -:  835:     
        -:  836:                                      
        -:  837:     
        -:  838:                   
        -:  839:   
        -:  840:   
        -:  841:                {
        -:  842:    {
    11567:  843:    tmp___1 = (*read_buf)(((char *)(window) + strstart) + lookahead, more);
    11567:  844:    n = (unsigned int )tmp___1;
        -:  845:    }
    11567:  846:    if (n == 0U) {
    11566:  847:      eofile = 1;
    11566:  848:    } else { //Added block
        -:  849:                           
        -:  850:                 
        -:  851:           {
        1:  852:      lookahead += n;
        -:  853:    }
        -:  854:    }
        -:  855:  }
        -:  856:         
        -:  857:}
    11567:  858:}
    #####:  859:static off_t deflate_fast(void) 
        -:  860:{ 
        -:  861:  IPos hash_head ;
        -:  862:  int flush ;
        -:  863:  unsigned int match_length ;
        -:  864:  int tmp ;
        -:  865:  char *tmp___0 ;
        -:  866:  char *tmp___1 ;
        -:  867:  off_t tmp___2 ;
        -:  868:
        -:  869:  {
        -:  870:                    
        -:  871:                   
        -:  872:  {
    #####:  873:  while (1) {
        -:  874:                                     ;
    #####:  875:    if (! (lookahead != 0U)) {
    #####:  876:      goto while_break;
        -:  877:    }
    #####:  878:    ins_h = ((ins_h << 5) ^ (unsigned int )window[(strstart + 3U) - 1U]) & ((unsigned int )(1 << 15) - 1U);
    #####:  879:    hash_head = (IPos )*((prev + 32768) + ins_h);
    #####:  880:    prev[strstart & 32767U] = (ush )hash_head;
    #####:  881:    *((prev + 32768) + ins_h) = (ush )strstart;
    #####:  882:    if (hash_head != 0U) {
    #####:  883:      if (strstart - hash_head <= 32506U) {
        -:  884:        {
    #####:  885:        tmp = longest_match(hash_head);
    #####:  886:        match_length = (unsigned int )tmp;
        -:  887:        }
        -:  888:                                       
        -:  889:                                   
        -:  890:         
    #####:  891:      }
    #####:  892:    }
    #####:  893:    if (match_length >= 3U) {
        -:  894:      {
    #####:  895:      flush = ct_tally((int )(strstart - match_start), (int )(match_length - 3U));
    #####:  896:      lookahead -= match_length;
        -:  897:      }
    #####:  898:      if (match_length <= max_lazy_match) {
    #####:  899:        match_length --;
        -:  900:        {
    #####:  901:        while (1) {
        -:  902:                                               ;
    #####:  903:          strstart ++;
    #####:  904:          ins_h = ((ins_h << 5) ^ (unsigned int )window[(strstart + 3U) - 1U]) & ((unsigned int )(1 << 15) - 1U);
    #####:  905:          hash_head = (IPos )*((prev + 32768) + ins_h);
    #####:  906:          prev[strstart & 32767U] = (ush )hash_head;
    #####:  907:          *((prev + 32768) + ins_h) = (ush )strstart;
    #####:  908:          match_length --;
    #####:  909:          if (! (match_length != 0U)) {
    #####:  910:            goto while_break___0;
        -:  911:          }
        -:  912:        }
        -:  913:        while_break___0: /* CIL Label */ ;
        -:  914:        }
    #####:  915:        strstart ++;
    #####:  916:      } else {
    #####:  917:        strstart += match_length;
    #####:  918:        match_length = 0U;
    #####:  919:        ins_h = (unsigned int )window[strstart];
    #####:  920:        ins_h = ((ins_h << 5) ^ (unsigned int )window[strstart + 1U]) & ((unsigned int )(1 << 15) - 1U);
        -:  921:      }
    #####:  922:    } else {
        -:  923:       
        -:  924:
    #####:  925:      flush = ct_tally(0, (int )window[strstart]);
    #####:  926:      lookahead --;
    #####:  927:      strstart ++;
        -:  928:       
        -:  929:
        -:  930:    }
        -:  931:                
        -:  932:                              
        -:  933:                                                                 
        -:  934:              
        -:  935:                                      
        -:  936:       
        -:  937:       
        -:  938:                                                                     
        -:  939:                                    
        -:  940:       
        -:  941:     
        -:  942:    {
        -:  943:              {
        -:  944:                                           ;
        -:  945:                             
        -:  946:                           
        -:  947:                               
        -:  948:         
        -:  949:              
        -:  950:                             
        -:  951:       
        -:  952:      {
    #####:  953:      fill_window();
        -:  954:      }
    #####:  955:    }
        -:  956:    while_break___1: /* CIL Label */ ;
        -:  957:    }
        -:  958:  }
        -:  959:  while_break: /* CIL Label */ ;
        -:  960:  }
        -:  961:                         {
    #####:  962:    tmp___1 = (char *)(& window[(unsigned int )block_start]);
        -:  963:  }       
        -:  964:                                  
        -:  965:   
        -:  966:  {
    #####:  967:  tmp___2 = flush_block(tmp___1, (ulg )((long )strstart - block_start), 1);
        -:  968:  }
    #####:  969:  return (tmp___2);
        -:  970:}
        -:  971:}
        1:  972:off_t deflate(void) 
        -:  973:{ 
        -:  974:  IPos hash_head ;
        -:  975:  IPos prev_match ;
        -:  976:  int flush ;
        -:  977:  int match_available ;
        -:  978:  register unsigned int match_length ;
        -:  979:  off_t tmp ;
        -:  980:  int tmp___0 ;
        -:  981:  char *tmp___1 ;
        -:  982:  char *tmp___2 ;
        -:  983:  int tmp___3 ;
        -:  984:  char *tmp___4 ;
        -:  985:  off_t tmp___5 ;
        -:  986:
        -:  987:  {
        1:  988:  match_available = 0;
        1:  989:  match_length = 2U;
        1:  990:  if (compr_level <= 3) {
        -:  991:    {
    #####:  992:    tmp = deflate_fast();
        -:  993:    }
    #####:  994:    return (tmp);
        -:  995:  }
        -:  996:  {
    11568:  997:  while (1) {
        -:  998:                                     ;
    11568:  999:    if (! (lookahead != 0U)) {
        1: 1000:      goto while_break;
        -: 1001:    }
    11567: 1002:    ins_h = ((ins_h << 5) ^ (unsigned int )window[(strstart + 3U) - 1U]) & ((unsigned int )(1 << 15) - 1U);
    11567: 1003:    hash_head = (IPos )*((prev + 32768) + ins_h);
    11567: 1004:    prev[strstart & 32767U] = (ush )hash_head;
    11567: 1005:    *((prev + 32768) + ins_h) = (ush )strstart;
    11567: 1006:    prev_length = match_length;
    11567: 1007:    prev_match = match_start;
        -: 1008:                      
    11567: 1009:    if (hash_head != 0U) {
     9271: 1010:      if (prev_length < max_lazy_match) {
        -: 1011:                                            {
        -: 1012:          {
     9037: 1013:          tmp___0 = longest_match(hash_head);
     9037: 1014:          match_length = (unsigned int )tmp___0;
        -: 1015:          }
        -: 1016:                                         
        -: 1017:                                     
        -: 1018:           
     9037: 1019:          if (match_length == 3U) {
     1232: 1020:            if (strstart - match_start > 4096U) {
      265: 1021:              match_length --;
      265: 1022:            }
     1232: 1023:          }
        -: 1024:        }
     9037: 1025:      }
     9271: 1026:    }
    11567: 1027:    if (prev_length >= 3U) {
     4784: 1028:      if (match_length <= prev_length) {
        -: 1029:        {
     4166: 1030:        flush = ct_tally((int )((strstart - 1U) - prev_match), (int )(prev_length - 3U));
     4166: 1031:        lookahead -= prev_length - 1U;
     4166: 1032:        prev_length -= 2U;
        -: 1033:        }
        -: 1034:        {
    22664: 1035:        while (1) {
        -: 1036:                                               ;
    22664: 1037:          strstart ++;
    22664: 1038:          ins_h = ((ins_h << 5) ^ (unsigned int )window[(strstart + 3U) - 1U]) & ((unsigned int )(1 << 15) - 1U);
    22664: 1039:          hash_head = (IPos )*((prev + 32768) + ins_h);
    22664: 1040:          prev[strstart & 32767U] = (ush )hash_head;
    22664: 1041:          *((prev + 32768) + ins_h) = (ush )strstart;
    22664: 1042:          prev_length --;
    22664: 1043:          if (! (prev_length != 0U)) {
     4166: 1044:            goto while_break___0;
        -: 1045:          }
        -: 1046:        }
        -: 1047:        while_break___0: /* CIL Label */ ;
        -: 1048:        }
     4166: 1049:        match_available = 0;
     4166: 1050:        match_length = 2U;
     4166: 1051:        strstart ++;
        -: 1052:                    
        -: 1053:                                  
        -: 1054:                                                                     
        -: 1055:                  
        -: 1056:                                          
        -: 1057:           
        -: 1058:           
        -: 1059:                                                                         
        -: 1060:                                        
        -: 1061:           
        -: 1062:         
     4166: 1063:      } else {
      618: 1064:        goto _L;
        -: 1065:      }
    10949: 1066:    } else { //Added block
        -: 1067:    _L: 
     7401: 1068:    if (match_available) {
        -: 1069:      {
     3234: 1070:      tmp___3 = ct_tally(0, (int )window[strstart - 1U]);
        -: 1071:      }
        -: 1072:                    
        -: 1073:                                
        -: 1074:                                                                   
        -: 1075:                
        -: 1076:                                        
        -: 1077:         
        -: 1078:         
        -: 1079:                                                                       
        -: 1080:                                      
        -: 1081:         
        -: 1082:       
     3234: 1083:      strstart ++;
     3234: 1084:      lookahead --;
     3234: 1085:    } else {
     4167: 1086:      match_available = 1;
     4167: 1087:      strstart ++;
     4167: 1088:      lookahead --;
        -: 1089:    }
        -: 1090:    }
        -: 1091:    {
        -: 1092:              {
        -: 1093:                                           ;
        -: 1094:                             
        -: 1095:                           
        -: 1096:                               
        -: 1097:         
        -: 1098:              
        -: 1099:                             
        -: 1100:       
        -: 1101:      {
    11567: 1102:      fill_window();
        -: 1103:      }
    11567: 1104:    }
        -: 1105:    while_break___1: /* CIL Label */ ;
        -: 1106:    }
        -: 1107:  }
        -: 1108:  while_break: /* CIL Label */ ;
        -: 1109:  }
        -: 1110:                       {
        -: 1111:     
        -: 1112:
        1: 1113:    ct_tally(0, (int )window[strstart - 1U]);
        -: 1114:     
        -: 1115:
        -: 1116:  }
        -: 1117:                         {
        1: 1118:    tmp___4 = (char *)(& window[(unsigned int )block_start]);
        -: 1119:  }       
        -: 1120:                                  
        -: 1121:   
        -: 1122:  {
        1: 1123:  tmp___5 = flush_block(tmp___4, (ulg )((long )strstart - block_start), 1);
        -: 1124:  }
        -: 1125:                   
        -: 1126:}
        1: 1127:}
        -: 1128:extern  __attribute__((__nothrow__)) int ( __attribute__((__nonnull__(1), __leaf__)) atoi)(char const   *__nptr )  __attribute__((__pure__)) ;
        -: 1129:extern  __attribute__((__nothrow__)) void *( __attribute__((__leaf__)) malloc)(size_t __size )  __attribute__((__malloc__)) ;
        -: 1130:extern  __attribute__((__nothrow__)) void *( __attribute__((__leaf__)) calloc)(size_t __nmemb ,
        -: 1131:                                                                               size_t __size )  __attribute__((__malloc__)) ;
        -: 1132:extern  __attribute__((__nothrow__)) void ( __attribute__((__leaf__)) free)(void *__ptr ) ;
        -: 1133:extern  __attribute__((__nothrow__, __noreturn__)) void ( __attribute__((__leaf__)) exit)(int __status ) ;
        -: 1134:extern  __attribute__((__nothrow__)) char *( __attribute__((__nonnull__(1), __leaf__)) getenv)(char const   *__name ) ;
        -: 1135:int huft_build(unsigned int *b , unsigned int n , unsigned int s , ush *d , ush *e ,
        -: 1136:               struct huft **t , int *m ) ;
        -: 1137:int huft_free(struct huft *t ) ;
        -: 1138:int inflate_codes(struct huft *tl , struct huft *td , int bl , int bd ) ;
        -: 1139:int inflate_stored(void) ;
        -: 1140:int inflate_fixed(void) ;
        -: 1141:int inflate_dynamic(void) ;
        -: 1142:int inflate_block(int *e ) ;
        -: 1143:static unsigned int border[19]  = 
        -: 1144:  {      16U,      17U,      18U,      0U, 
        -: 1145:        8U,      7U,      9U,      6U, 
        -: 1146:        10U,      5U,      11U,      4U, 
        -: 1147:        12U,      3U,      13U,      2U, 
        -: 1148:        14U,      1U,      15U};
        -: 1149:static ush cplens[31]  = 
        -: 1150:  {      (ush )3,      (ush )4,      (ush )5,      (ush )6, 
        -: 1151:        (ush )7,      (ush )8,      (ush )9,      (ush )10, 
        -: 1152:        (ush )11,      (ush )13,      (ush )15,      (ush )17, 
        -: 1153:        (ush )19,      (ush )23,      (ush )27,      (ush )31, 
        -: 1154:        (ush )35,      (ush )43,      (ush )51,      (ush )59, 
        -: 1155:        (ush )67,      (ush )83,      (ush )99,      (ush )115, 
        -: 1156:        (ush )131,      (ush )163,      (ush )195,      (ush )227, 
        -: 1157:        (ush )258,      (ush )0,      (ush )0};
        -: 1158:static ush cplext[31]  = 
        -: 1159:  {      (ush )0,      (ush )0,      (ush )0,      (ush )0, 
        -: 1160:        (ush )0,      (ush )0,      (ush )0,      (ush )0, 
        -: 1161:        (ush )1,      (ush )1,      (ush )1,      (ush )1, 
        -: 1162:        (ush )2,      (ush )2,      (ush )2,      (ush )2, 
        -: 1163:        (ush )3,      (ush )3,      (ush )3,      (ush )3, 
        -: 1164:        (ush )4,      (ush )4,      (ush )4,      (ush )4, 
        -: 1165:        (ush )5,      (ush )5,      (ush )5,      (ush )5, 
        -: 1166:        (ush )0,      (ush )99,      (ush )99};
        -: 1167:static ush cpdist[30]  = 
        -: 1168:  {      (ush )1,      (ush )2,      (ush )3,      (ush )4, 
        -: 1169:        (ush )5,      (ush )7,      (ush )9,      (ush )13, 
        -: 1170:        (ush )17,      (ush )25,      (ush )33,      (ush )49, 
        -: 1171:        (ush )65,      (ush )97,      (ush )129,      (ush )193, 
        -: 1172:        (ush )257,      (ush )385,      (ush )513,      (ush )769, 
        -: 1173:        (ush )1025,      (ush )1537,      (ush )2049,      (ush )3073, 
        -: 1174:        (ush )4097,      (ush )6145,      (ush )8193,      (ush )12289, 
        -: 1175:        (ush )16385,      (ush )24577};
        -: 1176:static ush cpdext[30]  = 
        -: 1177:  {      (ush )0,      (ush )0,      (ush )0,      (ush )0, 
        -: 1178:        (ush )1,      (ush )1,      (ush )2,      (ush )2, 
        -: 1179:        (ush )3,      (ush )3,      (ush )4,      (ush )4, 
        -: 1180:        (ush )5,      (ush )5,      (ush )6,      (ush )6, 
        -: 1181:        (ush )7,      (ush )7,      (ush )8,      (ush )8, 
        -: 1182:        (ush )9,      (ush )9,      (ush )10,      (ush )10, 
        -: 1183:        (ush )11,      (ush )11,      (ush )12,      (ush )12, 
        -: 1184:        (ush )13,      (ush )13};
        -: 1185:ulg bb  ;
        -: 1186:unsigned int bk  ;
        -: 1187:ush mask_bits[17]  = 
        -: 1188:  {      (ush )0,      (ush )1,      (ush )3,      (ush )7, 
        -: 1189:        (ush )15,      (ush )31,      (ush )63,      (ush )127, 
        -: 1190:        (ush )255,      (ush )511,      (ush )1023,      (ush )2047, 
        -: 1191:        (ush )4095,      (ush )8191,      (ush )16383,      (ush )32767, 
        -: 1192:        (ush )65535};
        -: 1193:int lbits  =    9;
        -: 1194:int dbits  =    6;
        -: 1195:unsigned int hufts  ;
    #####: 1196:int huft_build(unsigned int *b , unsigned int n , unsigned int s , ush *d , ush *e ,
        -: 1197:               struct huft **t , int *m ) 
        -: 1198:{ 
        -: 1199:  unsigned int a ;
        -: 1200:  unsigned int c[17] ;
        -: 1201:  unsigned int f ;
        -: 1202:  int g ;
        -: 1203:  int h ;
        -: 1204:  register unsigned int i___0 ;
        -: 1205:  register unsigned int j___0 ;
        -: 1206:  register int k ;
        -: 1207:  int l ;
        -: 1208:  register unsigned int *p ;
        -: 1209:  register struct huft *q ;
        -: 1210:  struct huft r ;
        -: 1211:  struct huft *u[16] ;
        -: 1212:  unsigned int v[288] ;
        -: 1213:  register int w ;
        -: 1214:  unsigned int x[17] ;
        -: 1215:  unsigned int *xp ;
        -: 1216:  int y ;
        -: 1217:  unsigned int z ;
        -: 1218:  unsigned int *tmp ;
        -: 1219:  unsigned int *tmp___0 ;
        -: 1220:  unsigned int tmp___1 ;
        -: 1221:  unsigned int *tmp___2 ;
        -: 1222:  void *tmp___3 ;
        -: 1223:  int tmp___4 ;
        -: 1224:  unsigned int *tmp___5 ;
        -: 1225:  unsigned int tmp___6 ;
        -: 1226:  int tmp___7 ;
        -: 1227:
        -: 1228:  {
        -: 1229:  {
    #####: 1230:  memset((voidp )(c), 0, sizeof(c));
    #####: 1231:  p = b;
    #####: 1232:  i___0 = n;
        -: 1233:  }
        -: 1234:  {
    #####: 1235:  while (1) {
        -: 1236:                                     ;
    #####: 1237:    (c[*p]) ++;
    #####: 1238:    p ++;
    #####: 1239:    i___0 --;
    #####: 1240:    if (! i___0) {
    #####: 1241:      goto while_break;
        -: 1242:    }
        -: 1243:  }
        -: 1244:  while_break: /* CIL Label */ ;
        -: 1245:  }
        -: 1246:                  
        -: 1247:                                    
        -: 1248:           
        -: 1249:               
        -: 1250:   
    #####: 1251:  l = *m;
    #####: 1252:  j___0 = 1U;
        -: 1253:   
        -: 1254:             
        -: 1255:                                          
        -: 1256:                           
        -: 1257:                           
        -: 1258:     
        -: 1259:                   
        -: 1260:                           
        -: 1261:     
        -: 1262:             
        -: 1263:   
        -: 1264:                                    
        -: 1265:   
    #####: 1266:  k = (int )j___0;
        -: 1267:                                 
        -: 1268:                    
        -: 1269:   
    #####: 1270:  i___0 = 16U;
        -: 1271:  {
    #####: 1272:  while (1) {
        -: 1273:                                         ;
        -: 1274:                  
        -: 1275:                           
        -: 1276:     
    #####: 1277:    if (c[i___0]) {
    #####: 1278:      goto while_break___1;
        -: 1279:    }
    #####: 1280:    i___0 --;
        -: 1281:  }
        -: 1282:  while_break___1: /* CIL Label */ ;
        -: 1283:  }
    #####: 1284:  g = (int )i___0;
        -: 1285:                                {
    #####: 1286:    l = (int )i___0;
        -: 1287:  }
    #####: 1288:  *m = l;
    #####: 1289:  y = 1 << j___0;
        -: 1290:  {
        -: 1291:            {
        -: 1292:                                         ;
        -: 1293:                            
        -: 1294:                           
        -: 1295:     
        -: 1296:                                            
        -: 1297:                
        -: 1298:                 
        -: 1299:     
        -: 1300:             
        -: 1301:            
    #####: 1302:  }
        -: 1303:  while_break___2: /* CIL Label */ ;
        -: 1304:  }
    #####: 1305:  y = (int )((unsigned int )y - c[i___0]);
        -: 1306:              
        -: 1307:               
        -: 1308:   
        -: 1309:                               
    #####: 1310:  j___0 = 0U;
        -: 1311:               
    #####: 1312:  p = c + 1;
    #####: 1313:  xp = x + 2;
        -: 1314:  {
    #####: 1315:  while (1) {
        -: 1316:                                         ;
    #####: 1317:    i___0 --;
    #####: 1318:    if (! i___0) {
    #####: 1319:      goto while_break___3;
        -: 1320:    }
    #####: 1321:    tmp = xp;
    #####: 1322:    xp ++;
    #####: 1323:    tmp___0 = p;
    #####: 1324:    p ++;
    #####: 1325:    j___0 += *tmp___0;
    #####: 1326:    *tmp = j___0;
        -: 1327:  }
        -: 1328:  while_break___3: /* CIL Label */ ;
        -: 1329:  }
    #####: 1330:  p = b;
        -: 1331:             
        -: 1332:  {
    #####: 1333:  while (1) {
        -: 1334:                                         ;
    #####: 1335:    tmp___2 = p;
    #####: 1336:    p ++;
    #####: 1337:    j___0 = *tmp___2;
    #####: 1338:    if (j___0 != 0U) {
    #####: 1339:      tmp___1 = x[j___0];
    #####: 1340:      (x[j___0]) ++;
    #####: 1341:      v[tmp___1] = i___0;
    #####: 1342:    }
    #####: 1343:    i___0 ++;
    #####: 1344:    if (! (i___0 < n)) {
    #####: 1345:      goto while_break___4;
        -: 1346:    }
        -: 1347:  }
        -: 1348:  while_break___4: /* CIL Label */ ;
        -: 1349:  }
        -: 1350:           
    #####: 1351:  i___0 = 0U;
    #####: 1352:  x[0] = i___0;
    #####: 1353:  p = v;
    #####: 1354:  h = -1;
    #####: 1355:  w = - l;
        -: 1356:                                    
        -: 1357:                                 
        -: 1358:         
        -: 1359:  {
    #####: 1360:  while (1) {
        -: 1361:                                         ;
    #####: 1362:    if (! (k <= g)) {
    #####: 1363:      goto while_break___5;
        -: 1364:    }
    #####: 1365:    a = c[k];
        -: 1366:    {
    #####: 1367:    while (1) {
        -: 1368:                                           ;
    #####: 1369:      tmp___6 = a;
    #####: 1370:      a --;
    #####: 1371:      if (! tmp___6) {
    #####: 1372:        goto while_break___6;
        -: 1373:      }
        -: 1374:      {
        -: 1375:                {
        -: 1376:                                             ;
    #####: 1377:        if (! (k > w + l)) {
    #####: 1378:          goto while_break___7;
        -: 1379:        }
        -: 1380:             
    #####: 1381:        w += l;
        -: 1382:                                   
        -: 1383:                                   
        -: 1384:                               
        -: 1385:                
        -: 1386:                
        -: 1387:         
        -: 1388:                                       
    #####: 1389:        f = (unsigned int )(1 << j___0);
    #####: 1390:        if (f > a + 1U) {
        -: 1391:                      
    #####: 1392:          xp = c + k;
        -: 1393:                         {
        -: 1394:             
        -: 1395:
    #####: 1396:            while (1) {
        -: 1397:                                                   ;
    #####: 1398:              j___0 ++;
        -: 1399:                                  
        -: 1400:                                     
        -: 1401:               
        -: 1402:                      
    #####: 1403:              xp ++;
    #####: 1404:              if (f <= *xp) {
    #####: 1405:                goto while_break___8;
        -: 1406:              }
        -: 1407:                       
        -: 1408:            }
        -: 1409:            while_break___8: /* CIL Label */ ;
        -: 1410:             
        -: 1411:
        -: 1412:          }
    #####: 1413:        }
        -: 1414:        {
    #####: 1415:        z = (unsigned int )(1 << j___0);
    #####: 1416:        tmp___3 = malloc((unsigned long )(z + 1U) * sizeof(struct huft ));
    #####: 1417:        q = (struct huft *)tmp___3;
        -: 1418:        }
        -: 1419:                                                                                
        -: 1420:                  
        -: 1421:             
        -: 1422:
        -: 1423:                            
        -: 1424:             
        -: 1425:
        -: 1426:           
        -: 1427:                     
        -: 1428:         
        -: 1429:                        
    #####: 1430:        *t = q + 1;
    #####: 1431:        t = & q->v.t;
    #####: 1432:        *t = (struct huft *)((void *)0);
    #####: 1433:        q ++;
        -: 1434:                 
        -: 1435:                
        -: 1436:                       
        -: 1437:                        
        -: 1438:                                    
        -: 1439:                    
        -: 1440:                                   
        -: 1441:                                  
        -: 1442:         
    #####: 1443:      }
        -: 1444:      while_break___7: /* CIL Label */ ;
        -: 1445:      }
    #####: 1446:      r.b = (uch )(k - w);
        -: 1447:                                                         
        -: 1448:                       
        -: 1449:             { //Added block
    #####: 1450:      if (*p < s) {
    #####: 1451:        if (*p < 256U) {
    #####: 1452:          tmp___4 = 16;
    #####: 1453:        } else {
    #####: 1454:          tmp___4 = 15;
        -: 1455:        }
    #####: 1456:        r.e = (uch )tmp___4;
    #####: 1457:        r.v.n = (ush )*p;
    #####: 1458:        p ++;
    #####: 1459:      } else {
    #####: 1460:        r.e = (uch )*(e + (*p - s));
    #####: 1461:        tmp___5 = p;
    #####: 1462:        p ++;
    #####: 1463:        r.v.n = *(d + (*tmp___5 - s));
        -: 1464:      }
        -: 1465:      }
    #####: 1466:      f = (unsigned int )(1 << (k - w));
    #####: 1467:      j___0 = i___0 >> w;
        -: 1468:      {
    #####: 1469:      while (1) {
        -: 1470:                                             ;
    #####: 1471:        if (! (j___0 < z)) {
    #####: 1472:          goto while_break___9;
        -: 1473:        }
    #####: 1474:        *(q + j___0) = r;
    #####: 1475:        j___0 += f;
        -: 1476:      }
        -: 1477:      while_break___9: /* CIL Label */ ;
        -: 1478:      }
    #####: 1479:      j___0 = (unsigned int )(1 << (k - 1));
        -: 1480:      {
    #####: 1481:      while (1) {
        -: 1482:                                              ;
    #####: 1483:        if (! (i___0 & j___0)) {
    #####: 1484:          goto while_break___10;
        -: 1485:        }
    #####: 1486:        i___0 ^= j___0;
    #####: 1487:        j___0 >>= 1;
        -: 1488:      }
        -: 1489:      while_break___10: /* CIL Label */ ;
        -: 1490:      }
    #####: 1491:      i___0 ^= j___0;
        -: 1492:       
        -: 1493:                 
        -: 1494:                                               
        -: 1495:                                                                  
        -: 1496:                                
        -: 1497:         
        -: 1498:             
        -: 1499:               
        -: 1500:       
        -: 1501:                                         
        -: 1502:       
        -: 1503:    }
        -: 1504:    while_break___6: /* CIL Label */ ;
        -: 1505:    }
    #####: 1506:    k ++;
        -: 1507:  }
        -: 1508:  while_break___5: /* CIL Label */ ;
        -: 1509:  }
        -: 1510:               
        -: 1511:                 
        -: 1512:                  
        -: 1513:            
        -: 1514:                  
        -: 1515:     
        -: 1516:         {
    #####: 1517:    tmp___7 = 0;
        -: 1518:  }
    #####: 1519:  return (tmp___7);
        -: 1520:}
        -: 1521:}
    #####: 1522:int huft_free(struct huft *t ) 
        -: 1523:{ 
        -: 1524:  register struct huft *p ;
        -: 1525:  register struct huft *q ;
        -: 1526:
        -: 1527:  {
    #####: 1528:  p = t;
        -: 1529:   
        -: 1530:             
        -: 1531:                                      
        -: 1532:                                                                                
        -: 1533:                       
        -: 1534:     
        -: 1535:     
        -: 1536:         
        -: 1537:               
        -: 1538:                              
        -: 1539:          
        -: 1540:     
        -: 1541:   
        -: 1542:                                
        -: 1543:   
    #####: 1544:  return (0);
        -: 1545:}
        -: 1546:}
    #####: 1547:int inflate_codes(struct huft *tl , struct huft *td , int bl , int bd ) 
        -: 1548:{ 
        -: 1549:  register unsigned int e ;
        -: 1550:  unsigned int n ;
        -: 1551:  unsigned int d ;
        -: 1552:  unsigned int w ;
        -: 1553:  struct huft *t ;
        -: 1554:  unsigned int ml ;
        -: 1555:  unsigned int md ;
        -: 1556:  register ulg b ;
        -: 1557:  register unsigned int k ;
        -: 1558:  unsigned int tmp ;
        -: 1559:  int tmp___0 ;
        -: 1560:  int tmp___1 ;
        -: 1561:  unsigned int tmp___2 ;
        -: 1562:  int tmp___3 ;
        -: 1563:  int tmp___4 ;
        -: 1564:  unsigned int tmp___5 ;
        -: 1565:  unsigned int tmp___6 ;
        -: 1566:  int tmp___7 ;
        -: 1567:  int tmp___8 ;
        -: 1568:  unsigned int tmp___9 ;
        -: 1569:  int tmp___10 ;
        -: 1570:  int tmp___11 ;
        -: 1571:  unsigned int tmp___12 ;
        -: 1572:  int tmp___13 ;
        -: 1573:  int tmp___14 ;
        -: 1574:  unsigned int tmp___15 ;
        -: 1575:  int tmp___16 ;
        -: 1576:  int tmp___17 ;
        -: 1577:  unsigned int tmp___19 ;
        -: 1578:  unsigned int tmp___20 ;
        -: 1579:  unsigned int tmp___21 ;
        -: 1580:
        -: 1581:  {
    #####: 1582:  b = bb;
    #####: 1583:  k = bk;
    #####: 1584:  w = outcnt;
    #####: 1585:  ml = (unsigned int )mask_bits[bl];
    #####: 1586:  md = (unsigned int )mask_bits[bd];
        -: 1587:  {
    #####: 1588:  while (1) {
        -: 1589:                                     ;
        -: 1590:    {
    #####: 1591:    while (1) {
        -: 1592:                                           ;
    #####: 1593:      if (! (k < (unsigned int )bl)) {
    #####: 1594:        goto while_break___0;
        -: 1595:      }
        -: 1596:                          {
    #####: 1597:        tmp = inptr;
    #####: 1598:        inptr ++;
    #####: 1599:        tmp___1 = (int )inbuf[tmp];
        -: 1600:      }       
        -: 1601:         
        -: 1602:
        -: 1603:                                
        -: 1604:                          
        -: 1605:         
        -: 1606:
        -: 1607:       
    #####: 1608:      b |= (ulg )((uch )tmp___1) << k;
    #####: 1609:      k += 8U;
        -: 1610:    }
        -: 1611:    while_break___0: /* CIL Label */ ;
        -: 1612:    }
    #####: 1613:    t = tl + ((unsigned int )b & ml);
    #####: 1614:    e = (unsigned int )t->e;
        -: 1615:                  
        -: 1616:       
        -: 1617:
        -: 1618:                 
        -: 1619:                                              
        -: 1620:                       
        -: 1621:                     
        -: 1622:         
        -: 1623:                         
        -: 1624:                                 
        -: 1625:                 
        -: 1626:         
        -: 1627:                   
        -: 1628:                                                
        -: 1629:                          
        -: 1630:                                 
        -: 1631:           
        -: 1632:                               
        -: 1633:                            
        -: 1634:                     
        -: 1635:                                           
        -: 1636:                  
        -: 1637:             
        -: 1638:
        -: 1639:                                    
        -: 1640:                              
        -: 1641:             
        -: 1642:
        -: 1643:           
        -: 1644:                                          
        -: 1645:                  
        -: 1646:         
        -: 1647:                                          
        -: 1648:         
        -: 1649:                                                                      
        -: 1650:                                
        -: 1651:                          
        -: 1652:                               
        -: 1653:         
        -: 1654:       
        -: 1655:                                        
        -: 1656:       
        -: 1657:
        -: 1658:     
    #####: 1659:    b >>= (int )t->b;
    #####: 1660:    k -= (unsigned int )t->b;
    #####: 1661:    if (e == 16U) {
    #####: 1662:      tmp___5 = w;
    #####: 1663:      w ++;
    #####: 1664:      window[tmp___5] = (uch )t->v.n;
    #####: 1665:      if (w == 32768U) {
        -: 1666:         
        -: 1667:
    #####: 1668:        outcnt = w;
    #####: 1669:        flush_window();
    #####: 1670:        w = 0U;
        -: 1671:         
        -: 1672:
    #####: 1673:      }
    #####: 1674:    } else {
    #####: 1675:      if (e == 15U) {
    #####: 1676:        goto while_break;
        -: 1677:      }
        -: 1678:      {
        -: 1679:                {
        -: 1680:                                             ;
        -: 1681:                        
        -: 1682:                               
        -: 1683:         
    #####: 1684:        if (inptr < insize) {
    #####: 1685:          tmp___6 = inptr;
    #####: 1686:          inptr ++;
    #####: 1687:          tmp___8 = (int )inbuf[tmp___6];
    #####: 1688:        } else {
        -: 1689:           
        -: 1690:
        -: 1691:                                  
        -: 1692:                            
        -: 1693:           
        -: 1694:
        -: 1695:        }
    #####: 1696:        b |= (ulg )((uch )tmp___8) << k;
    #####: 1697:        k += 8U;
    #####: 1698:      }
        -: 1699:      while_break___3: /* CIL Label */ ;
        -: 1700:      }
    #####: 1701:      n = (unsigned int )t->v.n + ((unsigned int )b & (unsigned int )mask_bits[e]);
    #####: 1702:      b >>= e;
    #####: 1703:      k -= e;
        -: 1704:      {
    #####: 1705:      while (1) {
        -: 1706:                                             ;
    #####: 1707:        if (! (k < (unsigned int )bd)) {
    #####: 1708:          goto while_break___4;
        -: 1709:        }
    #####: 1710:        if (inptr < insize) {
    #####: 1711:          tmp___9 = inptr;
    #####: 1712:          inptr ++;
    #####: 1713:          tmp___11 = (int )inbuf[tmp___9];
    #####: 1714:        } else {
        -: 1715:           
        -: 1716:
    #####: 1717:          tmp___10 = fill_inbuf(0);
    #####: 1718:          tmp___11 = tmp___10;
        -: 1719:           
        -: 1720:
        -: 1721:        }
    #####: 1722:        b |= (ulg )((uch )tmp___11) << k;
    #####: 1723:        k += 8U;
        -: 1724:      }
        -: 1725:      while_break___4: /* CIL Label */ ;
        -: 1726:      }
    #####: 1727:      t = td + ((unsigned int )b & md);
    #####: 1728:      e = (unsigned int )t->e;
    #####: 1729:      if (e > 16U) {
        -: 1730:         
        -: 1731:
    #####: 1732:        while (1) {
        -: 1733:                                               ;
    #####: 1734:          if (e == 99U) {
        -: 1735:                       
    #####: 1736:          }
        -: 1737:                           
        -: 1738:                                   
        -: 1739:                   
        -: 1740:           
        -: 1741:                     
        -: 1742:                                                  
        -: 1743:                            
        -: 1744:                                   
        -: 1745:             
        -: 1746:                                 
        -: 1747:                               
        -: 1748:                       
        -: 1749:                                               
        -: 1750:                    
        -: 1751:               
        -: 1752:
        -: 1753:                                       
        -: 1754:                                  
        -: 1755:               
        -: 1756:
        -: 1757:             
        -: 1758:                                             
        -: 1759:                    
        -: 1760:           
        -: 1761:                                            
        -: 1762:           
        -: 1763:                                                                        
        -: 1764:                                  
        -: 1765:                            
        -: 1766:                                 
        -: 1767:           
        -: 1768:        }
        -: 1769:        while_break___5: /* CIL Label */ ;
        -: 1770:         
        -: 1771:
    #####: 1772:      }
    #####: 1773:      b >>= (int )t->b;
    #####: 1774:      k -= (unsigned int )t->b;
        -: 1775:      {
    #####: 1776:      while (1) {
        -: 1777:                                             ;
    #####: 1778:        if (! (k < e)) {
    #####: 1779:          goto while_break___7;
        -: 1780:        }
        -: 1781:                            {
    #####: 1782:          tmp___15 = inptr;
    #####: 1783:          inptr ++;
    #####: 1784:          tmp___17 = (int )inbuf[tmp___15];
        -: 1785:        }       
        -: 1786:           
        -: 1787:
        -: 1788:                                   
        -: 1789:                              
        -: 1790:           
        -: 1791:
        -: 1792:         
    #####: 1793:        b |= (ulg )((uch )tmp___17) << k;
    #####: 1794:        k += 8U;
        -: 1795:      }
        -: 1796:      while_break___7: /* CIL Label */ ;
        -: 1797:      }
    #####: 1798:      d = (w - (unsigned int )t->v.n) - ((unsigned int )b & (unsigned int )mask_bits[e]);
    #####: 1799:      b >>= e;
    #####: 1800:      k -= e;
        -: 1801:      {
    #####: 1802:      while (1) {
        -: 1803:                                             ;
    #####: 1804:        d &= 32767U;
    #####: 1805:        if (d > w) {
    #####: 1806:          tmp___19 = d;
    #####: 1807:        } else {
    #####: 1808:          tmp___19 = w;
        -: 1809:        }
    #####: 1810:        e = 32768U - tmp___19;
    #####: 1811:        if (e > n) {
    #####: 1812:          e = n;
    #####: 1813:        } else {
    #####: 1814:          e = e;
        -: 1815:        }
    #####: 1816:        n -= e;
    #####: 1817:        if (w - d >= e) {
        -: 1818:           
        -: 1819:
    #####: 1820:          memcpy((void * __restrict  )(window + w), (void const   * __restrict  )(window + d),
    #####: 1821:                 (size_t )e);
    #####: 1822:          w += e;
    #####: 1823:          d += e;
        -: 1824:           
        -: 1825:
    #####: 1826:        } else {
        -: 1827:           
        -: 1828:
    #####: 1829:          while (1) {
        -: 1830:                                                 ;
    #####: 1831:            tmp___20 = w;
    #####: 1832:            w ++;
    #####: 1833:            tmp___21 = d;
    #####: 1834:            d ++;
    #####: 1835:            window[tmp___20] = window[tmp___21];
    #####: 1836:            e --;
    #####: 1837:            if (! e) {
    #####: 1838:              goto while_break___9;
        -: 1839:            }
        -: 1840:          }
        -: 1841:          while_break___9: /* CIL Label */ ;
        -: 1842:           
        -: 1843:
        -: 1844:        }
    #####: 1845:        if (w == 32768U) {
        -: 1846:           
        -: 1847:
    #####: 1848:          outcnt = w;
    #####: 1849:          flush_window();
    #####: 1850:          w = 0U;
        -: 1851:           
        -: 1852:
    #####: 1853:        }
    #####: 1854:        if (! n) {
    #####: 1855:          goto while_break___8;
        -: 1856:        }
        -: 1857:      }
        -: 1858:      while_break___8: /* CIL Label */ ;
        -: 1859:      }
        -: 1860:    }
        -: 1861:  }
        -: 1862:  while_break: /* CIL Label */ ;
        -: 1863:  }
    #####: 1864:  outcnt = w;
    #####: 1865:  bb = b;
    #####: 1866:  bk = k;
    #####: 1867:  return (0);
        -: 1868:}
        -: 1869:}
    #####: 1870:int inflate_stored(void) 
        -: 1871:{ 
        -: 1872:  unsigned int n ;
        -: 1873:  unsigned int w ;
        -: 1874:  register ulg b ;
        -: 1875:  register unsigned int k ;
        -: 1876:  unsigned int tmp ;
        -: 1877:  int tmp___0 ;
        -: 1878:  int tmp___1 ;
        -: 1879:  unsigned int tmp___2 ;
        -: 1880:  int tmp___3 ;
        -: 1881:  int tmp___4 ;
        -: 1882:  unsigned int tmp___5 ;
        -: 1883:  int tmp___6 ;
        -: 1884:  int tmp___7 ;
        -: 1885:  unsigned int tmp___8 ;
        -: 1886:  unsigned int tmp___9 ;
        -: 1887:
        -: 1888:  {
        -: 1889:         
        -: 1890:         
    #####: 1891:  w = outcnt;
    #####: 1892:  n = k & 7U;
    #####: 1893:  b >>= n;
    #####: 1894:  k -= n;
        -: 1895:  {
    #####: 1896:  while (1) {
        -: 1897:                                     ;
    #####: 1898:    if (! (k < 16U)) {
    #####: 1899:      goto while_break;
        -: 1900:    }
        -: 1901:                        {
    #####: 1902:      tmp = inptr;
    #####: 1903:      inptr ++;
    #####: 1904:      tmp___1 = (int )inbuf[tmp];
        -: 1905:    }       
        -: 1906:       
        -: 1907:
        -: 1908:                              
        -: 1909:                        
        -: 1910:       
        -: 1911:
        -: 1912:     
    #####: 1913:    b |= (ulg )((uch )tmp___1) << k;
    #####: 1914:    k += 8U;
        -: 1915:  }
        -: 1916:  while_break: /* CIL Label */ ;
        -: 1917:  }
    #####: 1918:  n = (unsigned int )b & 65535U;
    #####: 1919:  b >>= 16;
    #####: 1920:  k -= 16U;
        -: 1921:  {
    #####: 1922:  while (1) {
        -: 1923:                                         ;
    #####: 1924:    if (! (k < 16U)) {
    #####: 1925:      goto while_break___0;
        -: 1926:    }
        -: 1927:                        {
    #####: 1928:      tmp___2 = inptr;
    #####: 1929:      inptr ++;
[...]
        -: 9162:    {
    #####: 9163:    tmp___1 = same_file(statb, & tstat);
        -: 9164:    }
    #####: 9165:    if (tmp___1) {
    #####: 9166:      tmp___2 = 1;
    #####: 9167:    } else {
    #####: 9168:      tmp___2 = 0;
        -: 9169:    }
    #####: 9170:  } else {
    #####: 9171:    tmp___2 = 0;
        -: 9172:  }
    #####: 9173:  res = tmp___2;
    #####: 9174:  *(name + (s - 1)) = c;
    #####: 9175:  return (res);
        -: 9176:}
        -: 9177:}
    #####: 9178:static void shorten_name(char *name ) 
        -: 9179:{ 
        -: 9180:  int len ;
        -: 9181:  char *trunc ;
        -: 9182:  int plen ;
        -: 9183:  int min_part ;
        -: 9184:  char *p ;
        -: 9185:  size_t tmp ;
        -: 9186:  int tmp___0 ;
        -: 9187:  size_t tmp___1 ;
        -: 9188:  char *tmp___2 ;
        -: 9189:
        -: 9190:  {
        -: 9191:  {
    #####: 9192:  trunc = (char *)((void *)0);
    #####: 9193:  min_part = 3;
    #####: 9194:  tmp = strlen((char const   *)name);
    #####: 9195:  len = (int )tmp;
        -: 9196:  }
    #####: 9197:  if (decompress) {
    #####: 9198:    if (len <= 1) {
        -: 9199:       
        -: 9200:
    #####: 9201:      error((char *)"name too short");
        -: 9202:       
        -: 9203:
    #####: 9204:    }
    #####: 9205:    *(name + (len - 1)) = (char )'\000';
    #####: 9206:    return;
        -: 9207:  }
        -: 9208:  {
    #####: 9209:  p = get_suffix(name);
        -: 9210:  }
    #####: 9211:  if ((unsigned long )p == (unsigned long )((void *)0)) {
        -: 9212:     
        -: 9213:
    #####: 9214:    error((char *)"can\'t recover suffix\n");
        -: 9215:     
        -: 9216:
    #####: 9217:  }
    #####: 9218:  *p = (char )'\000';
    #####: 9219:  save_orig_name = 1;
    #####: 9220:  if (len > 4) {
        -: 9221:    {
    #####: 9222:    tmp___0 = strcmp((char const   *)(p - 4), ".tar");
        -: 9223:    }
    #####: 9224:    if (tmp___0 == 0) {
        -: 9225:      {
    #####: 9226:      strcpy((char * __restrict  )(p - 4), (char const   * __restrict  )".tgz");
        -: 9227:      }
    #####: 9228:      return;
        -: 9229:    }
    #####: 9230:  }
        -: 9231:  {
    #####: 9232:  while (1) {
        -: 9233:                                     ;
        -: 9234:    {
    #####: 9235:    p = strrchr((char const   *)name, '/');
        -: 9236:    }
    #####: 9237:    if (p) {
    #####: 9238:      p ++;
    #####: 9239:    } else {
    #####: 9240:      p = name;
        -: 9241:    }
        -: 9242:    {
    #####: 9243:    while (1) {
        -: 9244:                                           ;
    #####: 9245:      if (! *p) {
    #####: 9246:        goto while_break___0;
        -: 9247:      }
        -: 9248:      {
    #####: 9249:      tmp___1 = strcspn((char const   *)p, ".");
    #####: 9250:      plen = (int )tmp___1;
    #####: 9251:      p += plen;
        -: 9252:      }
    #####: 9253:      if (plen > min_part) {
    #####: 9254:        trunc = p - 1;
    #####: 9255:      }
    #####: 9256:      if (*p) {
    #####: 9257:        p ++;
    #####: 9258:      }
        -: 9259:    }
        -: 9260:    while_break___0: /* CIL Label */ ;
        -: 9261:    }
    #####: 9262:    if ((unsigned long )trunc == (unsigned long )((void *)0)) {
    #####: 9263:      min_part --;
    #####: 9264:      if (! (min_part != 0)) {
    #####: 9265:        goto while_break;
        -: 9266:      }
    #####: 9267:    } else {
    #####: 9268:      goto while_break;
        -: 9269:    }
        -: 9270:  }
        -: 9271:  while_break: /* CIL Label */ ;
        -: 9272:  }
    #####: 9273:  if ((unsigned long )trunc != (unsigned long )((void *)0)) {
        -: 9274:    {
    #####: 9275:    while (1) {
        -: 9276:                                           ;
    #####: 9277:      *(trunc + 0) = *(trunc + 1);
    #####: 9278:      tmp___2 = trunc;
    #####: 9279:      trunc ++;
    #####: 9280:      if (! *tmp___2) {
    #####: 9281:        goto while_break___1;
        -: 9282:      }
        -: 9283:    }
        -: 9284:    while_break___1: /* CIL Label */ ;
        -: 9285:    }
    #####: 9286:    trunc --;
    #####: 9287:  } else {
        -: 9288:    {
    #####: 9289:    trunc = strrchr((char const   *)name, (int )*("." + 0));
        -: 9290:    }
    #####: 9291:    if ((unsigned long )trunc == (unsigned long )((void *)0)) {
        -: 9292:       
        -: 9293:
    #####: 9294:      error((char *)"internal error in shorten_name");
        -: 9295:       
        -: 9296:
    #####: 9297:    }
    #####: 9298:    if ((int )*(trunc + 1) == 0) {
    #####: 9299:      trunc --;
    #####: 9300:    }
        -: 9301:  }
        -: 9302:  {
    #####: 9303:  strcpy((char * __restrict  )trunc, (char const   * __restrict  )z_suffix);
        -: 9304:  }
    #####: 9305:  return;
        -: 9306:}
    #####: 9307:}
    #####: 9308:static int check_ofname(void) 
        -: 9309:{ 
        -: 9310:  struct stat ostat ;
        -: 9311:  int *tmp ;
        -: 9312:  int *tmp___0 ;
        -: 9313:  int tmp___1 ;
        -: 9314:  int tmp___2 ;
        -: 9315:  int tmp___3 ;
        -: 9316:  char const   *tmp___4 ;
        -: 9317:  int tmp___5 ;
        -: 9318:  int tmp___6 ;
        -: 9319:  char response[80] ;
        -: 9320:  int tmp___7 ;
        -: 9321:  int tmp___8 ;
        -: 9322:  int tmp___10 ;
        -: 9323:  int tmp___11 ;
        -: 9324:  unsigned short const   **tmp___12 ;
        -: 9325:  int tmp___13 ;
        -: 9326:
        -: 9327:  {
        -: 9328:  {
    #####: 9329:  tmp = __errno_location();
    #####: 9330:  *tmp = 0;
        -: 9331:  }
        -: 9332:  {
    #####: 9333:  while (1) {
        -: 9334:                                     ;
        -: 9335:    {
    #####: 9336:    tmp___1 = stat((char const   * __restrict  )(ofname), (struct stat * __restrict  )(& ostat));
        -: 9337:    }
    #####: 9338:    if (! (tmp___1 != 0)) {
    #####: 9339:      goto while_break;
        -: 9340:    }
        -: 9341:    {
    #####: 9342:    tmp___0 = __errno_location();
        -: 9343:    }
    #####: 9344:    if (*tmp___0 != 36) {
    #####: 9345:      return (0);
        -: 9346:    }
        -: 9347:    {
    #####: 9348:    shorten_name(ofname);
        -: 9349:    }
        -: 9350:  }
        -: 9351:  while_break: /* CIL Label */ ;
        -: 9352:  }
    #####: 9353:  if (! decompress) {
        -: 9354:    {
    #####: 9355:    tmp___3 = name_too_long(ofname, & ostat);
        -: 9356:    }
    #####: 9357:    if (tmp___3) {
        -: 9358:      {
    #####: 9359:      shorten_name(ofname);
    #####: 9360:      tmp___2 = stat((char const   * __restrict  )(ofname), (struct stat * __restrict  )(& ostat));
        -: 9361:      }
    #####: 9362:      if (tmp___2 != 0) {
    #####: 9363:        return (0);
        -: 9364:      }
    #####: 9365:    }
    #####: 9366:  }
        -: 9367:  {
    #####: 9368:  tmp___6 = same_file(& istat, & ostat);
        -: 9369:  }
    #####: 9370:  if (tmp___6) {
        -: 9371:    {
    #####: 9372:    tmp___5 = strcmp((char const   *)(ifname), (char const   *)(ofname));
        -: 9373:    }
    #####: 9374:    if (tmp___5 == 0) {
    #####: 9375:      if (decompress) {
    #####: 9376:        tmp___4 = "de";
    #####: 9377:      } else {
    #####: 9378:        tmp___4 = "";
        -: 9379:      }
        -: 9380:      {
    #####: 9381:      fprintf((FILE * __restrict  )stderr, (char const   * __restrict  )"%s: %s: cannot %scompress onto itself\n",
    #####: 9382:              progname, ifname, tmp___4);
        -: 9383:      }
    #####: 9384:    } else {
        -: 9385:       
        -: 9386:
    #####: 9387:      fprintf((FILE * __restrict  )stderr, (char const   * __restrict  )"%s: %s and %s are the same file\n",
    #####: 9388:              progname, ifname, ofname);
        -: 9389:       
        -: 9390:
        -: 9391:    }
    #####: 9392:    exit_code = 1;
    #####: 9393:    return (1);
        -: 9394:  }
    #####: 9395:  if (! force) {
        -: 9396:    {
    #####: 9397:    strcpy((char * __restrict  )(response), (char const   * __restrict  )"n");
    #####: 9398:    fprintf((FILE * __restrict  )stderr, (char const   * __restrict  )"%s: %s already exists;",
    #####: 9399:            progname, ofname);
        -: 9400:    }
    #####: 9401:    if (foreground) {
        -: 9402:      {
    #####: 9403:      tmp___7 = fileno(stdin);
    #####: 9404:      tmp___8 = isatty(tmp___7);
        -: 9405:      }
    #####: 9406:      if (tmp___8) {
        -: 9407:         
        -: 9408:
    #####: 9409:        fprintf((FILE * __restrict  )stderr, (char const   * __restrict  )" do you wish to overwrite (y or n)? ");
    #####: 9410:        fflush(stderr);
    #####: 9411:        fgets((char * __restrict  )(response), (int )(sizeof(response) - 1UL), (FILE * __restrict  )stdin);
        -: 9412:         
        -: 9413:
    #####: 9414:      }
    #####: 9415:    }
        -: 9416:    {
    #####: 9417:    tmp___12 = __ctype_b_loc();
        -: 9418:    }
    #####: 9419:    if ((int const   )*(*tmp___12 + (int )((unsigned char )response[0])) & 256) {
        -: 9420:       
        -: 9421:
    #####: 9422:      tmp___10 = tolower((int )((unsigned char )response[0]));
    #####: 9423:      tmp___11 = tmp___10;
        -: 9424:       
        -: 9425:
    #####: 9426:    } else {
    #####: 9427:      tmp___11 = (int )((unsigned char )response[0]);
        -: 9428:    }
    #####: 9429:    if (tmp___11 != 121) {
        -: 9430:      {
    #####: 9431:      fprintf((FILE * __restrict  )stderr, (char const   * __restrict  )"\tnot overwritten\n");
        -: 9432:      }
    #####: 9433:      if (exit_code == 0) {
    #####: 9434:        exit_code = 2;
    #####: 9435:      }
    #####: 9436:      return (1);
        -: 9437:    }
    #####: 9438:  }
        -: 9439:  {
    #####: 9440:  tmp___13 = xunlink(ofname);
        -: 9441:  }
    #####: 9442:  if (tmp___13) {
        -: 9443:    {
    #####: 9444:    progerror(ofname);
        -: 9445:    }
    #####: 9446:    return (1);
        -: 9447:  }
    #####: 9448:  return (0);
        -: 9449:}
    #####: 9450:}
    #####: 9451:static void reset_times(char *name , struct stat *statb ) 
        -: 9452:{ 
        -: 9453:  struct utimbuf timep ;
        -: 9454:  int e ;
        -: 9455:  int *tmp ;
        -: 9456:  int *tmp___0 ;
        -: 9457:  int tmp___1 ;
        -: 9458:
        -: 9459:  {
        -: 9460:  {
    #####: 9461:  timep.actime = statb->st_atim.tv_sec;
    #####: 9462:  timep.modtime = statb->st_mtim.tv_sec;
    #####: 9463:  tmp___1 = utime((char const   *)name, (struct utimbuf  const  *)(& timep));
        -: 9464:  }
    #####: 9465:  if (tmp___1) {
    #####: 9466:    if (! ((statb->st_mode & 61440U) == 16384U)) {
        -: 9467:      {
    #####: 9468:      tmp = __errno_location();
    #####: 9469:      e = *tmp;
        -: 9470:      }
    #####: 9471:      if (! quiet) {
        -: 9472:         
        -: 9473:
    #####: 9474:        fprintf((FILE * __restrict  )stderr, (char const   * __restrict  )"%s: ",
    #####: 9475:                progname);
        -: 9476:         
        -: 9477:
    #####: 9478:      }
    #####: 9479:      if (exit_code == 0) {
    #####: 9480:        exit_code = 2;
    #####: 9481:      }
    #####: 9482:      if (! quiet) {
        -: 9483:         
        -: 9484:
    #####: 9485:        tmp___0 = __errno_location();
    #####: 9486:        *tmp___0 = e;
    #####: 9487:        perror((char const   *)(ofname));
        -: 9488:         
        -: 9489:
    #####: 9490:      }
    #####: 9491:    }
    #####: 9492:  }
    #####: 9493:  return;
        -: 9494:}
        -: 9495:}
    #####: 9496:static void copy_stat(struct stat *ifstat ) 
        -: 9497:{ 
        -: 9498:  int e ;
        -: 9499:  int *tmp ;
        -: 9500:  int *tmp___0 ;
        -: 9501:  int tmp___1 ;
        -: 9502:  int e___0 ;
        -: 9503:  int *tmp___2 ;
        -: 9504:  int *tmp___3 ;
        -: 9505:  int tmp___4 ;
        -: 9506:
        -: 9507:  {
    #####: 9508:  if (decompress) {
    #####: 9509:    if (time_stamp != 0L) {
    #####: 9510:      if (ifstat->st_mtim.tv_sec != time_stamp) {
    #####: 9511:        ifstat->st_mtim.tv_sec = time_stamp;
    #####: 9512:        if (verbose > 1) {
        -: 9513:           
        -: 9514:
    #####: 9515:          fprintf((FILE * __restrict  )stderr, (char const   * __restrict  )"%s: time stamp restored\n",
        -: 9516:                  ofname);
        -: 9517:           
        -: 9518:
    #####: 9519:        }
    #####: 9520:      }
    #####: 9521:    }
    #####: 9522:  }
        -: 9523:  {
    #####: 9524:  reset_times(ofname, ifstat);
    #####: 9525:  tmp___1 = chmod((char const   *)(ofname), ifstat->st_mode & 4095U);
        -: 9526:  }
    #####: 9527:  if (tmp___1) {
        -: 9528:    {
    #####: 9529:    tmp = __errno_location();
    #####: 9530:    e = *tmp;
        -: 9531:    }
    #####: 9532:    if (! quiet) {
        -: 9533:       
        -: 9534:
    #####: 9535:      fprintf((FILE * __restrict  )stderr, (char const   * __restrict  )"%s: ", progname);
        -: 9536:       
        -: 9537:
    #####: 9538:    }
    #####: 9539:    if (exit_code == 0) {
    #####: 9540:      exit_code = 2;
    #####: 9541:    }
    #####: 9542:    if (! quiet) {
        -: 9543:       
        -: 9544:
    #####: 9545:      tmp___0 = __errno_location();
    #####: 9546:      *tmp___0 = e;
    #####: 9547:      perror((char const   *)(ofname));
        -: 9548:       
        -: 9549:
    #####: 9550:    }
    #####: 9551:  }
        -: 9552:  {
    #####: 9553:  chown((char const   *)(ofname), ifstat->st_uid, ifstat->st_gid);
    #####: 9554:  remove_ofname = 0;
    #####: 9555:  tmp___4 = xunlink(ifname);
        -: 9556:  }
    #####: 9557:  if (tmp___4) {
        -: 9558:    {
    #####: 9559:    tmp___2 = __errno_location();
    #####: 9560:    e___0 = *tmp___2;
        -: 9561:    }
    #####: 9562:    if (! quiet) {
        -: 9563:       
        -: 9564:
    #####: 9565:      fprintf((FILE * __restrict  )stderr, (char const   * __restrict  )"%s: ", progname);
        -: 9566:       
        -: 9567:
    #####: 9568:    }
    #####: 9569:    if (exit_code == 0) {
    #####: 9570:      exit_code = 2;
    #####: 9571:    }
    #####: 9572:    if (! quiet) {
        -: 9573:       
        -: 9574:
    #####: 9575:      tmp___3 = __errno_location();
    #####: 9576:      *tmp___3 = e___0;
    #####: 9577:      perror((char const   *)(ifname));
        -: 9578:       
        -: 9579:
    #####: 9580:    }
    #####: 9581:  }
    #####: 9582:  return;
        -: 9583:}
        -: 9584:}
    #####: 9585:static void treat_dir(char *dir ) 
        -: 9586:{ 
        -: 9587:  struct dirent *dp ;
        -: 9588:  DIR *dirp ;
        -: 9589:  char nbuf[1024] ;
        -: 9590:  int len ;
        -: 9591:  int tmp ;
        -: 9592:  int tmp___0 ;
        -: 9593:  size_t tmp___1 ;
        -: 9594:  int tmp___2 ;
        -: 9595:  size_t tmp___3 ;
        -: 9596:  int *tmp___4 ;
        -: 9597:  int *tmp___5 ;
        -: 9598:  int tmp___6 ;
        -: 9599:
        -: 9600:  {
        -: 9601:  {
    #####: 9602:  dirp = opendir((char const   *)dir);
        -: 9603:  }
    #####: 9604:  if ((unsigned long )dirp == (unsigned long )((void *)0)) {
        -: 9605:    {
    #####: 9606:    progerror(dir);
        -: 9607:    }
    #####: 9608:    return;
        -: 9609:  }
        -: 9610:  {
    #####: 9611:  while (1) {
        -: 9612:    while_continue: /* CIL Label */ ;
        -: 9613:    {
    #####: 9614:    tmp___4 = __errno_location();
    #####: 9615:    *tmp___4 = 0;
    #####: 9616:    dp = readdir(dirp);
        -: 9617:    }
    #####: 9618:    if (! ((unsigned long )dp != (unsigned long )((void *)0))) {
    #####: 9619:      goto while_break;
        -: 9620:    }
        -: 9621:    {
    #####: 9622:    tmp = strcmp((char const   *)(dp->d_name), ".");
        -: 9623:    }
    #####: 9624:    if (tmp == 0) {
    #####: 9625:      goto while_continue;
        -: 9626:    } else {
        -: 9627:      {
    #####: 9628:      tmp___0 = strcmp((char const   *)(dp->d_name), "..");
        -: 9629:      }
    #####: 9630:      if (tmp___0 == 0) {
    #####: 9631:        goto while_continue;
        -: 9632:      }
        -: 9633:    }
        -: 9634:    {
    #####: 9635:    tmp___1 = strlen((char const   *)dir);
    #####: 9636:    len = (int )tmp___1;
    #####: 9637:    tmp___3 = strlen((char const   *)(dp->d_name));
        -: 9638:    }
    #####: 9639:    if (((size_t )len + tmp___3) + 1UL < 1023UL) {
        -: 9640:      {
    #####: 9641:      strcpy((char * __restrict  )(nbuf), (char const   * __restrict  )dir);
        -: 9642:      }
    #####: 9643:      if (len != 0) {
    #####: 9644:        tmp___2 = len;
    #####: 9645:        len ++;
    #####: 9646:        nbuf[tmp___2] = (char )'/';
    #####: 9647:      }
        -: 9648:      {
    #####: 9649:      strcpy((char * __restrict  )(nbuf + len), (char const   * __restrict  )(dp->d_name));
    #####: 9650:      treat_file(nbuf);
        -: 9651:      }
    #####: 9652:    } else {
        -: 9653:       
        -: 9654:
    #####: 9655:      fprintf((FILE * __restrict  )stderr, (char const   * __restrict  )"%s: %s/%s: pathname too long\n",
    #####: 9656:              progname, dir, dp->d_name);
    #####: 9657:      exit_code = 1;
        -: 9658:       
        -: 9659:
        -: 9660:    }
        -: 9661:  }
        -: 9662:  while_break: /* CIL Label */ ;
        -: 9663:  }
        -: 9664:  {
    #####: 9665:  tmp___5 = __errno_location();
        -: 9666:  }
    #####: 9667:  if (*tmp___5 != 0) {
        -: 9668:     
        -: 9669:
    #####: 9670:    progerror(dir);
        -: 9671:     
        -: 9672:
    #####: 9673:  }
        -: 9674:  {
    #####: 9675:  tmp___6 = closedir(dirp);
        -: 9676:  }
    #####: 9677:  if (tmp___6 != 0) {
        -: 9678:     
        -: 9679:
    #####: 9680:    progerror(dir);
        -: 9681:     
        -: 9682:
    #####: 9683:  }
    #####: 9684:  return;
        -: 9685:}
    #####: 9686:}
        -: 9687:static int in_exit  =    0;
        1: 9688:static void do_exit(int exitcode ) 
        -: 9689:{ 
        -: 9690:
        -: 9691:
        -: 9692:   
        -: 9693:
        1: 9694:  if (in_exit) {
        -: 9695:     
        -: 9696:
    #####: 9697:    exit(exitcode);
        -: 9698:     
        -: 9699:
        -: 9700:  }
        1: 9701:  in_exit = 1;
        1: 9702:  if ((unsigned long )env != (unsigned long )((void *)0)) {
        -: 9703:     
        -: 9704:
    #####: 9705:    free((void *)env);
    #####: 9706:    env = (char *)((void *)0);
        -: 9707:     
        -: 9708:
    #####: 9709:  }
        1: 9710:  if ((unsigned long )args != (unsigned long )((void *)0)) {
        -: 9711:     
        -: 9712:
    #####: 9713:    free((void *)((char *)args));
    #####: 9714:    args = (char **)((void *)0);
        -: 9715:     
        -: 9716:
    #####: 9717:  }
        -: 9718:  {
        1: 9719:  exit(exitcode);
        -: 9720:  }
        -: 9721: 
        -: 9722:
        -: 9723:}
    #####: 9724:void abort_gzip(void) 
        -: 9725:{ 
        -: 9726:
        -: 9727:
        -: 9728:   
        -: 9729:
    #####: 9730:  if (remove_ofname) {
        -: 9731:     
        -: 9732:
    #####: 9733:    close(ofd);
    #####: 9734:    xunlink(ofname);
        -: 9735:     
        -: 9736:
    #####: 9737:  }
        -: 9738:  {
    #####: 9739:  do_exit(1);
        -: 9740:  }
    #####: 9741:  return;
        -: 9742: 
        -: 9743:
        -: 9744:}
        -: 9745:#pragma merger("0","/tmp/cil-Ls8epKGB.i","")
